<?xml version="1.0" ?>
<testsuites disabled="0" errors="0" failures="0" tests="56" time="58.484644412994385">
	<testsuite disabled="0" errors="0" failures="0" name="cs_ip_address-dm0kp3pw" skipped="0" tests="56" time="58.484644412994385">
		<testcase name="[testhost] testhost: Gathering Facts gather_subset=['all'], gather_timeout=10" time="0.940669">
			<system-out>{
&quot;ansible_facts&quot;: {
&quot;ansible_apparmor&quot;: {
&quot;status&quot;: &quot;disabled&quot;
},
&quot;ansible_architecture&quot;: &quot;x86_64&quot;,
&quot;ansible_bios_date&quot;: &quot;04/17/2019&quot;,
&quot;ansible_bios_vendor&quot;: &quot;American Megatrends Inc.&quot;,
&quot;ansible_bios_version&quot;: &quot;UX303UB.302&quot;,
&quot;ansible_board_asset_tag&quot;: &quot;ATN12345678901234567&quot;,
&quot;ansible_board_name&quot;: &quot;UX303UB&quot;,
&quot;ansible_board_serial&quot;: &quot;BSN12345678901234567&quot;,
&quot;ansible_board_vendor&quot;: &quot;ASUSTeK COMPUTER INC.&quot;,
&quot;ansible_board_version&quot;: &quot;1.0&quot;,
&quot;ansible_chassis_asset_tag&quot;: &quot;ATN12345678901234567&quot;,
&quot;ansible_chassis_serial&quot;: &quot;G1N0CJ020652033&quot;,
&quot;ansible_chassis_vendor&quot;: &quot;ASUSTeK COMPUTER INC.&quot;,
&quot;ansible_chassis_version&quot;: &quot;1.0&quot;,
&quot;ansible_cmdline&quot;: {
&quot;BOOT_IMAGE&quot;: &quot;/vmlinuz-5.8.0-38-generic&quot;,
&quot;quiet&quot;: true,
&quot;ro&quot;: true,
&quot;root&quot;: &quot;/dev/mapper/vgubuntu-root&quot;,
&quot;splash&quot;: true
},
&quot;ansible_date_time&quot;: {
&quot;date&quot;: &quot;2021-01-22&quot;,
&quot;day&quot;: &quot;22&quot;,
&quot;epoch&quot;: &quot;1611310765&quot;,
&quot;hour&quot;: &quot;10&quot;,
&quot;iso8601&quot;: &quot;2021-01-22T10:19:25Z&quot;,
&quot;iso8601_basic&quot;: &quot;20210122T101925509461&quot;,
&quot;iso8601_basic_short&quot;: &quot;20210122T101925&quot;,
&quot;iso8601_micro&quot;: &quot;2021-01-22T10:19:25.509461Z&quot;,
&quot;minute&quot;: &quot;19&quot;,
&quot;month&quot;: &quot;01&quot;,
&quot;second&quot;: &quot;25&quot;,
&quot;time&quot;: &quot;10:19:25&quot;,
&quot;tz&quot;: &quot;UTC&quot;,
&quot;tz_offset&quot;: &quot;+0000&quot;,
&quot;weekday&quot;: &quot;Friday&quot;,
&quot;weekday_number&quot;: &quot;5&quot;,
&quot;weeknumber&quot;: &quot;03&quot;,
&quot;year&quot;: &quot;2021&quot;
},
&quot;ansible_device_links&quot;: {
&quot;ids&quot;: {},
&quot;labels&quot;: {},
&quot;masters&quot;: {
&quot;dm-0&quot;: [
&quot;dm-1&quot;,
&quot;dm-2&quot;,
&quot;dm-3&quot;,
&quot;dm-4&quot;,
&quot;dm-5&quot;
],
&quot;sda3&quot;: [
&quot;dm-0&quot;
]
},
&quot;uuids&quot;: {}
},
&quot;ansible_devices&quot;: {
&quot;dm-0&quot;: {
&quot;holders&quot;: [
&quot;vgubuntu-root&quot;,
&quot;vgubuntu-docker&quot;,
&quot;vgubuntu-swap_1&quot;,
&quot;vgubuntu-snaps&quot;,
&quot;vgubuntu-home&quot;
],
&quot;host&quot;: &quot;&quot;,
&quot;links&quot;: {
&quot;ids&quot;: [],
&quot;labels&quot;: [],
&quot;masters&quot;: [
&quot;dm-1&quot;,
&quot;dm-2&quot;,
&quot;dm-3&quot;,
&quot;dm-4&quot;,
&quot;dm-5&quot;
],
&quot;uuids&quot;: []
},
&quot;model&quot;: null,
&quot;partitions&quot;: {},
&quot;removable&quot;: &quot;0&quot;,
&quot;rotational&quot;: &quot;0&quot;,
&quot;sas_address&quot;: null,
&quot;sas_device_handle&quot;: null,
&quot;scheduler_mode&quot;: &quot;&quot;,
&quot;sectors&quot;: &quot;497534976&quot;,
&quot;sectorsize&quot;: &quot;512&quot;,
&quot;size&quot;: &quot;237.24 GB&quot;,
&quot;support_discard&quot;: &quot;512&quot;,
&quot;vendor&quot;: null,
&quot;virtual&quot;: 1
},
&quot;dm-1&quot;: {
&quot;holders&quot;: [],
&quot;host&quot;: &quot;&quot;,
&quot;links&quot;: {
&quot;ids&quot;: [],
&quot;labels&quot;: [],
&quot;masters&quot;: [],
&quot;uuids&quot;: []
},
&quot;model&quot;: null,
&quot;partitions&quot;: {},
&quot;removable&quot;: &quot;0&quot;,
&quot;rotational&quot;: &quot;0&quot;,
&quot;sas_address&quot;: null,
&quot;sas_device_handle&quot;: null,
&quot;scheduler_mode&quot;: &quot;&quot;,
&quot;sectors&quot;: &quot;52428800&quot;,
&quot;sectorsize&quot;: &quot;512&quot;,
&quot;size&quot;: &quot;25.00 GB&quot;,
&quot;support_discard&quot;: &quot;512&quot;,
&quot;vendor&quot;: null,
&quot;virtual&quot;: 1
},
&quot;dm-2&quot;: {
&quot;holders&quot;: [],
&quot;host&quot;: &quot;&quot;,
&quot;links&quot;: {
&quot;ids&quot;: [],
&quot;labels&quot;: [],
&quot;masters&quot;: [],
&quot;uuids&quot;: []
},
&quot;model&quot;: null,
&quot;partitions&quot;: {},
&quot;removable&quot;: &quot;0&quot;,
&quot;rotational&quot;: &quot;0&quot;,
&quot;sas_address&quot;: null,
&quot;sas_device_handle&quot;: null,
&quot;scheduler_mode&quot;: &quot;&quot;,
&quot;sectors&quot;: &quot;8388608&quot;,
&quot;sectorsize&quot;: &quot;512&quot;,
&quot;size&quot;: &quot;4.00 GB&quot;,
&quot;support_discard&quot;: &quot;512&quot;,
&quot;vendor&quot;: null,
&quot;virtual&quot;: 1
},
&quot;dm-3&quot;: {
&quot;holders&quot;: [],
&quot;host&quot;: &quot;&quot;,
&quot;links&quot;: {
&quot;ids&quot;: [],
&quot;labels&quot;: [],
&quot;masters&quot;: [],
&quot;uuids&quot;: []
},
&quot;model&quot;: null,
&quot;partitions&quot;: {},
&quot;removable&quot;: &quot;0&quot;,
&quot;rotational&quot;: &quot;0&quot;,
&quot;sas_address&quot;: null,
&quot;sas_device_handle&quot;: null,
&quot;scheduler_mode&quot;: &quot;&quot;,
&quot;sectors&quot;: &quot;251658240&quot;,
&quot;sectorsize&quot;: &quot;512&quot;,
&quot;size&quot;: &quot;120.00 GB&quot;,
&quot;support_discard&quot;: &quot;512&quot;,
&quot;vendor&quot;: null,
&quot;virtual&quot;: 1
},
&quot;dm-4&quot;: {
&quot;holders&quot;: [],
&quot;host&quot;: &quot;&quot;,
&quot;links&quot;: {
&quot;ids&quot;: [],
&quot;labels&quot;: [],
&quot;masters&quot;: [],
&quot;uuids&quot;: []
},
&quot;model&quot;: null,
&quot;partitions&quot;: {},
&quot;removable&quot;: &quot;0&quot;,
&quot;rotational&quot;: &quot;0&quot;,
&quot;sas_address&quot;: null,
&quot;sas_device_handle&quot;: null,
&quot;scheduler_mode&quot;: &quot;&quot;,
&quot;sectors&quot;: &quot;83886080&quot;,
&quot;sectorsize&quot;: &quot;512&quot;,
&quot;size&quot;: &quot;40.00 GB&quot;,
&quot;support_discard&quot;: &quot;512&quot;,
&quot;vendor&quot;: null,
&quot;virtual&quot;: 1
},
&quot;dm-5&quot;: {
&quot;holders&quot;: [],
&quot;host&quot;: &quot;&quot;,
&quot;links&quot;: {
&quot;ids&quot;: [],
&quot;labels&quot;: [],
&quot;masters&quot;: [],
&quot;uuids&quot;: []
},
&quot;model&quot;: null,
&quot;partitions&quot;: {},
&quot;removable&quot;: &quot;0&quot;,
&quot;rotational&quot;: &quot;0&quot;,
&quot;sas_address&quot;: null,
&quot;sas_device_handle&quot;: null,
&quot;scheduler_mode&quot;: &quot;&quot;,
&quot;sectors&quot;: &quot;31457280&quot;,
&quot;sectorsize&quot;: &quot;512&quot;,
&quot;size&quot;: &quot;15.00 GB&quot;,
&quot;support_discard&quot;: &quot;512&quot;,
&quot;vendor&quot;: null,
&quot;virtual&quot;: 1
},
&quot;loop0&quot;: {
&quot;holders&quot;: [],
&quot;host&quot;: &quot;&quot;,
&quot;links&quot;: {
&quot;ids&quot;: [],
&quot;labels&quot;: [],
&quot;masters&quot;: [],
&quot;uuids&quot;: []
},
&quot;model&quot;: null,
&quot;partitions&quot;: {},
&quot;removable&quot;: &quot;0&quot;,
&quot;rotational&quot;: &quot;0&quot;,
&quot;sas_address&quot;: null,
&quot;sas_device_handle&quot;: null,
&quot;scheduler_mode&quot;: &quot;mq-deadline&quot;,
&quot;sectors&quot;: &quot;242432&quot;,
&quot;sectorsize&quot;: &quot;512&quot;,
&quot;size&quot;: &quot;118.38 MB&quot;,
&quot;support_discard&quot;: &quot;4096&quot;,
&quot;vendor&quot;: null,
&quot;virtual&quot;: 1
},
&quot;loop1&quot;: {
&quot;holders&quot;: [],
&quot;host&quot;: &quot;&quot;,
&quot;links&quot;: {
&quot;ids&quot;: [],
&quot;labels&quot;: [],
&quot;masters&quot;: [],
&quot;uuids&quot;: []
},
&quot;model&quot;: null,
&quot;partitions&quot;: {},
&quot;removable&quot;: &quot;0&quot;,
&quot;rotational&quot;: &quot;0&quot;,
&quot;sas_address&quot;: null,
&quot;sas_device_handle&quot;: null,
&quot;scheduler_mode&quot;: &quot;mq-deadline&quot;,
&quot;sectors&quot;: &quot;200416&quot;,
&quot;sectorsize&quot;: &quot;512&quot;,
&quot;size&quot;: &quot;97.86 MB&quot;,
&quot;support_discard&quot;: &quot;4096&quot;,
&quot;vendor&quot;: null,
&quot;virtual&quot;: 1
},
&quot;loop10&quot;: {
&quot;holders&quot;: [],
&quot;host&quot;: &quot;&quot;,
&quot;links&quot;: {
&quot;ids&quot;: [],
&quot;labels&quot;: [],
&quot;masters&quot;: [],
&quot;uuids&quot;: []
},
&quot;model&quot;: null,
&quot;partitions&quot;: {},
&quot;removable&quot;: &quot;0&quot;,
&quot;rotational&quot;: &quot;0&quot;,
&quot;sas_address&quot;: null,
&quot;sas_device_handle&quot;: null,
&quot;scheduler_mode&quot;: &quot;mq-deadline&quot;,
&quot;sectors&quot;: &quot;280&quot;,
&quot;sectorsize&quot;: &quot;512&quot;,
&quot;size&quot;: &quot;140.00 KB&quot;,
&quot;support_discard&quot;: &quot;4096&quot;,
&quot;vendor&quot;: null,
&quot;virtual&quot;: 1
},
&quot;loop11&quot;: {
&quot;holders&quot;: [],
&quot;host&quot;: &quot;&quot;,
&quot;links&quot;: {
&quot;ids&quot;: [],
&quot;labels&quot;: [],
&quot;masters&quot;: [],
&quot;uuids&quot;: []
},
&quot;model&quot;: null,
&quot;partitions&quot;: {},
&quot;removable&quot;: &quot;0&quot;,
&quot;rotational&quot;: &quot;0&quot;,
&quot;sas_address&quot;: null,
&quot;sas_device_handle&quot;: null,
&quot;scheduler_mode&quot;: &quot;mq-deadline&quot;,
&quot;sectors&quot;: &quot;225912&quot;,
&quot;sectorsize&quot;: &quot;512&quot;,
&quot;size&quot;: &quot;110.31 MB&quot;,
&quot;support_discard&quot;: &quot;4096&quot;,
&quot;vendor&quot;: null,
&quot;virtual&quot;: 1
},
&quot;loop12&quot;: {
&quot;holders&quot;: [],
&quot;host&quot;: &quot;&quot;,
&quot;links&quot;: {
&quot;ids&quot;: [],
&quot;labels&quot;: [],
&quot;masters&quot;: [],
&quot;uuids&quot;: []
},
&quot;model&quot;: null,
&quot;partitions&quot;: {},
&quot;removable&quot;: &quot;0&quot;,
&quot;rotational&quot;: &quot;0&quot;,
&quot;sas_address&quot;: null,
&quot;sas_device_handle&quot;: null,
&quot;scheduler_mode&quot;: &quot;mq-deadline&quot;,
&quot;sectors&quot;: &quot;104496&quot;,
&quot;sectorsize&quot;: &quot;512&quot;,
&quot;size&quot;: &quot;51.02 MB&quot;,
&quot;support_discard&quot;: &quot;4096&quot;,
&quot;vendor&quot;: null,
&quot;virtual&quot;: 1
},
&quot;loop13&quot;: {
&quot;holders&quot;: [],
&quot;host&quot;: &quot;&quot;,
&quot;links&quot;: {
&quot;ids&quot;: [],
&quot;labels&quot;: [],
&quot;masters&quot;: [],
&quot;uuids&quot;: []
},
&quot;model&quot;: null,
&quot;partitions&quot;: {},
&quot;removable&quot;: &quot;0&quot;,
&quot;rotational&quot;: &quot;0&quot;,
&quot;sas_address&quot;: null,
&quot;sas_device_handle&quot;: null,
&quot;scheduler_mode&quot;: &quot;mq-deadline&quot;,
&quot;sectors&quot;: &quot;446248&quot;,
&quot;sectorsize&quot;: &quot;512&quot;,
&quot;size&quot;: &quot;217.89 MB&quot;,
&quot;support_discard&quot;: &quot;4096&quot;,
&quot;vendor&quot;: null,
&quot;virtual&quot;: 1
},
&quot;loop14&quot;: {
&quot;holders&quot;: [],
&quot;host&quot;: &quot;&quot;,
&quot;links&quot;: {
&quot;ids&quot;: [],
&quot;labels&quot;: [],
&quot;masters&quot;: [],
&quot;uuids&quot;: []
},
&quot;model&quot;: null,
&quot;partitions&quot;: {},
&quot;removable&quot;: &quot;0&quot;,
&quot;rotational&quot;: &quot;0&quot;,
&quot;sas_address&quot;: null,
&quot;sas_device_handle&quot;: null,
&quot;scheduler_mode&quot;: &quot;mq-deadline&quot;,
&quot;sectors&quot;: &quot;198528&quot;,
&quot;sectorsize&quot;: &quot;512&quot;,
&quot;size&quot;: &quot;96.94 MB&quot;,
&quot;support_discard&quot;: &quot;4096&quot;,
&quot;vendor&quot;: null,
&quot;virtual&quot;: 1
},
&quot;loop15&quot;: {
&quot;holders&quot;: [],
&quot;host&quot;: &quot;&quot;,
&quot;links&quot;: {
&quot;ids&quot;: [],
&quot;labels&quot;: [],
&quot;masters&quot;: [],
&quot;uuids&quot;: []
},
&quot;model&quot;: null,
&quot;partitions&quot;: {},
&quot;removable&quot;: &quot;0&quot;,
&quot;rotational&quot;: &quot;0&quot;,
&quot;sas_address&quot;: null,
&quot;sas_device_handle&quot;: null,
&quot;scheduler_mode&quot;: &quot;mq-deadline&quot;,
&quot;sectors&quot;: &quot;63616&quot;,
&quot;sectorsize&quot;: &quot;512&quot;,
&quot;size&quot;: &quot;31.06 MB&quot;,
&quot;support_discard&quot;: &quot;4096&quot;,
&quot;vendor&quot;: null,
&quot;virtual&quot;: 1
},
&quot;loop16&quot;: {
&quot;holders&quot;: [],
&quot;host&quot;: &quot;&quot;,
&quot;links&quot;: {
&quot;ids&quot;: [],
&quot;labels&quot;: [],
&quot;masters&quot;: [],
&quot;uuids&quot;: []
},
&quot;model&quot;: null,
&quot;partitions&quot;: {},
&quot;removable&quot;: &quot;0&quot;,
&quot;rotational&quot;: &quot;0&quot;,
&quot;sas_address&quot;: null,
&quot;sas_device_handle&quot;: null,
&quot;scheduler_mode&quot;: &quot;mq-deadline&quot;,
&quot;sectors&quot;: &quot;63672&quot;,
&quot;sectorsize&quot;: &quot;512&quot;,
&quot;size&quot;: &quot;31.09 MB&quot;,
&quot;support_discard&quot;: &quot;4096&quot;,
&quot;vendor&quot;: null,
&quot;virtual&quot;: 1
},
&quot;loop17&quot;: {
&quot;holders&quot;: [],
&quot;host&quot;: &quot;&quot;,
&quot;links&quot;: {
&quot;ids&quot;: [],
&quot;labels&quot;: [],
&quot;masters&quot;: [],
&quot;uuids&quot;: []
},
&quot;model&quot;: null,
&quot;partitions&quot;: {},
&quot;removable&quot;: &quot;0&quot;,
&quot;rotational&quot;: &quot;0&quot;,
&quot;sas_address&quot;: null,
&quot;sas_device_handle&quot;: null,
&quot;scheduler_mode&quot;: &quot;mq-deadline&quot;,
&quot;sectors&quot;: &quot;1307528&quot;,
&quot;sectorsize&quot;: &quot;512&quot;,
&quot;size&quot;: &quot;638.44 MB&quot;,
&quot;support_discard&quot;: &quot;4096&quot;,
&quot;vendor&quot;: null,
&quot;virtual&quot;: 1
},
&quot;loop18&quot;: {
&quot;holders&quot;: [],
&quot;host&quot;: &quot;&quot;,
&quot;links&quot;: {
&quot;ids&quot;: [],
&quot;labels&quot;: [],
&quot;masters&quot;: [],
&quot;uuids&quot;: []
},
&quot;model&quot;: null,
&quot;partitions&quot;: {},
&quot;removable&quot;: &quot;0&quot;,
&quot;rotational&quot;: &quot;0&quot;,
&quot;sas_address&quot;: null,
&quot;sas_device_handle&quot;: null,
&quot;scheduler_mode&quot;: &quot;mq-deadline&quot;,
&quot;sectors&quot;: &quot;167048&quot;,
&quot;sectorsize&quot;: &quot;512&quot;,
&quot;size&quot;: &quot;81.57 MB&quot;,
&quot;support_discard&quot;: &quot;4096&quot;,
&quot;vendor&quot;: null,
&quot;virtual&quot;: 1
},
&quot;loop19&quot;: {
&quot;holders&quot;: [],
&quot;host&quot;: &quot;&quot;,
&quot;links&quot;: {
&quot;ids&quot;: [],
&quot;labels&quot;: [],
&quot;masters&quot;: [],
&quot;uuids&quot;: []
},
&quot;model&quot;: null,
&quot;partitions&quot;: {},
&quot;removable&quot;: &quot;0&quot;,
&quot;rotational&quot;: &quot;0&quot;,
&quot;sas_address&quot;: null,
&quot;sas_device_handle&quot;: null,
&quot;scheduler_mode&quot;: &quot;mq-deadline&quot;,
&quot;sectors&quot;: &quot;1273304&quot;,
&quot;sectorsize&quot;: &quot;512&quot;,
&quot;size&quot;: &quot;621.73 MB&quot;,
&quot;support_discard&quot;: &quot;4096&quot;,
&quot;vendor&quot;: null,
&quot;virtual&quot;: 1
},
&quot;loop2&quot;: {
&quot;holders&quot;: [],
&quot;host&quot;: &quot;&quot;,
&quot;links&quot;: {
&quot;ids&quot;: [],
&quot;labels&quot;: [],
&quot;masters&quot;: [],
&quot;uuids&quot;: []
},
&quot;model&quot;: null,
&quot;partitions&quot;: {},
&quot;removable&quot;: &quot;0&quot;,
&quot;rotational&quot;: &quot;0&quot;,
&quot;sas_address&quot;: null,
&quot;sas_device_handle&quot;: null,
&quot;scheduler_mode&quot;: &quot;mq-deadline&quot;,
&quot;sectors&quot;: &quot;200464&quot;,
&quot;sectorsize&quot;: &quot;512&quot;,
&quot;size&quot;: &quot;97.88 MB&quot;,
&quot;support_discard&quot;: &quot;4096&quot;,
&quot;vendor&quot;: null,
&quot;virtual&quot;: 1
},
&quot;loop20&quot;: {
&quot;holders&quot;: [],
&quot;host&quot;: &quot;&quot;,
&quot;links&quot;: {
&quot;ids&quot;: [],
&quot;labels&quot;: [],
&quot;masters&quot;: [],
&quot;uuids&quot;: []
},
&quot;model&quot;: null,
&quot;partitions&quot;: {},
&quot;removable&quot;: &quot;0&quot;,
&quot;rotational&quot;: &quot;0&quot;,
&quot;sas_address&quot;: null,
&quot;sas_device_handle&quot;: null,
&quot;scheduler_mode&quot;: &quot;mq-deadline&quot;,
&quot;sectors&quot;: &quot;174000&quot;,
&quot;sectorsize&quot;: &quot;512&quot;,
&quot;size&quot;: &quot;84.96 MB&quot;,
&quot;support_discard&quot;: &quot;4096&quot;,
&quot;vendor&quot;: null,
&quot;virtual&quot;: 1
},
&quot;loop21&quot;: {
&quot;holders&quot;: [],
&quot;host&quot;: &quot;&quot;,
&quot;links&quot;: {
&quot;ids&quot;: [],
&quot;labels&quot;: [],
&quot;masters&quot;: [],
&quot;uuids&quot;: []
},
&quot;model&quot;: null,
&quot;partitions&quot;: {},
&quot;removable&quot;: &quot;0&quot;,
&quot;rotational&quot;: &quot;0&quot;,
&quot;sas_address&quot;: null,
&quot;sas_device_handle&quot;: null,
&quot;scheduler_mode&quot;: &quot;mq-deadline&quot;,
&quot;sectors&quot;: &quot;132648&quot;,
&quot;sectorsize&quot;: &quot;512&quot;,
&quot;size&quot;: &quot;64.77 MB&quot;,
&quot;support_discard&quot;: &quot;4096&quot;,
&quot;vendor&quot;: null,
&quot;virtual&quot;: 1
},
&quot;loop22&quot;: {
&quot;holders&quot;: [],
&quot;host&quot;: &quot;&quot;,
&quot;links&quot;: {
&quot;ids&quot;: [],
&quot;labels&quot;: [],
&quot;masters&quot;: [],
&quot;uuids&quot;: []
},
&quot;model&quot;: null,
&quot;partitions&quot;: {},
&quot;removable&quot;: &quot;0&quot;,
&quot;rotational&quot;: &quot;0&quot;,
&quot;sas_address&quot;: null,
&quot;sas_device_handle&quot;: null,
&quot;scheduler_mode&quot;: &quot;mq-deadline&quot;,
&quot;sectors&quot;: &quot;131792&quot;,
&quot;sectorsize&quot;: &quot;512&quot;,
&quot;size&quot;: &quot;64.35 MB&quot;,
&quot;support_discard&quot;: &quot;4096&quot;,
&quot;vendor&quot;: null,
&quot;virtual&quot;: 1
},
&quot;loop23&quot;: {
&quot;holders&quot;: [],
&quot;host&quot;: &quot;&quot;,
&quot;links&quot;: {
&quot;ids&quot;: [],
&quot;labels&quot;: [],
&quot;masters&quot;: [],
&quot;uuids&quot;: []
},
&quot;model&quot;: null,
&quot;partitions&quot;: {},
&quot;removable&quot;: &quot;0&quot;,
&quot;rotational&quot;: &quot;0&quot;,
&quot;sas_address&quot;: null,
&quot;sas_device_handle&quot;: null,
&quot;scheduler_mode&quot;: &quot;mq-deadline&quot;,
&quot;sectors&quot;: &quot;448920&quot;,
&quot;sectorsize&quot;: &quot;512&quot;,
&quot;size&quot;: &quot;219.20 MB&quot;,
&quot;support_discard&quot;: &quot;4096&quot;,
&quot;vendor&quot;: null,
&quot;virtual&quot;: 1
},
&quot;loop24&quot;: {
&quot;holders&quot;: [],
&quot;host&quot;: &quot;&quot;,
&quot;links&quot;: {
&quot;ids&quot;: [],
&quot;labels&quot;: [],
&quot;masters&quot;: [],
&quot;uuids&quot;: []
},
&quot;model&quot;: null,
&quot;partitions&quot;: {},
&quot;removable&quot;: &quot;0&quot;,
&quot;rotational&quot;: &quot;0&quot;,
&quot;sas_address&quot;: null,
&quot;sas_device_handle&quot;: null,
&quot;scheduler_mode&quot;: &quot;mq-deadline&quot;,
&quot;sectors&quot;: &quot;448888&quot;,
&quot;sectorsize&quot;: &quot;512&quot;,
&quot;size&quot;: &quot;219.18 MB&quot;,
&quot;support_discard&quot;: &quot;4096&quot;,
&quot;vendor&quot;: null,
&quot;virtual&quot;: 1
},
&quot;loop25&quot;: {
&quot;holders&quot;: [],
&quot;host&quot;: &quot;&quot;,
&quot;links&quot;: {
&quot;ids&quot;: [],
&quot;labels&quot;: [],
&quot;masters&quot;: [],
&quot;uuids&quot;: []
},
&quot;model&quot;: null,
&quot;partitions&quot;: {},
&quot;removable&quot;: &quot;0&quot;,
&quot;rotational&quot;: &quot;0&quot;,
&quot;sas_address&quot;: null,
&quot;sas_device_handle&quot;: null,
&quot;scheduler_mode&quot;: &quot;mq-deadline&quot;,
&quot;sectors&quot;: &quot;242568&quot;,
&quot;sectorsize&quot;: &quot;512&quot;,
&quot;size&quot;: &quot;118.44 MB&quot;,
&quot;support_discard&quot;: &quot;4096&quot;,
&quot;vendor&quot;: null,
&quot;virtual&quot;: 1
},
&quot;loop26&quot;: {
&quot;holders&quot;: [],
&quot;host&quot;: &quot;&quot;,
&quot;links&quot;: {
&quot;ids&quot;: [],
&quot;labels&quot;: [],
&quot;masters&quot;: [],
&quot;uuids&quot;: []
},
&quot;model&quot;: null,
&quot;partitions&quot;: {},
&quot;removable&quot;: &quot;0&quot;,
&quot;rotational&quot;: &quot;0&quot;,
&quot;sas_address&quot;: null,
&quot;sas_device_handle&quot;: null,
&quot;scheduler_mode&quot;: &quot;mq-deadline&quot;,
&quot;sectors&quot;: &quot;104536&quot;,
&quot;sectorsize&quot;: &quot;512&quot;,
&quot;size&quot;: &quot;51.04 MB&quot;,
&quot;support_discard&quot;: &quot;4096&quot;,
&quot;vendor&quot;: null,
&quot;virtual&quot;: 1
},
&quot;loop27&quot;: {
&quot;holders&quot;: [],
&quot;host&quot;: &quot;&quot;,
&quot;links&quot;: {
&quot;ids&quot;: [],
&quot;labels&quot;: [],
&quot;masters&quot;: [],
&quot;uuids&quot;: []
},
&quot;model&quot;: null,
&quot;partitions&quot;: {},
&quot;removable&quot;: &quot;0&quot;,
&quot;rotational&quot;: &quot;0&quot;,
&quot;sas_address&quot;: null,
&quot;sas_device_handle&quot;: null,
&quot;scheduler_mode&quot;: &quot;mq-deadline&quot;,
&quot;sectors&quot;: &quot;168984&quot;,
&quot;sectorsize&quot;: &quot;512&quot;,
&quot;size&quot;: &quot;82.51 MB&quot;,
&quot;support_discard&quot;: &quot;4096&quot;,
&quot;vendor&quot;: null,
&quot;virtual&quot;: 1
},
&quot;loop28&quot;: {
&quot;holders&quot;: [],
&quot;host&quot;: &quot;&quot;,
&quot;links&quot;: {
&quot;ids&quot;: [],
&quot;labels&quot;: [],
&quot;masters&quot;: [],
&quot;uuids&quot;: []
},
&quot;model&quot;: null,
&quot;partitions&quot;: {},
&quot;removable&quot;: &quot;0&quot;,
&quot;rotational&quot;: &quot;0&quot;,
&quot;sas_address&quot;: null,
&quot;sas_device_handle&quot;: null,
&quot;scheduler_mode&quot;: &quot;mq-deadline&quot;,
&quot;sectors&quot;: &quot;0&quot;,
&quot;sectorsize&quot;: &quot;512&quot;,
&quot;size&quot;: &quot;0.00 Bytes&quot;,
&quot;support_discard&quot;: &quot;4096&quot;,
&quot;vendor&quot;: null,
&quot;virtual&quot;: 1
},
&quot;loop3&quot;: {
&quot;holders&quot;: [],
&quot;host&quot;: &quot;&quot;,
&quot;links&quot;: {
&quot;ids&quot;: [],
&quot;labels&quot;: [],
&quot;masters&quot;: [],
&quot;uuids&quot;: []
},
&quot;model&quot;: null,
&quot;partitions&quot;: {},
&quot;removable&quot;: &quot;0&quot;,
&quot;rotational&quot;: &quot;0&quot;,
&quot;sas_address&quot;: null,
&quot;sas_device_handle&quot;: null,
&quot;scheduler_mode&quot;: &quot;mq-deadline&quot;,
&quot;sectors&quot;: &quot;113424&quot;,
&quot;sectorsize&quot;: &quot;512&quot;,
&quot;size&quot;: &quot;55.38 MB&quot;,
&quot;support_discard&quot;: &quot;4096&quot;,
&quot;vendor&quot;: null,
&quot;virtual&quot;: 1
},
&quot;loop4&quot;: {
&quot;holders&quot;: [],
&quot;host&quot;: &quot;&quot;,
&quot;links&quot;: {
&quot;ids&quot;: [],
&quot;labels&quot;: [],
&quot;masters&quot;: [],
&quot;uuids&quot;: []
},
&quot;model&quot;: null,
&quot;partitions&quot;: {},
&quot;removable&quot;: &quot;0&quot;,
&quot;rotational&quot;: &quot;0&quot;,
&quot;sas_address&quot;: null,
&quot;sas_device_handle&quot;: null,
&quot;scheduler_mode&quot;: &quot;mq-deadline&quot;,
&quot;sectors&quot;: &quot;225912&quot;,
&quot;sectorsize&quot;: &quot;512&quot;,
&quot;size&quot;: &quot;110.31 MB&quot;,
&quot;support_discard&quot;: &quot;4096&quot;,
&quot;vendor&quot;: null,
&quot;virtual&quot;: 1
},
&quot;loop5&quot;: {
&quot;holders&quot;: [],
&quot;host&quot;: &quot;&quot;,
&quot;links&quot;: {
&quot;ids&quot;: [],
&quot;labels&quot;: [],
&quot;masters&quot;: [],
&quot;uuids&quot;: []
},
&quot;model&quot;: null,
&quot;partitions&quot;: {},
&quot;removable&quot;: &quot;0&quot;,
&quot;rotational&quot;: &quot;0&quot;,
&quot;sas_address&quot;: null,
&quot;sas_device_handle&quot;: null,
&quot;scheduler_mode&quot;: &quot;mq-deadline&quot;,
&quot;sectors&quot;: &quot;113384&quot;,
&quot;sectorsize&quot;: &quot;512&quot;,
&quot;size&quot;: &quot;55.36 MB&quot;,
&quot;support_discard&quot;: &quot;4096&quot;,
&quot;vendor&quot;: null,
&quot;virtual&quot;: 1
},
&quot;loop6&quot;: {
&quot;holders&quot;: [],
&quot;host&quot;: &quot;&quot;,
&quot;links&quot;: {
&quot;ids&quot;: [],
&quot;labels&quot;: [],
&quot;masters&quot;: [],
&quot;uuids&quot;: []
},
&quot;model&quot;: null,
&quot;partitions&quot;: {},
&quot;removable&quot;: &quot;0&quot;,
&quot;rotational&quot;: &quot;0&quot;,
&quot;sas_address&quot;: null,
&quot;sas_device_handle&quot;: null,
&quot;scheduler_mode&quot;: &quot;mq-deadline&quot;,
&quot;sectors&quot;: &quot;333552&quot;,
&quot;sectorsize&quot;: &quot;512&quot;,
&quot;size&quot;: &quot;162.87 MB&quot;,
&quot;support_discard&quot;: &quot;4096&quot;,
&quot;vendor&quot;: null,
&quot;virtual&quot;: 1
},
&quot;loop7&quot;: {
&quot;holders&quot;: [],
&quot;host&quot;: &quot;&quot;,
&quot;links&quot;: {
&quot;ids&quot;: [],
&quot;labels&quot;: [],
&quot;masters&quot;: [],
&quot;uuids&quot;: []
},
&quot;model&quot;: null,
&quot;partitions&quot;: {},
&quot;removable&quot;: &quot;0&quot;,
&quot;rotational&quot;: &quot;0&quot;,
&quot;sas_address&quot;: null,
&quot;sas_device_handle&quot;: null,
&quot;scheduler_mode&quot;: &quot;mq-deadline&quot;,
&quot;sectors&quot;: &quot;330576&quot;,
&quot;sectorsize&quot;: &quot;512&quot;,
&quot;size&quot;: &quot;161.41 MB&quot;,
&quot;support_discard&quot;: &quot;4096&quot;,
&quot;vendor&quot;: null,
&quot;virtual&quot;: 1
},
&quot;loop8&quot;: {
&quot;holders&quot;: [],
&quot;host&quot;: &quot;&quot;,
&quot;links&quot;: {
&quot;ids&quot;: [],
&quot;labels&quot;: [],
&quot;masters&quot;: [],
&quot;uuids&quot;: []
},
&quot;model&quot;: null,
&quot;partitions&quot;: {},
&quot;removable&quot;: &quot;0&quot;,
&quot;rotational&quot;: &quot;0&quot;,
&quot;sas_address&quot;: null,
&quot;sas_device_handle&quot;: null,
&quot;scheduler_mode&quot;: &quot;mq-deadline&quot;,
&quot;sectors&quot;: &quot;448496&quot;,
&quot;sectorsize&quot;: &quot;512&quot;,
&quot;size&quot;: &quot;218.99 MB&quot;,
&quot;support_discard&quot;: &quot;4096&quot;,
&quot;vendor&quot;: null,
&quot;virtual&quot;: 1
},
&quot;loop9&quot;: {
&quot;holders&quot;: [],
&quot;host&quot;: &quot;&quot;,
&quot;links&quot;: {
&quot;ids&quot;: [],
&quot;labels&quot;: [],
&quot;masters&quot;: [],
&quot;uuids&quot;: []
},
&quot;model&quot;: null,
&quot;partitions&quot;: {},
&quot;removable&quot;: &quot;0&quot;,
&quot;rotational&quot;: &quot;0&quot;,
&quot;sas_address&quot;: null,
&quot;sas_device_handle&quot;: null,
&quot;scheduler_mode&quot;: &quot;mq-deadline&quot;,
&quot;sectors&quot;: &quot;198448&quot;,
&quot;sectorsize&quot;: &quot;512&quot;,
&quot;size&quot;: &quot;96.90 MB&quot;,
&quot;support_discard&quot;: &quot;4096&quot;,
&quot;vendor&quot;: null,
&quot;virtual&quot;: 1
},
&quot;sda&quot;: {
&quot;holders&quot;: [],
&quot;host&quot;: &quot;&quot;,
&quot;links&quot;: {
&quot;ids&quot;: [],
&quot;labels&quot;: [],
&quot;masters&quot;: [],
&quot;uuids&quot;: []
},
&quot;model&quot;: &quot;HFS256G32MND-220&quot;,
&quot;partitions&quot;: {
&quot;sda1&quot;: {
&quot;holders&quot;: [],
&quot;links&quot;: {
&quot;ids&quot;: [],
&quot;labels&quot;: [],
&quot;masters&quot;: [],
&quot;uuids&quot;: []
},
&quot;sectors&quot;: &quot;1048576&quot;,
&quot;sectorsize&quot;: 512,
&quot;size&quot;: &quot;512.00 MB&quot;,
&quot;start&quot;: &quot;2048&quot;,
&quot;uuid&quot;: null
},
&quot;sda2&quot;: {
&quot;holders&quot;: [],
&quot;links&quot;: {
&quot;ids&quot;: [],
&quot;labels&quot;: [],
&quot;masters&quot;: [],
&quot;uuids&quot;: []
},
&quot;sectors&quot;: &quot;1499136&quot;,
&quot;sectorsize&quot;: 512,
&quot;size&quot;: &quot;732.00 MB&quot;,
&quot;start&quot;: &quot;1050624&quot;,
&quot;uuid&quot;: null
},
&quot;sda3&quot;: {
&quot;holders&quot;: [
&quot;sda3_crypt&quot;
],
&quot;links&quot;: {
&quot;ids&quot;: [],
&quot;labels&quot;: [],
&quot;masters&quot;: [
&quot;dm-0&quot;
],
&quot;uuids&quot;: []
},
&quot;sectors&quot;: &quot;497567744&quot;,
&quot;sectorsize&quot;: 512,
&quot;size&quot;: &quot;237.26 GB&quot;,
&quot;start&quot;: &quot;2549760&quot;,
&quot;uuid&quot;: null
}
},
&quot;removable&quot;: &quot;0&quot;,
&quot;rotational&quot;: &quot;0&quot;,
&quot;sas_address&quot;: null,
&quot;sas_device_handle&quot;: null,
&quot;scheduler_mode&quot;: &quot;mq-deadline&quot;,
&quot;sectors&quot;: &quot;500118192&quot;,
&quot;sectorsize&quot;: &quot;512&quot;,
&quot;size&quot;: &quot;238.47 GB&quot;,
&quot;support_discard&quot;: &quot;512&quot;,
&quot;vendor&quot;: &quot;ATA&quot;,
&quot;virtual&quot;: 1
}
},
&quot;ansible_distribution&quot;: &quot;Ubuntu&quot;,
&quot;ansible_distribution_file_parsed&quot;: true,
&quot;ansible_distribution_file_path&quot;: &quot;/etc/os-release&quot;,
&quot;ansible_distribution_file_variety&quot;: &quot;Debian&quot;,
&quot;ansible_distribution_major_version&quot;: &quot;18&quot;,
&quot;ansible_distribution_release&quot;: &quot;bionic&quot;,
&quot;ansible_distribution_version&quot;: &quot;18.04&quot;,
&quot;ansible_dns&quot;: {
&quot;nameservers&quot;: [
&quot;10.63.0.1&quot;
]
},
&quot;ansible_domain&quot;: &quot;&quot;,
&quot;ansible_effective_group_id&quot;: 0,
&quot;ansible_effective_user_id&quot;: 0,
&quot;ansible_env&quot;: {
&quot;ANSIBLE_CALLBACK_WHITELIST&quot;: &quot;junit&quot;,
&quot;ANSIBLE_COLLECTIONS_PATH&quot;: &quot;/root&quot;,
&quot;ANSIBLE_CONFIG&quot;: &quot;/root/ansible_collections/ngine_io/cloudstack/tests/output/.tmp/integration/cs_ip_address-x99q3tju-ÅÑŚÌβŁÈ/tests/integration/integration.cfg&quot;,
&quot;ANSIBLE_DEPRECATION_WARNINGS&quot;: &quot;false&quot;,
&quot;ANSIBLE_DEVEL_WARNING&quot;: &quot;false&quot;,
&quot;ANSIBLE_FORCE_COLOR&quot;: &quot;true&quot;,
&quot;ANSIBLE_FORCE_HANDLERS&quot;: &quot;true&quot;,
&quot;ANSIBLE_HOST_KEY_CHECKING&quot;: &quot;false&quot;,
&quot;ANSIBLE_HOST_PATTERN_MISMATCH&quot;: &quot;error&quot;,
&quot;ANSIBLE_INVENTORY&quot;: &quot;/dev/null&quot;,
&quot;ANSIBLE_LIBRARY&quot;: &quot;/dev/null&quot;,
&quot;ANSIBLE_PLAYBOOK_DIR&quot;: &quot;/root/ansible_collections/ngine_io/cloudstack/tests/output/.tmp/integration/cs_ip_address-x99q3tju-ÅÑŚÌβŁÈ/tests/integration&quot;,
&quot;ANSIBLE_PYTHON_INTERPRETER&quot;: &quot;/set/ansible_python_interpreter/in/inventory&quot;,
&quot;ANSIBLE_PYTHON_MODULE_RLIMIT_NOFILE&quot;: &quot;1024&quot;,
&quot;ANSIBLE_RETRY_FILES_ENABLED&quot;: &quot;false&quot;,
&quot;ANSIBLE_ROLES_PATH&quot;: &quot;/root/ansible_collections/ngine_io/cloudstack/tests/output/.tmp/integration/cs_ip_address-x99q3tju-ÅÑŚÌβŁÈ/tests/integration/targets&quot;,
&quot;ANSIBLE_TEST_CI&quot;: &quot;&quot;,
&quot;ANSIBLE_TEST_COVERAGE&quot;: &quot;&quot;,
&quot;ANSIBLE_TEST_PYTHON_INTERPRETER&quot;: &quot;/usr/bin/python3.6&quot;,
&quot;ANSIBLE_TEST_PYTHON_VERSION&quot;: &quot;3.6&quot;,
&quot;ANSIBLE_WORKER_SHUTDOWN_POLL_COUNT&quot;: &quot;100&quot;,
&quot;ANSIBLE_WORKER_SHUTDOWN_POLL_DELAY&quot;: &quot;0.1&quot;,
&quot;CLOUDSTACK_ENDPOINT&quot;: &quot;http://cloudstack-sim:8888/client/api&quot;,
&quot;CLOUDSTACK_KEY&quot;: &quot;s7T2jkUw4lZNJd8d3931KuCDYcSS0TtbFDTZR-DQoL9-3jn_11UqE1LekwGXzPJLx87xF7nU-fi5yZzpDkOpIw&quot;,
&quot;CLOUDSTACK_SECRET&quot;: &quot;-wkrHErJnQdGH2-R0-AkkYMi3RGdA3k4cXjjiUF5MW320xJjkd__yGkAD4SOLIgAYbPTLhWS4PamTdYvXcnJQA&quot;,
&quot;CLOUDSTACK_TIMEOUT&quot;: &quot;60&quot;,
&quot;HOME&quot;: &quot;/root&quot;,
&quot;INVENTORY_PATH&quot;: &quot;/root/ansible_collections/ngine_io/cloudstack/tests/output/.tmp/integration/cs_ip_address-x99q3tju-ÅÑŚÌβŁÈ/tests/integration/inventory&quot;,
&quot;JUNIT_OUTPUT_DIR&quot;: &quot;/root/ansible_collections/ngine_io/cloudstack/tests/output/junit&quot;,
&quot;LC_ALL&quot;: &quot;en_US.UTF-8&quot;,
&quot;OUTPUT_DIR&quot;: &quot;/root/ansible_collections/ngine_io/cloudstack/tests/output/.tmp/output_dir&quot;,
&quot;PAGER&quot;: &quot;/bin/cat&quot;,
&quot;PATH&quot;: &quot;/tmp/python-agp8g5gx-ansible:/root/ansible/test/lib/ansible_test/_data/injector:/root/ansible/bin:/usr/local/sbin:/usr/local/bin:/usr/sbin:/usr/bin:/sbin:/bin&quot;,
&quot;PWD&quot;: &quot;/root/ansible_collections/ngine_io/cloudstack/tests/output/.tmp/integration/cs_ip_address-x99q3tju-ÅÑŚÌβŁÈ/tests/integration&quot;,
&quot;PYTHONPATH&quot;: &quot;/root/ansible/lib&quot;
},
&quot;ansible_fibre_channel_wwn&quot;: [],
&quot;ansible_fips&quot;: false,
&quot;ansible_form_factor&quot;: &quot;Notebook&quot;,
&quot;ansible_fqdn&quot;: &quot;b3b951583e59&quot;,
&quot;ansible_hostname&quot;: &quot;b3b951583e59&quot;,
&quot;ansible_hostnqn&quot;: &quot;&quot;,
&quot;ansible_is_chroot&quot;: false,
&quot;ansible_iscsi_iqn&quot;: &quot;&quot;,
&quot;ansible_kernel&quot;: &quot;5.8.0-38-generic&quot;,
&quot;ansible_kernel_version&quot;: &quot;#43~20.04.1-Ubuntu SMP Tue Jan 12 16:39:47 UTC 2021&quot;,
&quot;ansible_local&quot;: {},
&quot;ansible_lsb&quot;: {
&quot;codename&quot;: &quot;bionic&quot;,
&quot;description&quot;: &quot;Ubuntu 18.04.5 LTS&quot;,
&quot;id&quot;: &quot;Ubuntu&quot;,
&quot;major_release&quot;: &quot;18&quot;,
&quot;release&quot;: &quot;18.04&quot;
},
&quot;ansible_machine&quot;: &quot;x86_64&quot;,
&quot;ansible_machine_id&quot;: &quot;8bab3c65459e4582b95ca278b459dc10&quot;,
&quot;ansible_memfree_mb&quot;: 1070,
&quot;ansible_memory_mb&quot;: {
&quot;nocache&quot;: {
&quot;free&quot;: 3292,
&quot;used&quot;: 8592
},
&quot;real&quot;: {
&quot;free&quot;: 1070,
&quot;total&quot;: 11884,
&quot;used&quot;: 10814
},
&quot;swap&quot;: {
&quot;cached&quot;: 60,
&quot;free&quot;: 845,
&quot;total&quot;: 4095,
&quot;used&quot;: 3250
}
},
&quot;ansible_memtotal_mb&quot;: 11884,
&quot;ansible_mounts&quot;: [
{
&quot;block_available&quot;: 671748,
&quot;block_size&quot;: 4096,
&quot;block_total&quot;: 10255672,
&quot;block_used&quot;: 9583924,
&quot;device&quot;: &quot;/dev/mapper/vgubuntu-docker&quot;,
&quot;fstype&quot;: &quot;ext4&quot;,
&quot;inode_available&quot;: 1338986,
&quot;inode_total&quot;: 2621440,
&quot;inode_used&quot;: 1282454,
&quot;mount&quot;: &quot;/run&quot;,
&quot;options&quot;: &quot;rw,relatime,bind&quot;,
&quot;size_available&quot;: 2751479808,
&quot;size_total&quot;: 42007232512,
&quot;uuid&quot;: &quot;N/A&quot;
},
{
&quot;block_available&quot;: 671748,
&quot;block_size&quot;: 4096,
&quot;block_total&quot;: 10255672,
&quot;block_used&quot;: 9583924,
&quot;device&quot;: &quot;/dev/mapper/vgubuntu-docker&quot;,
&quot;fstype&quot;: &quot;ext4&quot;,
&quot;inode_available&quot;: 1338986,
&quot;inode_total&quot;: 2621440,
&quot;inode_used&quot;: 1282454,
&quot;mount&quot;: &quot;/tmp&quot;,
&quot;options&quot;: &quot;rw,relatime,bind&quot;,
&quot;size_available&quot;: 2751479808,
&quot;size_total&quot;: 42007232512,
&quot;uuid&quot;: &quot;N/A&quot;
},
{
&quot;block_available&quot;: 671748,
&quot;block_size&quot;: 4096,
&quot;block_total&quot;: 10255672,
&quot;block_used&quot;: 9583924,
&quot;device&quot;: &quot;/dev/mapper/vgubuntu-docker&quot;,
&quot;fstype&quot;: &quot;ext4&quot;,
&quot;inode_available&quot;: 1338986,
&quot;inode_total&quot;: 2621440,
&quot;inode_used&quot;: 1282454,
&quot;mount&quot;: &quot;/run/lock&quot;,
&quot;options&quot;: &quot;rw,relatime,bind&quot;,
&quot;size_available&quot;: 2751479808,
&quot;size_total&quot;: 42007232512,
&quot;uuid&quot;: &quot;N/A&quot;
},
{
&quot;block_available&quot;: 671748,
&quot;block_size&quot;: 4096,
&quot;block_total&quot;: 10255672,
&quot;block_used&quot;: 9583924,
&quot;device&quot;: &quot;/dev/mapper/vgubuntu-docker&quot;,
&quot;fstype&quot;: &quot;ext4&quot;,
&quot;inode_available&quot;: 1338986,
&quot;inode_total&quot;: 2621440,
&quot;inode_used&quot;: 1282454,
&quot;mount&quot;: &quot;/etc/resolv.conf&quot;,
&quot;options&quot;: &quot;rw,relatime,bind&quot;,
&quot;size_available&quot;: 2751479808,
&quot;size_total&quot;: 42007232512,
&quot;uuid&quot;: &quot;N/A&quot;
},
{
&quot;block_available&quot;: 671748,
&quot;block_size&quot;: 4096,
&quot;block_total&quot;: 10255672,
&quot;block_used&quot;: 9583924,
&quot;device&quot;: &quot;/dev/mapper/vgubuntu-docker&quot;,
&quot;fstype&quot;: &quot;ext4&quot;,
&quot;inode_available&quot;: 1338986,
&quot;inode_total&quot;: 2621440,
&quot;inode_used&quot;: 1282454,
&quot;mount&quot;: &quot;/etc/hostname&quot;,
&quot;options&quot;: &quot;rw,relatime,bind&quot;,
&quot;size_available&quot;: 2751479808,
&quot;size_total&quot;: 42007232512,
&quot;uuid&quot;: &quot;N/A&quot;
},
{
&quot;block_available&quot;: 671748,
&quot;block_size&quot;: 4096,
&quot;block_total&quot;: 10255672,
&quot;block_used&quot;: 9583924,
&quot;device&quot;: &quot;/dev/mapper/vgubuntu-docker&quot;,
&quot;fstype&quot;: &quot;ext4&quot;,
&quot;inode_available&quot;: 1338986,
&quot;inode_total&quot;: 2621440,
&quot;inode_used&quot;: 1282454,
&quot;mount&quot;: &quot;/etc/hosts&quot;,
&quot;options&quot;: &quot;rw,relatime,bind&quot;,
&quot;size_available&quot;: 2751479808,
&quot;size_total&quot;: 42007232512,
&quot;uuid&quot;: &quot;N/A&quot;
}
],
&quot;ansible_nodename&quot;: &quot;b3b951583e59&quot;,
&quot;ansible_os_family&quot;: &quot;Debian&quot;,
&quot;ansible_pkg_mgr&quot;: &quot;apt&quot;,
&quot;ansible_proc_cmdline&quot;: {
&quot;BOOT_IMAGE&quot;: &quot;/vmlinuz-5.8.0-38-generic&quot;,
&quot;quiet&quot;: true,
&quot;ro&quot;: true,
&quot;root&quot;: &quot;/dev/mapper/vgubuntu-root&quot;,
&quot;splash&quot;: true
},
&quot;ansible_processor&quot;: [
&quot;0&quot;,
&quot;GenuineIntel&quot;,
&quot;Intel(R) Core(TM) i7-6500U CPU @ 2.50GHz&quot;,
&quot;1&quot;,
&quot;GenuineIntel&quot;,
&quot;Intel(R) Core(TM) i7-6500U CPU @ 2.50GHz&quot;,
&quot;2&quot;,
&quot;GenuineIntel&quot;,
&quot;Intel(R) Core(TM) i7-6500U CPU @ 2.50GHz&quot;,
&quot;3&quot;,
&quot;GenuineIntel&quot;,
&quot;Intel(R) Core(TM) i7-6500U CPU @ 2.50GHz&quot;
],
&quot;ansible_processor_cores&quot;: 2,
&quot;ansible_processor_count&quot;: 1,
&quot;ansible_processor_nproc&quot;: 4,
&quot;ansible_processor_threads_per_core&quot;: 2,
&quot;ansible_processor_vcpus&quot;: 4,
&quot;ansible_product_name&quot;: &quot;UX303UB&quot;,
&quot;ansible_product_serial&quot;: &quot;G1N0CJ020652033&quot;,
&quot;ansible_product_uuid&quot;: &quot;d4d7f964-52d3-f945-80dc-a9a095694c74&quot;,
&quot;ansible_product_version&quot;: &quot;1.0&quot;,
&quot;ansible_python&quot;: {
&quot;executable&quot;: &quot;/tmp/python-agp8g5gx-ansible/python&quot;,
&quot;has_sslcontext&quot;: true,
&quot;type&quot;: &quot;cpython&quot;,
&quot;version&quot;: {
&quot;major&quot;: 3,
&quot;micro&quot;: 9,
&quot;minor&quot;: 6,
&quot;releaselevel&quot;: &quot;final&quot;,
&quot;serial&quot;: 0
},
&quot;version_info&quot;: [
3,
6,
9,
&quot;final&quot;,
0
]
},
&quot;ansible_python_version&quot;: &quot;3.6.9&quot;,
&quot;ansible_real_group_id&quot;: 0,
&quot;ansible_real_user_id&quot;: 0,
&quot;ansible_selinux&quot;: {
&quot;status&quot;: &quot;Missing selinux Python library&quot;
},
&quot;ansible_selinux_python_present&quot;: false,
&quot;ansible_service_mgr&quot;: &quot;systemd&quot;,
&quot;ansible_ssh_host_key_ecdsa_public&quot;: &quot;AAAAE2VjZHNhLXNoYTItbmlzdHAyNTYAAAAIbmlzdHAyNTYAAABBBKXFFhScxe+xztmWiEzCRrS33+gQnEBnUZEdGfZzV849lAQZRcK0YSCjce3dvMs7rV4FulR1UqA9fSJGtUfCO6A=&quot;,
&quot;ansible_ssh_host_key_ecdsa_public_keytype&quot;: &quot;ecdsa-sha2-nistp256&quot;,
&quot;ansible_ssh_host_key_ed25519_public&quot;: &quot;AAAAC3NzaC1lZDI1NTE5AAAAIDQw7DVlh6zXPucmio1fvrd5X1pTIovmDPBbr9oQ7DsF&quot;,
&quot;ansible_ssh_host_key_ed25519_public_keytype&quot;: &quot;ssh-ed25519&quot;,
&quot;ansible_ssh_host_key_rsa_public&quot;: &quot;AAAAB3NzaC1yc2EAAAADAQABAAABAQDXZrK4B3u/pq7Y+YfaFPr+5QEzcN+JLg/RlYXqQtLPjI3E19pNY27mGlaLm726NDbA4ouPIkqCo9y0Rkqyeaprn8EQO2gCqr06qZ7M3o4jaksHxNqo7uVxeFRQhvt3Q566bj/11uGOy01BlBRHi07G+IO9e02bNn55jR8rZURj4navuEgr0+l4CvuSrIbcEMB/qAYFAW4B1oNrsH4g09kIJxY9d3/JsOGUddOkwHwfP1+YmFAPZFruWXi/WPOnlWdaHtW4LCOdJMbHZxAGKiQtdEpWZBmNIdH2JfcVB9vjBv/WJtOgRpPhJEJIIJU6kZvipGxicPz3kj/nBUqyY4M5&quot;,
&quot;ansible_ssh_host_key_rsa_public_keytype&quot;: &quot;ssh-rsa&quot;,
&quot;ansible_swapfree_mb&quot;: 845,
&quot;ansible_swaptotal_mb&quot;: 4095,
&quot;ansible_system&quot;: &quot;Linux&quot;,
&quot;ansible_system_vendor&quot;: &quot;ASUSTeK COMPUTER INC.&quot;,
&quot;ansible_uptime_seconds&quot;: 260790,
&quot;ansible_user_dir&quot;: &quot;/root&quot;,
&quot;ansible_user_gecos&quot;: &quot;root&quot;,
&quot;ansible_user_gid&quot;: 0,
&quot;ansible_user_id&quot;: &quot;root&quot;,
&quot;ansible_user_shell&quot;: &quot;/bin/bash&quot;,
&quot;ansible_user_uid&quot;: 0,
&quot;ansible_userspace_architecture&quot;: &quot;x86_64&quot;,
&quot;ansible_userspace_bits&quot;: &quot;64&quot;,
&quot;ansible_virtualization_role&quot;: &quot;guest&quot;,
&quot;ansible_virtualization_type&quot;: &quot;docker&quot;,
&quot;gather_subset&quot;: [
&quot;all&quot;
],
&quot;module_setup&quot;: true
},
&quot;changed&quot;: false,
&quot;deprecations&quot;: [],
&quot;warnings&quot;: []
}</system-out>
		</testcase>
		<testcase classname="/root/ansible_collections/ngine_io/cloudstack/tests/output/.tmp/integration/cs_ip_address-x99q3tju-ÅÑŚÌβŁÈ/tests/integration/targets/cs_common/tasks/main.yml:2" name="[testhost] testhost: cs_common : wait for system template available name={{ cs_common_template }}, state=absent, cross_zones=True, template_filter=all" time="0.557053">
			<system-out>{
&quot;account&quot;: &quot;system&quot;,
&quot;api_http_method&quot;: &quot;get&quot;,
&quot;api_key&quot;: &quot;s7T2jkUw4lZNJd8d3931KuCDYcSS0TtbFDTZR-DQoL9-3jn_11UqE1LekwGXzPJLx87xF7nU-fi5yZzpDkOpIw&quot;,
&quot;api_region&quot;: &quot;cloudstack&quot;,
&quot;api_timeout&quot;: 60,
&quot;api_url&quot;: &quot;http://cloudstack-sim:8888/client/api&quot;,
&quot;api_verify_ssl_cert&quot;: null,
&quot;attempts&quot;: 1,
&quot;changed&quot;: true,
&quot;checksum&quot;: &quot;&quot;,
&quot;created&quot;: &quot;2021-01-22T10:10:04+0000&quot;,
&quot;cross_zones&quot;: true,
&quot;display_text&quot;: &quot;CentOS 5.6 (64-bit) no GUI (Simulator)&quot;,
&quot;domain&quot;: &quot;ROOT&quot;,
&quot;format&quot;: &quot;VHD&quot;,
&quot;hypervisor&quot;: &quot;Simulator&quot;,
&quot;id&quot;: &quot;882d501c-aa16-11e8-bbe5-0242ac110003&quot;,
&quot;is_extractable&quot;: false,
&quot;is_featured&quot;: true,
&quot;is_public&quot;: true,
&quot;is_ready&quot;: true,
&quot;name&quot;: &quot;CentOS 5.6 (64-bit) no GUI (Simulator)&quot;,
&quot;os_type&quot;: &quot;CentOS 5.6 (64-bit)&quot;,
&quot;password_enabled&quot;: true,
&quot;sshkey_enabled&quot;: false,
&quot;status&quot;: &quot;Download Complete&quot;,
&quot;tags&quot;: [],
&quot;template_type&quot;: &quot;BUILTIN&quot;,
&quot;zone&quot;: &quot;Sandbox-simulator-advanced&quot;
}</system-out>
		</testcase>
		<testcase classname="/root/ansible_collections/ngine_io/cloudstack/tests/output/.tmp/integration/cs_ip_address-x99q3tju-ÅÑŚÌβŁÈ/tests/integration/targets/cs_common/tasks/main.yml:14" name="[testhost] testhost: cs_common : smoke test instance name=smoke-test-vm, template={{ cs_common_template }}, service_offering={{ cs_common_service_offering }}, zone={{ cs_common_zone_adv }}" time="0.583452">
			<system-out>{
&quot;account&quot;: &quot;admin&quot;,
&quot;affinity_groups&quot;: [],
&quot;api_http_method&quot;: &quot;get&quot;,
&quot;api_key&quot;: &quot;s7T2jkUw4lZNJd8d3931KuCDYcSS0TtbFDTZR-DQoL9-3jn_11UqE1LekwGXzPJLx87xF7nU-fi5yZzpDkOpIw&quot;,
&quot;api_region&quot;: &quot;cloudstack&quot;,
&quot;api_timeout&quot;: 60,
&quot;api_url&quot;: &quot;http://cloudstack-sim:8888/client/api&quot;,
&quot;api_verify_ssl_cert&quot;: null,
&quot;attempts&quot;: 1,
&quot;changed&quot;: false,
&quot;created&quot;: &quot;2021-01-22T10:10:58+0000&quot;,
&quot;default_ip&quot;: &quot;10.1.1.183&quot;,
&quot;display_name&quot;: &quot;smoke-test-vm&quot;,
&quot;domain&quot;: &quot;ROOT&quot;,
&quot;host&quot;: &quot;SimulatedAgent.434893da-08ab-41b6-a0fc-907c690313fd&quot;,
&quot;hypervisor&quot;: &quot;Simulator&quot;,
&quot;id&quot;: &quot;a28c9abc-38d7-4aed-bbf2-b892273bb5e3&quot;,
&quot;instance_name&quot;: &quot;i-2-5-QA&quot;,
&quot;name&quot;: &quot;smoke-test-vm&quot;,
&quot;password_enabled&quot;: true,
&quot;security_groups&quot;: [],
&quot;service_offering&quot;: &quot;Small Instance&quot;,
&quot;state&quot;: &quot;Running&quot;,
&quot;tags&quot;: [],
&quot;template&quot;: &quot;CentOS 5.6 (64-bit) no GUI (Simulator)&quot;,
&quot;template_display_text&quot;: &quot;CentOS 5.6 (64-bit) no GUI (Simulator)&quot;,
&quot;user_data&quot;: &quot;&quot;,
&quot;zone&quot;: &quot;Sandbox-simulator-advanced&quot;
}</system-out>
		</testcase>
		<testcase classname="/root/ansible_collections/ngine_io/cloudstack/tests/output/.tmp/integration/cs_ip_address-x99q3tju-ÅÑŚÌβŁÈ/tests/integration/targets/cs_ip_address/tasks/main.yml:2" name="[testhost] testhost: cs_ip_address : test fail vpc and network mutually exclusive network={{ cs_resource_prefix }}_net_vpc, vpc=foobar, zone={{ cs_common_zone_adv }}" time="0.505583">
			<system-out>{
&quot;changed&quot;: false,
&quot;msg&quot;: &quot;parameters are mutually exclusive: vpc|network&quot;
}</system-out>
		</testcase>
		<testcase classname="/root/ansible_collections/ngine_io/cloudstack/tests/output/.tmp/integration/cs_ip_address-x99q3tju-ÅÑŚÌβŁÈ/tests/integration/targets/cs_ip_address/tasks/main.yml:9" name="[testhost] testhost: cs_ip_address : verify test fail vpc and network mutually exclusive that=['ip_address is failed', 'ip_address.msg == &quot;parameters are mutually exclusive: vpc|network&quot;']" time="0.032180">
			<system-out>{
    &quot;changed&quot;: false,
    &quot;msg&quot;: &quot;All assertions passed&quot;
}</system-out>
		</testcase>
		<testcase classname="/root/ansible_collections/ngine_io/cloudstack/tests/output/.tmp/integration/cs_ip_address-x99q3tju-ÅÑŚÌβŁÈ/tests/integration/targets/cs_ip_address/tasks/network.yml:2" name="[testhost] testhost: cs_ip_address : setup ensure the test network is absent name=ipaddr_test_network, state=absent, zone={{ cs_common_zone_adv }}" time="0.560094">
			<system-out>{
&quot;api_http_method&quot;: &quot;get&quot;,
&quot;api_key&quot;: &quot;s7T2jkUw4lZNJd8d3931KuCDYcSS0TtbFDTZR-DQoL9-3jn_11UqE1LekwGXzPJLx87xF7nU-fi5yZzpDkOpIw&quot;,
&quot;api_region&quot;: &quot;cloudstack&quot;,
&quot;api_timeout&quot;: 60,
&quot;api_url&quot;: &quot;http://cloudstack-sim:8888/client/api&quot;,
&quot;api_verify_ssl_cert&quot;: null,
&quot;changed&quot;: false,
&quot;zone&quot;: &quot;Sandbox-simulator-advanced&quot;
}</system-out>
		</testcase>
		<testcase classname="/root/ansible_collections/ngine_io/cloudstack/tests/output/.tmp/integration/cs_ip_address-x99q3tju-ÅÑŚÌβŁÈ/tests/integration/targets/cs_ip_address/tasks/network.yml:8" name="[testhost] testhost: cs_ip_address : setup create the test network name=ipaddr_test_network, network_offering=DefaultIsolatedNetworkOfferingWithSourceNatService, state=present, zone={{ cs_common_zone_adv }}" time="0.619730">
			<system-out>{
&quot;account&quot;: &quot;admin&quot;,
&quot;acl&quot;: null,
&quot;acl_type&quot;: &quot;Account&quot;,
&quot;api_http_method&quot;: &quot;get&quot;,
&quot;api_key&quot;: &quot;s7T2jkUw4lZNJd8d3931KuCDYcSS0TtbFDTZR-DQoL9-3jn_11UqE1LekwGXzPJLx87xF7nU-fi5yZzpDkOpIw&quot;,
&quot;api_region&quot;: &quot;cloudstack&quot;,
&quot;api_timeout&quot;: 60,
&quot;api_url&quot;: &quot;http://cloudstack-sim:8888/client/api&quot;,
&quot;api_verify_ssl_cert&quot;: null,
&quot;broadcast_domain_type&quot;: &quot;Vlan&quot;,
&quot;changed&quot;: true,
&quot;cidr&quot;: &quot;10.1.1.0/24&quot;,
&quot;display_text&quot;: &quot;ipaddr_test_network&quot;,
&quot;dns1&quot;: &quot;10.147.28.7&quot;,
&quot;domain&quot;: &quot;ROOT&quot;,
&quot;gateway&quot;: &quot;10.1.1.1&quot;,
&quot;id&quot;: &quot;4c7c9fe6-ead9-4214-ade3-0f2f1d29d3c6&quot;,
&quot;is_persistent&quot;: false,
&quot;is_system&quot;: false,
&quot;name&quot;: &quot;ipaddr_test_network&quot;,
&quot;netmask&quot;: &quot;255.255.255.0&quot;,
&quot;network_domain&quot;: &quot;cs2sandbox.simulator&quot;,
&quot;network_offering&quot;: &quot;DefaultIsolatedNetworkOfferingWithSourceNatService&quot;,
&quot;network_offering_availability&quot;: &quot;Required&quot;,
&quot;network_offering_conserve_mode&quot;: true,
&quot;network_offering_display_text&quot;: &quot;Offering for Isolated networks with Source Nat service enabled&quot;,
&quot;state&quot;: &quot;Allocated&quot;,
&quot;tags&quot;: [],
&quot;traffic_type&quot;: &quot;Guest&quot;,
&quot;type&quot;: &quot;Isolated&quot;,
&quot;zone&quot;: &quot;Sandbox-simulator-advanced&quot;
}</system-out>
		</testcase>
		<testcase classname="/root/ansible_collections/ngine_io/cloudstack/tests/output/.tmp/integration/cs_ip_address-x99q3tju-ÅÑŚÌβŁÈ/tests/integration/targets/cs_ip_address/tasks/network.yml:15" name="[testhost] testhost: cs_ip_address : setup verify create the test network that=['base_network is successful']" time="0.033548">
			<system-out>{
    &quot;changed&quot;: false,
    &quot;msg&quot;: &quot;All assertions passed&quot;
}</system-out>
		</testcase>
		<testcase classname="/root/ansible_collections/ngine_io/cloudstack/tests/output/.tmp/integration/cs_ip_address-x99q3tju-ÅÑŚÌβŁÈ/tests/integration/targets/cs_ip_address/tasks/network.yml:20" name="[testhost] testhost: cs_ip_address : setup instance to get network in implementation state name={{ cs_resource_prefix }}-vm-cs-ip-address, template={{ cs_common_template }}, service_offering={{ cs_common_service_offering }}, zone={{ cs_common_zone_adv }}, networks=['{{ base_network.name }}']" time="2.759499">
			<system-out>{
&quot;account&quot;: &quot;admin&quot;,
&quot;affinity_groups&quot;: [],
&quot;api_http_method&quot;: &quot;get&quot;,
&quot;api_key&quot;: &quot;s7T2jkUw4lZNJd8d3931KuCDYcSS0TtbFDTZR-DQoL9-3jn_11UqE1LekwGXzPJLx87xF7nU-fi5yZzpDkOpIw&quot;,
&quot;api_region&quot;: &quot;cloudstack&quot;,
&quot;api_timeout&quot;: 60,
&quot;api_url&quot;: &quot;http://cloudstack-sim:8888/client/api&quot;,
&quot;api_verify_ssl_cert&quot;: null,
&quot;attempts&quot;: 1,
&quot;changed&quot;: true,
&quot;created&quot;: &quot;2021-01-22T10:19:29+0000&quot;,
&quot;default_ip&quot;: &quot;10.1.1.201&quot;,
&quot;display_name&quot;: &quot;ansible-test-asusraf-14833001-vm-cs-ip-address&quot;,
&quot;domain&quot;: &quot;ROOT&quot;,
&quot;host&quot;: &quot;SimulatedAgent.5695f591-c6b5-48e7-b5c2-8f814f503bde&quot;,
&quot;hypervisor&quot;: &quot;Simulator&quot;,
&quot;id&quot;: &quot;600ff6f3-7494-466e-a979-85361516f533&quot;,
&quot;instance_name&quot;: &quot;i-2-19-QA&quot;,
&quot;name&quot;: &quot;ansible-test-asusraf-14833001-vm-cs-ip-address&quot;,
&quot;password&quot;: &quot;2sjWbZ&quot;,
&quot;password_enabled&quot;: true,
&quot;security_groups&quot;: [],
&quot;service_offering&quot;: &quot;Small Instance&quot;,
&quot;state&quot;: &quot;Running&quot;,
&quot;tags&quot;: [],
&quot;template&quot;: &quot;CentOS 5.6 (64-bit) no GUI (Simulator)&quot;,
&quot;template_display_text&quot;: &quot;CentOS 5.6 (64-bit) no GUI (Simulator)&quot;,
&quot;user_data&quot;: &quot;&quot;,
&quot;zone&quot;: &quot;Sandbox-simulator-advanced&quot;
}</system-out>
		</testcase>
		<testcase classname="/root/ansible_collections/ngine_io/cloudstack/tests/output/.tmp/integration/cs_ip_address-x99q3tju-ÅÑŚÌβŁÈ/tests/integration/targets/cs_ip_address/tasks/network.yml:32" name="[testhost] testhost: cs_ip_address : verify instance setup that=['instance is successful']" time="0.035125">
			<system-out>{
    &quot;changed&quot;: false,
    &quot;msg&quot;: &quot;All assertions passed&quot;
}</system-out>
		</testcase>
		<testcase classname="/root/ansible_collections/ngine_io/cloudstack/tests/output/.tmp/integration/cs_ip_address-x99q3tju-ÅÑŚÌβŁÈ/tests/integration/targets/cs_ip_address/tasks/network.yml:37" name="[testhost] testhost: cs_ip_address : setup clean ip_address with tags state=absent, tags=[AnsibleMapping([('key', 'unique_id'), ('value', 'adacd65e-7868-5ebf-9f8b-e6e0ea779861')])], network=ipaddr_test_network, zone={{ cs_common_zone_adv }}" time="0.495618">
			<system-out>{
&quot;api_http_method&quot;: &quot;get&quot;,
&quot;api_key&quot;: &quot;s7T2jkUw4lZNJd8d3931KuCDYcSS0TtbFDTZR-DQoL9-3jn_11UqE1LekwGXzPJLx87xF7nU-fi5yZzpDkOpIw&quot;,
&quot;api_region&quot;: &quot;cloudstack&quot;,
&quot;api_timeout&quot;: 60,
&quot;api_url&quot;: &quot;http://cloudstack-sim:8888/client/api&quot;,
&quot;api_verify_ssl_cert&quot;: null,
&quot;changed&quot;: false
}</system-out>
		</testcase>
		<testcase classname="/root/ansible_collections/ngine_io/cloudstack/tests/output/.tmp/integration/cs_ip_address-x99q3tju-ÅÑŚÌβŁÈ/tests/integration/targets/cs_ip_address/tasks/network.yml:46" name="[testhost] testhost: cs_ip_address : setup associate ip_address for SNAT network=ipaddr_test_network, zone={{ cs_common_zone_adv }}" time="2.614120">
			<system-out>{
&quot;account&quot;: &quot;admin&quot;,
&quot;api_http_method&quot;: &quot;get&quot;,
&quot;api_key&quot;: &quot;s7T2jkUw4lZNJd8d3931KuCDYcSS0TtbFDTZR-DQoL9-3jn_11UqE1LekwGXzPJLx87xF7nU-fi5yZzpDkOpIw&quot;,
&quot;api_region&quot;: &quot;cloudstack&quot;,
&quot;api_timeout&quot;: 60,
&quot;api_url&quot;: &quot;http://cloudstack-sim:8888/client/api&quot;,
&quot;api_verify_ssl_cert&quot;: null,
&quot;changed&quot;: true,
&quot;domain&quot;: &quot;ROOT&quot;,
&quot;id&quot;: &quot;1c761d85-d20d-4273-90be-27e8fb65bd82&quot;,
&quot;ip_address&quot;: &quot;192.168.2.6&quot;,
&quot;network&quot;: &quot;ipaddr_test_network&quot;,
&quot;state&quot;: &quot;Allocating&quot;,
&quot;tags&quot;: [],
&quot;zone&quot;: &quot;Sandbox-simulator-advanced&quot;
}</system-out>
		</testcase>
		<testcase classname="/root/ansible_collections/ngine_io/cloudstack/tests/output/.tmp/integration/cs_ip_address-x99q3tju-ÅÑŚÌβŁÈ/tests/integration/targets/cs_ip_address/tasks/network.yml:52" name="[testhost] testhost: cs_ip_address : test associate ip_address in check mode network=ipaddr_test_network, zone={{ cs_common_zone_adv }}" time="0.426276">
			<system-out>{
&quot;api_http_method&quot;: &quot;get&quot;,
&quot;api_key&quot;: &quot;s7T2jkUw4lZNJd8d3931KuCDYcSS0TtbFDTZR-DQoL9-3jn_11UqE1LekwGXzPJLx87xF7nU-fi5yZzpDkOpIw&quot;,
&quot;api_region&quot;: &quot;cloudstack&quot;,
&quot;api_timeout&quot;: 60,
&quot;api_url&quot;: &quot;http://cloudstack-sim:8888/client/api&quot;,
&quot;api_verify_ssl_cert&quot;: null,
&quot;changed&quot;: true,
&quot;network&quot;: &quot;ipaddr_test_network&quot;,
&quot;zone&quot;: &quot;Sandbox-simulator-advanced&quot;
}</system-out>
		</testcase>
		<testcase classname="/root/ansible_collections/ngine_io/cloudstack/tests/output/.tmp/integration/cs_ip_address-x99q3tju-ÅÑŚÌβŁÈ/tests/integration/targets/cs_ip_address/tasks/network.yml:58" name="[testhost] testhost: cs_ip_address : verify test associate ip_address in check mode that=['ip_address is successful', 'ip_address is changed']" time="0.034731">
			<system-out>{
    &quot;changed&quot;: false,
    &quot;msg&quot;: &quot;All assertions passed&quot;
}</system-out>
		</testcase>
		<testcase classname="/root/ansible_collections/ngine_io/cloudstack/tests/output/.tmp/integration/cs_ip_address-x99q3tju-ÅÑŚÌβŁÈ/tests/integration/targets/cs_ip_address/tasks/network.yml:64" name="[testhost] testhost: cs_ip_address : test associate ip_address network=ipaddr_test_network, zone={{ cs_common_zone_adv }}" time="2.581265">
			<system-out>{
&quot;account&quot;: &quot;admin&quot;,
&quot;api_http_method&quot;: &quot;get&quot;,
&quot;api_key&quot;: &quot;s7T2jkUw4lZNJd8d3931KuCDYcSS0TtbFDTZR-DQoL9-3jn_11UqE1LekwGXzPJLx87xF7nU-fi5yZzpDkOpIw&quot;,
&quot;api_region&quot;: &quot;cloudstack&quot;,
&quot;api_timeout&quot;: 60,
&quot;api_url&quot;: &quot;http://cloudstack-sim:8888/client/api&quot;,
&quot;api_verify_ssl_cert&quot;: null,
&quot;changed&quot;: true,
&quot;domain&quot;: &quot;ROOT&quot;,
&quot;id&quot;: &quot;cbf4841a-164d-484d-aa03-3c5d12fa3113&quot;,
&quot;ip_address&quot;: &quot;192.168.2.7&quot;,
&quot;network&quot;: &quot;ipaddr_test_network&quot;,
&quot;state&quot;: &quot;Allocating&quot;,
&quot;tags&quot;: [],
&quot;zone&quot;: &quot;Sandbox-simulator-advanced&quot;
}</system-out>
		</testcase>
		<testcase classname="/root/ansible_collections/ngine_io/cloudstack/tests/output/.tmp/integration/cs_ip_address-x99q3tju-ÅÑŚÌβŁÈ/tests/integration/targets/cs_ip_address/tasks/network.yml:69" name="[testhost] testhost: cs_ip_address : verify test associate ip_address that=['ip_address is successful', 'ip_address is changed', 'ip_address.ip_address is defined']" time="0.068302">
			<system-out>{
    &quot;changed&quot;: false,
    &quot;msg&quot;: &quot;All assertions passed&quot;
}</system-out>
		</testcase>
		<testcase classname="/root/ansible_collections/ngine_io/cloudstack/tests/output/.tmp/integration/cs_ip_address-x99q3tju-ÅÑŚÌβŁÈ/tests/integration/targets/cs_ip_address/tasks/network.yml:76" name="[testhost] testhost: cs_ip_address : test associate ip_address with tags in check mode network=ipaddr_test_network, tags=[AnsibleMapping([('key', 'unique_id'), ('value', 'adacd65e-7868-5ebf-9f8b-e6e0ea779861')])], zone={{ cs_common_zone_adv }}" time="0.450354">
			<system-out>{
&quot;api_http_method&quot;: &quot;get&quot;,
&quot;api_key&quot;: &quot;s7T2jkUw4lZNJd8d3931KuCDYcSS0TtbFDTZR-DQoL9-3jn_11UqE1LekwGXzPJLx87xF7nU-fi5yZzpDkOpIw&quot;,
&quot;api_region&quot;: &quot;cloudstack&quot;,
&quot;api_timeout&quot;: 60,
&quot;api_url&quot;: &quot;http://cloudstack-sim:8888/client/api&quot;,
&quot;api_verify_ssl_cert&quot;: null,
&quot;changed&quot;: true,
&quot;network&quot;: &quot;ipaddr_test_network&quot;,
&quot;zone&quot;: &quot;Sandbox-simulator-advanced&quot;
}</system-out>
		</testcase>
		<testcase classname="/root/ansible_collections/ngine_io/cloudstack/tests/output/.tmp/integration/cs_ip_address-x99q3tju-ÅÑŚÌβŁÈ/tests/integration/targets/cs_ip_address/tasks/network.yml:85" name="[testhost] testhost: cs_ip_address : verify test associate ip_address with tags in check mode that=['ip_address_tag is successful', 'ip_address_tag is changed']" time="0.033153">
			<system-out>{
    &quot;changed&quot;: false,
    &quot;msg&quot;: &quot;All assertions passed&quot;
}</system-out>
		</testcase>
		<testcase classname="/root/ansible_collections/ngine_io/cloudstack/tests/output/.tmp/integration/cs_ip_address-x99q3tju-ÅÑŚÌβŁÈ/tests/integration/targets/cs_ip_address/tasks/network.yml:91" name="[testhost] testhost: cs_ip_address : test associate ip_address with tags network=ipaddr_test_network, tags=[AnsibleMapping([('key', 'unique_id'), ('value', 'adacd65e-7868-5ebf-9f8b-e6e0ea779861')])], zone={{ cs_common_zone_adv }}" time="4.682102">
			<system-out>{
&quot;account&quot;: &quot;admin&quot;,
&quot;api_http_method&quot;: &quot;get&quot;,
&quot;api_key&quot;: &quot;s7T2jkUw4lZNJd8d3931KuCDYcSS0TtbFDTZR-DQoL9-3jn_11UqE1LekwGXzPJLx87xF7nU-fi5yZzpDkOpIw&quot;,
&quot;api_region&quot;: &quot;cloudstack&quot;,
&quot;api_timeout&quot;: 60,
&quot;api_url&quot;: &quot;http://cloudstack-sim:8888/client/api&quot;,
&quot;api_verify_ssl_cert&quot;: null,
&quot;changed&quot;: true,
&quot;domain&quot;: &quot;ROOT&quot;,
&quot;id&quot;: &quot;0c2b8734-59b7-4828-8e3e-6bc6a8c743ea&quot;,
&quot;ip_address&quot;: &quot;192.168.2.8&quot;,
&quot;network&quot;: &quot;ipaddr_test_network&quot;,
&quot;state&quot;: &quot;Allocating&quot;,
&quot;tags&quot;: [
{
&quot;key&quot;: &quot;unique_id&quot;,
&quot;value&quot;: &quot;adacd65e-7868-5ebf-9f8b-e6e0ea779861&quot;
}
],
&quot;zone&quot;: &quot;Sandbox-simulator-advanced&quot;
}</system-out>
		</testcase>
		<testcase classname="/root/ansible_collections/ngine_io/cloudstack/tests/output/.tmp/integration/cs_ip_address-x99q3tju-ÅÑŚÌβŁÈ/tests/integration/targets/cs_ip_address/tasks/network.yml:99" name="[testhost] testhost: cs_ip_address : verify test associate ip_address with tags that=['ip_address_tag is successful', 'ip_address_tag is changed', 'ip_address_tag.ip_address is defined', 'ip_address_tag.tags.0.key == &quot;unique_id&quot;', 'ip_address_tag.tags.0.value == &quot;adacd65e-7868-5ebf-9f8b-e6e0ea779861&quot;']" time="0.040561">
			<system-out>{
    &quot;changed&quot;: false,
    &quot;msg&quot;: &quot;All assertions passed&quot;
}</system-out>
		</testcase>
		<testcase classname="/root/ansible_collections/ngine_io/cloudstack/tests/output/.tmp/integration/cs_ip_address-x99q3tju-ÅÑŚÌβŁÈ/tests/integration/targets/cs_ip_address/tasks/network.yml:108" name="[testhost] testhost: cs_ip_address : test associate ip_address with tags idempotence network=ipaddr_test_network, tags=[AnsibleMapping([('key', 'unique_id'), ('value', 'adacd65e-7868-5ebf-9f8b-e6e0ea779861')])], zone={{ cs_common_zone_adv }}" time="0.383089">
			<system-out>{
&quot;account&quot;: &quot;admin&quot;,
&quot;api_http_method&quot;: &quot;get&quot;,
&quot;api_key&quot;: &quot;s7T2jkUw4lZNJd8d3931KuCDYcSS0TtbFDTZR-DQoL9-3jn_11UqE1LekwGXzPJLx87xF7nU-fi5yZzpDkOpIw&quot;,
&quot;api_region&quot;: &quot;cloudstack&quot;,
&quot;api_timeout&quot;: 60,
&quot;api_url&quot;: &quot;http://cloudstack-sim:8888/client/api&quot;,
&quot;api_verify_ssl_cert&quot;: null,
&quot;changed&quot;: false,
&quot;domain&quot;: &quot;ROOT&quot;,
&quot;id&quot;: &quot;0c2b8734-59b7-4828-8e3e-6bc6a8c743ea&quot;,
&quot;ip_address&quot;: &quot;192.168.2.8&quot;,
&quot;state&quot;: &quot;Allocated&quot;,
&quot;tags&quot;: [
{
&quot;key&quot;: &quot;unique_id&quot;,
&quot;value&quot;: &quot;adacd65e-7868-5ebf-9f8b-e6e0ea779861&quot;
}
],
&quot;zone&quot;: &quot;Sandbox-simulator-advanced&quot;
}</system-out>
		</testcase>
		<testcase classname="/root/ansible_collections/ngine_io/cloudstack/tests/output/.tmp/integration/cs_ip_address-x99q3tju-ÅÑŚÌβŁÈ/tests/integration/targets/cs_ip_address/tasks/network.yml:116" name="[testhost] testhost: cs_ip_address : verify test associate ip_address with tags idempotence that=['ip_address_tag is successful', 'ip_address_tag is not changed', 'ip_address_tag.ip_address is defined', 'ip_address_tag.state == &quot;Allocated&quot;', 'ip_address_tag.tags.0.key == &quot;unique_id&quot;', 'ip_address_tag.tags.0.value == &quot;adacd65e-7868-5ebf-9f8b-e6e0ea779861&quot;']" time="0.042091">
			<system-out>{
    &quot;changed&quot;: false,
    &quot;msg&quot;: &quot;All assertions passed&quot;
}</system-out>
		</testcase>
		<testcase classname="/root/ansible_collections/ngine_io/cloudstack/tests/output/.tmp/integration/cs_ip_address-x99q3tju-ÅÑŚÌβŁÈ/tests/integration/targets/cs_ip_address/tasks/network.yml:126" name="[testhost] testhost: cs_ip_address : test disassiociate ip_address with missing param ip_address state=absent, network=ipaddr_test_network, zone={{ cs_common_zone_adv }}" time="0.348149">
			<system-out>{
&quot;changed&quot;: false,
&quot;msg&quot;: &quot;state is absent but any of the following are missing: ip_address, tags&quot;
}</system-out>
		</testcase>
		<testcase classname="/root/ansible_collections/ngine_io/cloudstack/tests/output/.tmp/integration/cs_ip_address-x99q3tju-ÅÑŚÌβŁÈ/tests/integration/targets/cs_ip_address/tasks/network.yml:133" name="[testhost] testhost: cs_ip_address : verify test disassiociate ip_address with missing param ip_address that=['ip_address_err is failed', 'ip_address_err.msg == &quot;state is absent but any of the following are missing: ip_address, tags&quot;']" time="0.032197">
			<system-out>{
    &quot;changed&quot;: false,
    &quot;msg&quot;: &quot;All assertions passed&quot;
}</system-out>
		</testcase>
		<testcase classname="/root/ansible_collections/ngine_io/cloudstack/tests/output/.tmp/integration/cs_ip_address-x99q3tju-ÅÑŚÌβŁÈ/tests/integration/targets/cs_ip_address/tasks/network.yml:139" name="[testhost] testhost: cs_ip_address : test disassociate ip_address in check mode state=absent, ip_address={{ ip_address.ip_address }}, network=ipaddr_test_network, zone={{ cs_common_zone_adv }}" time="0.410259">
			<system-out>{
&quot;account&quot;: &quot;admin&quot;,
&quot;api_http_method&quot;: &quot;get&quot;,
&quot;api_key&quot;: &quot;s7T2jkUw4lZNJd8d3931KuCDYcSS0TtbFDTZR-DQoL9-3jn_11UqE1LekwGXzPJLx87xF7nU-fi5yZzpDkOpIw&quot;,
&quot;api_region&quot;: &quot;cloudstack&quot;,
&quot;api_timeout&quot;: 60,
&quot;api_url&quot;: &quot;http://cloudstack-sim:8888/client/api&quot;,
&quot;api_verify_ssl_cert&quot;: null,
&quot;changed&quot;: true,
&quot;domain&quot;: &quot;ROOT&quot;,
&quot;id&quot;: &quot;cbf4841a-164d-484d-aa03-3c5d12fa3113&quot;,
&quot;ip_address&quot;: &quot;192.168.2.7&quot;,
&quot;state&quot;: &quot;Allocated&quot;,
&quot;tags&quot;: [],
&quot;zone&quot;: &quot;Sandbox-simulator-advanced&quot;
}</system-out>
		</testcase>
		<testcase classname="/root/ansible_collections/ngine_io/cloudstack/tests/output/.tmp/integration/cs_ip_address-x99q3tju-ÅÑŚÌβŁÈ/tests/integration/targets/cs_ip_address/tasks/network.yml:147" name="[testhost] testhost: cs_ip_address : verify test disassociate ip_address in check mode that=['ip_address is successful', 'ip_address is changed']" time="0.045492">
			<system-out>{
    &quot;changed&quot;: false,
    &quot;msg&quot;: &quot;All assertions passed&quot;
}</system-out>
		</testcase>
		<testcase classname="/root/ansible_collections/ngine_io/cloudstack/tests/output/.tmp/integration/cs_ip_address-x99q3tju-ÅÑŚÌβŁÈ/tests/integration/targets/cs_ip_address/tasks/network.yml:153" name="[testhost] testhost: cs_ip_address : test disassociate ip_address state=absent, ip_address={{ ip_address.ip_address }}, network=ipaddr_test_network, zone={{ cs_common_zone_adv }}" time="2.631111">
			<system-out>{
&quot;account&quot;: &quot;admin&quot;,
&quot;api_http_method&quot;: &quot;get&quot;,
&quot;api_key&quot;: &quot;s7T2jkUw4lZNJd8d3931KuCDYcSS0TtbFDTZR-DQoL9-3jn_11UqE1LekwGXzPJLx87xF7nU-fi5yZzpDkOpIw&quot;,
&quot;api_region&quot;: &quot;cloudstack&quot;,
&quot;api_timeout&quot;: 60,
&quot;api_url&quot;: &quot;http://cloudstack-sim:8888/client/api&quot;,
&quot;api_verify_ssl_cert&quot;: null,
&quot;changed&quot;: true,
&quot;domain&quot;: &quot;ROOT&quot;,
&quot;id&quot;: &quot;cbf4841a-164d-484d-aa03-3c5d12fa3113&quot;,
&quot;ip_address&quot;: &quot;192.168.2.7&quot;,
&quot;state&quot;: &quot;Allocated&quot;,
&quot;tags&quot;: [],
&quot;zone&quot;: &quot;Sandbox-simulator-advanced&quot;
}</system-out>
		</testcase>
		<testcase classname="/root/ansible_collections/ngine_io/cloudstack/tests/output/.tmp/integration/cs_ip_address-x99q3tju-ÅÑŚÌβŁÈ/tests/integration/targets/cs_ip_address/tasks/network.yml:160" name="[testhost] testhost: cs_ip_address : verify test disassociate ip_address that=['ip_address is successful', 'ip_address is changed']" time="0.040291">
			<system-out>{
    &quot;changed&quot;: false,
    &quot;msg&quot;: &quot;All assertions passed&quot;
}</system-out>
		</testcase>
		<testcase classname="/root/ansible_collections/ngine_io/cloudstack/tests/output/.tmp/integration/cs_ip_address-x99q3tju-ÅÑŚÌβŁÈ/tests/integration/targets/cs_ip_address/tasks/network.yml:166" name="[testhost] testhost: cs_ip_address : test disassociate ip_address idempotence state=absent, ip_address={{ ip_address.ip_address }}, network=ipaddr_test_network, zone={{ cs_common_zone_adv }}" time="0.380050">
			<system-out>{
&quot;api_http_method&quot;: &quot;get&quot;,
&quot;api_key&quot;: &quot;s7T2jkUw4lZNJd8d3931KuCDYcSS0TtbFDTZR-DQoL9-3jn_11UqE1LekwGXzPJLx87xF7nU-fi5yZzpDkOpIw&quot;,
&quot;api_region&quot;: &quot;cloudstack&quot;,
&quot;api_timeout&quot;: 60,
&quot;api_url&quot;: &quot;http://cloudstack-sim:8888/client/api&quot;,
&quot;api_verify_ssl_cert&quot;: null,
&quot;changed&quot;: false
}</system-out>
		</testcase>
		<testcase classname="/root/ansible_collections/ngine_io/cloudstack/tests/output/.tmp/integration/cs_ip_address-x99q3tju-ÅÑŚÌβŁÈ/tests/integration/targets/cs_ip_address/tasks/network.yml:173" name="[testhost] testhost: cs_ip_address : verify test disassociate ip_address idempotence that=['ip_address is successful', 'ip_address is not changed']" time="0.035130">
			<system-out>{
    &quot;changed&quot;: false,
    &quot;msg&quot;: &quot;All assertions passed&quot;
}</system-out>
		</testcase>
		<testcase classname="/root/ansible_collections/ngine_io/cloudstack/tests/output/.tmp/integration/cs_ip_address-x99q3tju-ÅÑŚÌβŁÈ/tests/integration/targets/cs_ip_address/tasks/network.yml:179" name="[testhost] testhost: cs_ip_address : test disassociate ip_address with tags with check mode state=absent, tags=[AnsibleMapping([('key', 'unique_id'), ('value', 'adacd65e-7868-5ebf-9f8b-e6e0ea779861')])], network=ipaddr_test_network, zone={{ cs_common_zone_adv }}" time="0.396178">
			<system-out>{
&quot;account&quot;: &quot;admin&quot;,
&quot;api_http_method&quot;: &quot;get&quot;,
&quot;api_key&quot;: &quot;s7T2jkUw4lZNJd8d3931KuCDYcSS0TtbFDTZR-DQoL9-3jn_11UqE1LekwGXzPJLx87xF7nU-fi5yZzpDkOpIw&quot;,
&quot;api_region&quot;: &quot;cloudstack&quot;,
&quot;api_timeout&quot;: 60,
&quot;api_url&quot;: &quot;http://cloudstack-sim:8888/client/api&quot;,
&quot;api_verify_ssl_cert&quot;: null,
&quot;changed&quot;: true,
&quot;domain&quot;: &quot;ROOT&quot;,
&quot;id&quot;: &quot;0c2b8734-59b7-4828-8e3e-6bc6a8c743ea&quot;,
&quot;ip_address&quot;: &quot;192.168.2.8&quot;,
&quot;state&quot;: &quot;Allocated&quot;,
&quot;tags&quot;: [
{
&quot;key&quot;: &quot;unique_id&quot;,
&quot;value&quot;: &quot;adacd65e-7868-5ebf-9f8b-e6e0ea779861&quot;
}
],
&quot;zone&quot;: &quot;Sandbox-simulator-advanced&quot;
}</system-out>
		</testcase>
		<testcase classname="/root/ansible_collections/ngine_io/cloudstack/tests/output/.tmp/integration/cs_ip_address-x99q3tju-ÅÑŚÌβŁÈ/tests/integration/targets/cs_ip_address/tasks/network.yml:189" name="[testhost] testhost: cs_ip_address : verify test disassociate ip_address with tags in check mode that=['ip_address is successful', 'ip_address is changed']" time="0.036590">
			<system-out>{
    &quot;changed&quot;: false,
    &quot;msg&quot;: &quot;All assertions passed&quot;
}</system-out>
		</testcase>
		<testcase classname="/root/ansible_collections/ngine_io/cloudstack/tests/output/.tmp/integration/cs_ip_address-x99q3tju-ÅÑŚÌβŁÈ/tests/integration/targets/cs_ip_address/tasks/network.yml:195" name="[testhost] testhost: cs_ip_address : test disassociate ip_address with tags state=absent, tags=[AnsibleMapping([('key', 'unique_id'), ('value', 'adacd65e-7868-5ebf-9f8b-e6e0ea779861')])], network=ipaddr_test_network, zone={{ cs_common_zone_adv }}" time="2.593609">
			<system-out>{
&quot;account&quot;: &quot;admin&quot;,
&quot;api_http_method&quot;: &quot;get&quot;,
&quot;api_key&quot;: &quot;s7T2jkUw4lZNJd8d3931KuCDYcSS0TtbFDTZR-DQoL9-3jn_11UqE1LekwGXzPJLx87xF7nU-fi5yZzpDkOpIw&quot;,
&quot;api_region&quot;: &quot;cloudstack&quot;,
&quot;api_timeout&quot;: 60,
&quot;api_url&quot;: &quot;http://cloudstack-sim:8888/client/api&quot;,
&quot;api_verify_ssl_cert&quot;: null,
&quot;changed&quot;: true,
&quot;domain&quot;: &quot;ROOT&quot;,
&quot;id&quot;: &quot;0c2b8734-59b7-4828-8e3e-6bc6a8c743ea&quot;,
&quot;ip_address&quot;: &quot;192.168.2.8&quot;,
&quot;state&quot;: &quot;Allocated&quot;,
&quot;tags&quot;: [],
&quot;zone&quot;: &quot;Sandbox-simulator-advanced&quot;
}</system-out>
		</testcase>
		<testcase classname="/root/ansible_collections/ngine_io/cloudstack/tests/output/.tmp/integration/cs_ip_address-x99q3tju-ÅÑŚÌβŁÈ/tests/integration/targets/cs_ip_address/tasks/network.yml:204" name="[testhost] testhost: cs_ip_address : verify test disassociate ip_address with tags that=['ip_address is successful', 'ip_address is changed']" time="0.033290">
			<system-out>{
    &quot;changed&quot;: false,
    &quot;msg&quot;: &quot;All assertions passed&quot;
}</system-out>
		</testcase>
		<testcase classname="/root/ansible_collections/ngine_io/cloudstack/tests/output/.tmp/integration/cs_ip_address-x99q3tju-ÅÑŚÌβŁÈ/tests/integration/targets/cs_ip_address/tasks/network.yml:210" name="[testhost] testhost: cs_ip_address : test disassociate ip_address with tags idempotence state=absent, tags=[AnsibleMapping([('key', 'unique_id'), ('value', 'adacd65e-7868-5ebf-9f8b-e6e0ea779861')])], network=ipaddr_test_network, zone={{ cs_common_zone_adv }}" time="0.404059">
			<system-out>{
&quot;api_http_method&quot;: &quot;get&quot;,
&quot;api_key&quot;: &quot;s7T2jkUw4lZNJd8d3931KuCDYcSS0TtbFDTZR-DQoL9-3jn_11UqE1LekwGXzPJLx87xF7nU-fi5yZzpDkOpIw&quot;,
&quot;api_region&quot;: &quot;cloudstack&quot;,
&quot;api_timeout&quot;: 60,
&quot;api_url&quot;: &quot;http://cloudstack-sim:8888/client/api&quot;,
&quot;api_verify_ssl_cert&quot;: null,
&quot;changed&quot;: false
}</system-out>
		</testcase>
		<testcase classname="/root/ansible_collections/ngine_io/cloudstack/tests/output/.tmp/integration/cs_ip_address-x99q3tju-ÅÑŚÌβŁÈ/tests/integration/targets/cs_ip_address/tasks/network.yml:219" name="[testhost] testhost: cs_ip_address : verify test disassociate ip_address with tags idempotence that=['ip_address is successful', 'ip_address is not changed']" time="0.034748">
			<system-out>{
    &quot;changed&quot;: false,
    &quot;msg&quot;: &quot;All assertions passed&quot;
}</system-out>
		</testcase>
		<testcase classname="/root/ansible_collections/ngine_io/cloudstack/tests/output/.tmp/integration/cs_ip_address-x99q3tju-ÅÑŚÌβŁÈ/tests/integration/targets/cs_ip_address/tasks/network.yml:225" name="[testhost] testhost: cs_ip_address : cleanup instance name={{ cs_resource_prefix }}-vm-cs-ip-address, zone={{ cs_common_zone_adv }}, state=expunged" time="8.765997">
			<system-out>{
&quot;account&quot;: &quot;admin&quot;,
&quot;affinity_groups&quot;: [],
&quot;api_http_method&quot;: &quot;get&quot;,
&quot;api_key&quot;: &quot;s7T2jkUw4lZNJd8d3931KuCDYcSS0TtbFDTZR-DQoL9-3jn_11UqE1LekwGXzPJLx87xF7nU-fi5yZzpDkOpIw&quot;,
&quot;api_region&quot;: &quot;cloudstack&quot;,
&quot;api_timeout&quot;: 60,
&quot;api_url&quot;: &quot;http://cloudstack-sim:8888/client/api&quot;,
&quot;api_verify_ssl_cert&quot;: null,
&quot;changed&quot;: true,
&quot;created&quot;: &quot;2021-01-22T10:19:29+0000&quot;,
&quot;default_ip&quot;: &quot;10.1.1.201&quot;,
&quot;display_name&quot;: &quot;ansible-test-asusraf-14833001-vm-cs-ip-address&quot;,
&quot;domain&quot;: &quot;ROOT&quot;,
&quot;host&quot;: &quot;SimulatedAgent.5695f591-c6b5-48e7-b5c2-8f814f503bde&quot;,
&quot;hypervisor&quot;: &quot;Simulator&quot;,
&quot;id&quot;: &quot;600ff6f3-7494-466e-a979-85361516f533&quot;,
&quot;instance_name&quot;: &quot;i-2-19-QA&quot;,
&quot;name&quot;: &quot;ansible-test-asusraf-14833001-vm-cs-ip-address&quot;,
&quot;password_enabled&quot;: true,
&quot;security_groups&quot;: [],
&quot;service_offering&quot;: &quot;Small Instance&quot;,
&quot;state&quot;: &quot;Running&quot;,
&quot;tags&quot;: [],
&quot;template&quot;: &quot;CentOS 5.6 (64-bit) no GUI (Simulator)&quot;,
&quot;template_display_text&quot;: &quot;CentOS 5.6 (64-bit) no GUI (Simulator)&quot;,
&quot;user_data&quot;: &quot;&quot;,
&quot;zone&quot;: &quot;Sandbox-simulator-advanced&quot;
}</system-out>
		</testcase>
		<testcase classname="/root/ansible_collections/ngine_io/cloudstack/tests/output/.tmp/integration/cs_ip_address-x99q3tju-ÅÑŚÌβŁÈ/tests/integration/targets/cs_ip_address/tasks/network.yml:231" name="[testhost] testhost: cs_ip_address : verify instance cleanup that=['instance is successful']" time="0.032853">
			<system-out>{
    &quot;changed&quot;: false,
    &quot;msg&quot;: &quot;All assertions passed&quot;
}</system-out>
		</testcase>
		<testcase classname="/root/ansible_collections/ngine_io/cloudstack/tests/output/.tmp/integration/cs_ip_address-x99q3tju-ÅÑŚÌβŁÈ/tests/integration/targets/cs_ip_address/tasks/network.yml:236" name="[testhost] testhost: cs_ip_address : clean the test network name=ipaddr_test_network, state=absent, zone={{ cs_common_zone_adv }}" time="4.712301">
			<system-out>{
&quot;account&quot;: &quot;admin&quot;,
&quot;acl&quot;: null,
&quot;acl_type&quot;: &quot;Account&quot;,
&quot;api_http_method&quot;: &quot;get&quot;,
&quot;api_key&quot;: &quot;s7T2jkUw4lZNJd8d3931KuCDYcSS0TtbFDTZR-DQoL9-3jn_11UqE1LekwGXzPJLx87xF7nU-fi5yZzpDkOpIw&quot;,
&quot;api_region&quot;: &quot;cloudstack&quot;,
&quot;api_timeout&quot;: 60,
&quot;api_url&quot;: &quot;http://cloudstack-sim:8888/client/api&quot;,
&quot;api_verify_ssl_cert&quot;: null,
&quot;broadcast_domain_type&quot;: &quot;Vlan&quot;,
&quot;changed&quot;: true,
&quot;cidr&quot;: &quot;10.1.1.0/24&quot;,
&quot;display_text&quot;: &quot;ipaddr_test_network&quot;,
&quot;dns1&quot;: &quot;10.147.28.7&quot;,
&quot;domain&quot;: &quot;ROOT&quot;,
&quot;gateway&quot;: &quot;10.1.1.1&quot;,
&quot;id&quot;: &quot;4c7c9fe6-ead9-4214-ade3-0f2f1d29d3c6&quot;,
&quot;is_persistent&quot;: false,
&quot;is_system&quot;: false,
&quot;name&quot;: &quot;ipaddr_test_network&quot;,
&quot;netmask&quot;: &quot;255.255.255.0&quot;,
&quot;network_domain&quot;: &quot;cs2sandbox.simulator&quot;,
&quot;network_offering&quot;: &quot;DefaultIsolatedNetworkOfferingWithSourceNatService&quot;,
&quot;network_offering_availability&quot;: &quot;Required&quot;,
&quot;network_offering_conserve_mode&quot;: true,
&quot;network_offering_display_text&quot;: &quot;Offering for Isolated networks with Source Nat service enabled&quot;,
&quot;state&quot;: &quot;Implemented&quot;,
&quot;tags&quot;: [],
&quot;traffic_type&quot;: &quot;Guest&quot;,
&quot;type&quot;: &quot;Isolated&quot;,
&quot;zone&quot;: &quot;Sandbox-simulator-advanced&quot;
}</system-out>
		</testcase>
		<testcase classname="/root/ansible_collections/ngine_io/cloudstack/tests/output/.tmp/integration/cs_ip_address-x99q3tju-ÅÑŚÌβŁÈ/tests/integration/targets/cs_ip_address/tasks/vpc.yml:2" name="[testhost] testhost: cs_ip_address : setup vpc name={{ cs_resource_prefix }}_vpc_ip_address, cidr=10.10.111.0/16, zone={{ cs_common_zone_adv }}" time="4.854754">
			<system-out>{
&quot;account&quot;: &quot;admin&quot;,
&quot;api_http_method&quot;: &quot;get&quot;,
&quot;api_key&quot;: &quot;s7T2jkUw4lZNJd8d3931KuCDYcSS0TtbFDTZR-DQoL9-3jn_11UqE1LekwGXzPJLx87xF7nU-fi5yZzpDkOpIw&quot;,
&quot;api_region&quot;: &quot;cloudstack&quot;,
&quot;api_timeout&quot;: 60,
&quot;api_url&quot;: &quot;http://cloudstack-sim:8888/client/api&quot;,
&quot;api_verify_ssl_cert&quot;: null,
&quot;changed&quot;: true,
&quot;cidr&quot;: &quot;10.10.111.0/16&quot;,
&quot;display_text&quot;: &quot;ansible-test-asusraf-14833001_vpc_ip_address&quot;,
&quot;distributed_vpc_router&quot;: false,
&quot;domain&quot;: &quot;ROOT&quot;,
&quot;id&quot;: &quot;008bb343-2b4a-4113-8ca3-adea382c37ee&quot;,
&quot;name&quot;: &quot;ansible-test-asusraf-14833001_vpc_ip_address&quot;,
&quot;network_domain&quot;: &quot;cs2sandbox.simulator&quot;,
&quot;redundant_vpc_router&quot;: false,
&quot;region_level_vpc&quot;: false,
&quot;restart_required&quot;: false,
&quot;state&quot;: &quot;Enabled&quot;,
&quot;tags&quot;: [],
&quot;zone&quot;: &quot;Sandbox-simulator-advanced&quot;
}</system-out>
		</testcase>
		<testcase classname="/root/ansible_collections/ngine_io/cloudstack/tests/output/.tmp/integration/cs_ip_address-x99q3tju-ÅÑŚÌβŁÈ/tests/integration/targets/cs_ip_address/tasks/vpc.yml:8" name="[testhost] testhost: cs_ip_address : verify setup vpc that=['vpc is successful']" time="0.036994">
			<system-out>{
    &quot;changed&quot;: false,
    &quot;msg&quot;: &quot;All assertions passed&quot;
}</system-out>
		</testcase>
		<testcase classname="/root/ansible_collections/ngine_io/cloudstack/tests/output/.tmp/integration/cs_ip_address-x99q3tju-ÅÑŚÌβŁÈ/tests/integration/targets/cs_ip_address/tasks/vpc.yml:13" name="[testhost] testhost: cs_ip_address : setup clean ip_address with tags state=absent, vpc={{ cs_resource_prefix }}_vpc_ip_address, tags=[AnsibleMapping([('key', 'unique_id'), ('value', '86cdce4c-dce7-11e8-8394-00262df3bf70')])], zone={{ cs_common_zone_adv }}" time="0.406770">
			<system-out>{
&quot;api_http_method&quot;: &quot;get&quot;,
&quot;api_key&quot;: &quot;s7T2jkUw4lZNJd8d3931KuCDYcSS0TtbFDTZR-DQoL9-3jn_11UqE1LekwGXzPJLx87xF7nU-fi5yZzpDkOpIw&quot;,
&quot;api_region&quot;: &quot;cloudstack&quot;,
&quot;api_timeout&quot;: 60,
&quot;api_url&quot;: &quot;http://cloudstack-sim:8888/client/api&quot;,
&quot;api_verify_ssl_cert&quot;: null,
&quot;changed&quot;: false,
&quot;vpc&quot;: &quot;ansible-test-asusraf-14833001_vpc_ip_address&quot;,
&quot;zone&quot;: &quot;Sandbox-simulator-advanced&quot;
}</system-out>
		</testcase>
		<testcase classname="/root/ansible_collections/ngine_io/cloudstack/tests/output/.tmp/integration/cs_ip_address-x99q3tju-ÅÑŚÌβŁÈ/tests/integration/targets/cs_ip_address/tasks/vpc.yml:22" name="[testhost] testhost: cs_ip_address : test associate ip_address in vpc with tags in check mode vpc={{ cs_resource_prefix }}_vpc_ip_address, tags=[AnsibleMapping([('key', 'unique_id'), ('value', '86cdce4c-dce7-11e8-8394-00262df3bf70')])], zone={{ cs_common_zone_adv }}" time="0.411214">
			<system-out>{
&quot;api_http_method&quot;: &quot;get&quot;,
&quot;api_key&quot;: &quot;s7T2jkUw4lZNJd8d3931KuCDYcSS0TtbFDTZR-DQoL9-3jn_11UqE1LekwGXzPJLx87xF7nU-fi5yZzpDkOpIw&quot;,
&quot;api_region&quot;: &quot;cloudstack&quot;,
&quot;api_timeout&quot;: 60,
&quot;api_url&quot;: &quot;http://cloudstack-sim:8888/client/api&quot;,
&quot;api_verify_ssl_cert&quot;: null,
&quot;changed&quot;: true,
&quot;vpc&quot;: &quot;ansible-test-asusraf-14833001_vpc_ip_address&quot;,
&quot;zone&quot;: &quot;Sandbox-simulator-advanced&quot;
}</system-out>
		</testcase>
		<testcase classname="/root/ansible_collections/ngine_io/cloudstack/tests/output/.tmp/integration/cs_ip_address-x99q3tju-ÅÑŚÌβŁÈ/tests/integration/targets/cs_ip_address/tasks/vpc.yml:31" name="[testhost] testhost: cs_ip_address : verify test associate ip_address in vpc with tags in check mode that=['ip_address_tag is successful', 'ip_address_tag is changed']" time="0.033777">
			<system-out>{
    &quot;changed&quot;: false,
    &quot;msg&quot;: &quot;All assertions passed&quot;
}</system-out>
		</testcase>
		<testcase classname="/root/ansible_collections/ngine_io/cloudstack/tests/output/.tmp/integration/cs_ip_address-x99q3tju-ÅÑŚÌβŁÈ/tests/integration/targets/cs_ip_address/tasks/vpc.yml:37" name="[testhost] testhost: cs_ip_address : test associate ip_address in vpc with tags vpc={{ cs_resource_prefix }}_vpc_ip_address, tags=[AnsibleMapping([('key', 'unique_id'), ('value', '86cdce4c-dce7-11e8-8394-00262df3bf70')])], zone={{ cs_common_zone_adv }}" time="2.671151">
			<system-out>{
&quot;account&quot;: &quot;admin&quot;,
&quot;api_http_method&quot;: &quot;get&quot;,
&quot;api_key&quot;: &quot;s7T2jkUw4lZNJd8d3931KuCDYcSS0TtbFDTZR-DQoL9-3jn_11UqE1LekwGXzPJLx87xF7nU-fi5yZzpDkOpIw&quot;,
&quot;api_region&quot;: &quot;cloudstack&quot;,
&quot;api_timeout&quot;: 60,
&quot;api_url&quot;: &quot;http://cloudstack-sim:8888/client/api&quot;,
&quot;api_verify_ssl_cert&quot;: null,
&quot;changed&quot;: true,
&quot;domain&quot;: &quot;ROOT&quot;,
&quot;id&quot;: &quot;1c761d85-d20d-4273-90be-27e8fb65bd82&quot;,
&quot;ip_address&quot;: &quot;192.168.2.6&quot;,
&quot;state&quot;: &quot;Allocated&quot;,
&quot;tags&quot;: [
{
&quot;key&quot;: &quot;unique_id&quot;,
&quot;value&quot;: &quot;86cdce4c-dce7-11e8-8394-00262df3bf70&quot;
}
],
&quot;vpc&quot;: &quot;ansible-test-asusraf-14833001_vpc_ip_address&quot;,
&quot;zone&quot;: &quot;Sandbox-simulator-advanced&quot;
}</system-out>
		</testcase>
		<testcase classname="/root/ansible_collections/ngine_io/cloudstack/tests/output/.tmp/integration/cs_ip_address-x99q3tju-ÅÑŚÌβŁÈ/tests/integration/targets/cs_ip_address/tasks/vpc.yml:45" name="[testhost] testhost: cs_ip_address : verify test associate ip_address in vpc with tags that=['ip_address_tag is successful', 'ip_address_tag is changed', 'ip_address_tag.ip_address is defined', 'ip_address_tag.tags.0.key == &quot;unique_id&quot;', 'ip_address_tag.tags.0.value == &quot;86cdce4c-dce7-11e8-8394-00262df3bf70&quot;']" time="0.045678">
			<system-out>{
    &quot;changed&quot;: false,
    &quot;msg&quot;: &quot;All assertions passed&quot;
}</system-out>
		</testcase>
		<testcase classname="/root/ansible_collections/ngine_io/cloudstack/tests/output/.tmp/integration/cs_ip_address-x99q3tju-ÅÑŚÌβŁÈ/tests/integration/targets/cs_ip_address/tasks/vpc.yml:54" name="[testhost] testhost: cs_ip_address : test associate ip_address in vpc with tags idempotence vpc={{ cs_resource_prefix }}_vpc_ip_address, tags=[AnsibleMapping([('key', 'unique_id'), ('value', '86cdce4c-dce7-11e8-8394-00262df3bf70')])], zone={{ cs_common_zone_adv }}" time="0.410800">
			<system-out>{
&quot;account&quot;: &quot;admin&quot;,
&quot;api_http_method&quot;: &quot;get&quot;,
&quot;api_key&quot;: &quot;s7T2jkUw4lZNJd8d3931KuCDYcSS0TtbFDTZR-DQoL9-3jn_11UqE1LekwGXzPJLx87xF7nU-fi5yZzpDkOpIw&quot;,
&quot;api_region&quot;: &quot;cloudstack&quot;,
&quot;api_timeout&quot;: 60,
&quot;api_url&quot;: &quot;http://cloudstack-sim:8888/client/api&quot;,
&quot;api_verify_ssl_cert&quot;: null,
&quot;changed&quot;: false,
&quot;domain&quot;: &quot;ROOT&quot;,
&quot;id&quot;: &quot;1c761d85-d20d-4273-90be-27e8fb65bd82&quot;,
&quot;ip_address&quot;: &quot;192.168.2.6&quot;,
&quot;state&quot;: &quot;Allocated&quot;,
&quot;tags&quot;: [
{
&quot;key&quot;: &quot;unique_id&quot;,
&quot;value&quot;: &quot;86cdce4c-dce7-11e8-8394-00262df3bf70&quot;
}
],
&quot;vpc&quot;: &quot;ansible-test-asusraf-14833001_vpc_ip_address&quot;,
&quot;zone&quot;: &quot;Sandbox-simulator-advanced&quot;
}</system-out>
		</testcase>
		<testcase classname="/root/ansible_collections/ngine_io/cloudstack/tests/output/.tmp/integration/cs_ip_address-x99q3tju-ÅÑŚÌβŁÈ/tests/integration/targets/cs_ip_address/tasks/vpc.yml:62" name="[testhost] testhost: cs_ip_address : verify test associate ip_address in vpc with tags idempotence that=['ip_address_tag is successful', 'ip_address_tag is not changed', 'ip_address_tag.ip_address is defined', 'ip_address_tag.state == &quot;Allocated&quot;', 'ip_address_tag.tags.0.key == &quot;unique_id&quot;', 'ip_address_tag.tags.0.value == &quot;86cdce4c-dce7-11e8-8394-00262df3bf70&quot;']" time="0.043613">
			<system-out>{
    &quot;changed&quot;: false,
    &quot;msg&quot;: &quot;All assertions passed&quot;
}</system-out>
		</testcase>
		<testcase classname="/root/ansible_collections/ngine_io/cloudstack/tests/output/.tmp/integration/cs_ip_address-x99q3tju-ÅÑŚÌβŁÈ/tests/integration/targets/cs_ip_address/tasks/vpc.yml:72" name="[testhost] testhost: cs_ip_address : test disassociate ip_address in vpc in check mode state=absent, ip_address={{ ip_address_tag.ip_address  }}, vpc={{ cs_resource_prefix }}_vpc_ip_address, zone={{ cs_common_zone_adv }}" time="0.452162">
			<system-out>{
&quot;account&quot;: &quot;admin&quot;,
&quot;api_http_method&quot;: &quot;get&quot;,
&quot;api_key&quot;: &quot;s7T2jkUw4lZNJd8d3931KuCDYcSS0TtbFDTZR-DQoL9-3jn_11UqE1LekwGXzPJLx87xF7nU-fi5yZzpDkOpIw&quot;,
&quot;api_region&quot;: &quot;cloudstack&quot;,
&quot;api_timeout&quot;: 60,
&quot;api_url&quot;: &quot;http://cloudstack-sim:8888/client/api&quot;,
&quot;api_verify_ssl_cert&quot;: null,
&quot;changed&quot;: true,
&quot;domain&quot;: &quot;ROOT&quot;,
&quot;id&quot;: &quot;1c761d85-d20d-4273-90be-27e8fb65bd82&quot;,
&quot;ip_address&quot;: &quot;192.168.2.6&quot;,
&quot;state&quot;: &quot;Allocated&quot;,
&quot;tags&quot;: [
{
&quot;key&quot;: &quot;unique_id&quot;,
&quot;value&quot;: &quot;86cdce4c-dce7-11e8-8394-00262df3bf70&quot;
}
],
&quot;vpc&quot;: &quot;ansible-test-asusraf-14833001_vpc_ip_address&quot;,
&quot;zone&quot;: &quot;Sandbox-simulator-advanced&quot;
}</system-out>
		</testcase>
		<testcase classname="/root/ansible_collections/ngine_io/cloudstack/tests/output/.tmp/integration/cs_ip_address-x99q3tju-ÅÑŚÌβŁÈ/tests/integration/targets/cs_ip_address/tasks/vpc.yml:80" name="[testhost] testhost: cs_ip_address : verify test disassociate ip_address in vpc in check mode that=['ip_address is successful', 'ip_address is changed']" time="0.040413">
			<system-out>{
    &quot;changed&quot;: false,
    &quot;msg&quot;: &quot;All assertions passed&quot;
}</system-out>
		</testcase>
		<testcase classname="/root/ansible_collections/ngine_io/cloudstack/tests/output/.tmp/integration/cs_ip_address-x99q3tju-ÅÑŚÌβŁÈ/tests/integration/targets/cs_ip_address/tasks/vpc.yml:86" name="[testhost] testhost: cs_ip_address : test disassociate ip_address in vpc state=absent, ip_address={{ ip_address_tag.ip_address  }}, vpc={{ cs_resource_prefix }}_vpc_ip_address, zone={{ cs_common_zone_adv }}" time="4.614038">
			<system-out>{
&quot;account&quot;: &quot;admin&quot;,
&quot;api_http_method&quot;: &quot;get&quot;,
&quot;api_key&quot;: &quot;s7T2jkUw4lZNJd8d3931KuCDYcSS0TtbFDTZR-DQoL9-3jn_11UqE1LekwGXzPJLx87xF7nU-fi5yZzpDkOpIw&quot;,
&quot;api_region&quot;: &quot;cloudstack&quot;,
&quot;api_timeout&quot;: 60,
&quot;api_url&quot;: &quot;http://cloudstack-sim:8888/client/api&quot;,
&quot;api_verify_ssl_cert&quot;: null,
&quot;changed&quot;: true,
&quot;domain&quot;: &quot;ROOT&quot;,
&quot;id&quot;: &quot;1c761d85-d20d-4273-90be-27e8fb65bd82&quot;,
&quot;ip_address&quot;: &quot;192.168.2.6&quot;,
&quot;state&quot;: &quot;Allocated&quot;,
&quot;tags&quot;: [],
&quot;vpc&quot;: &quot;ansible-test-asusraf-14833001_vpc_ip_address&quot;,
&quot;zone&quot;: &quot;Sandbox-simulator-advanced&quot;
}</system-out>
		</testcase>
		<testcase classname="/root/ansible_collections/ngine_io/cloudstack/tests/output/.tmp/integration/cs_ip_address-x99q3tju-ÅÑŚÌβŁÈ/tests/integration/targets/cs_ip_address/tasks/vpc.yml:93" name="[testhost] testhost: cs_ip_address : verify test disassociate ip_address in vpc that=['ip_address is successful', 'ip_address is changed']" time="0.033416">
			<system-out>{
    &quot;changed&quot;: false,
    &quot;msg&quot;: &quot;All assertions passed&quot;
}</system-out>
		</testcase>
		<testcase classname="/root/ansible_collections/ngine_io/cloudstack/tests/output/.tmp/integration/cs_ip_address-x99q3tju-ÅÑŚÌβŁÈ/tests/integration/targets/cs_ip_address/tasks/vpc.yml:99" name="[testhost] testhost: cs_ip_address : test disassociate ip_address in vpc idempotence state=absent, ip_address={{ ip_address_tag.ip_address  }}, vpc={{ cs_resource_prefix }}_vpc_ip_address, zone={{ cs_common_zone_adv }}" time="0.408710">
			<system-out>{
&quot;api_http_method&quot;: &quot;get&quot;,
&quot;api_key&quot;: &quot;s7T2jkUw4lZNJd8d3931KuCDYcSS0TtbFDTZR-DQoL9-3jn_11UqE1LekwGXzPJLx87xF7nU-fi5yZzpDkOpIw&quot;,
&quot;api_region&quot;: &quot;cloudstack&quot;,
&quot;api_timeout&quot;: 60,
&quot;api_url&quot;: &quot;http://cloudstack-sim:8888/client/api&quot;,
&quot;api_verify_ssl_cert&quot;: null,
&quot;changed&quot;: false,
&quot;vpc&quot;: &quot;ansible-test-asusraf-14833001_vpc_ip_address&quot;,
&quot;zone&quot;: &quot;Sandbox-simulator-advanced&quot;
}</system-out>
		</testcase>
		<testcase classname="/root/ansible_collections/ngine_io/cloudstack/tests/output/.tmp/integration/cs_ip_address-x99q3tju-ÅÑŚÌβŁÈ/tests/integration/targets/cs_ip_address/tasks/vpc.yml:106" name="[testhost] testhost: cs_ip_address : verify test disassociate ip_address in vpc idempotence that=['ip_address is successful', 'ip_address is not changed']" time="0.033019">
			<system-out>{
    &quot;changed&quot;: false,
    &quot;msg&quot;: &quot;All assertions passed&quot;
}</system-out>
		</testcase>
		<testcase classname="/root/ansible_collections/ngine_io/cloudstack/tests/output/.tmp/integration/cs_ip_address-x99q3tju-ÅÑŚÌβŁÈ/tests/integration/targets/cs_ip_address/tasks/vpc.yml:112" name="[testhost] testhost: cs_ip_address : cleanup vpc name={{ cs_resource_prefix }}_vpc_ip_address, zone={{ cs_common_zone_adv }}, state=absent" time="4.544819">
			<system-out>{
&quot;account&quot;: &quot;admin&quot;,
&quot;api_http_method&quot;: &quot;get&quot;,
&quot;api_key&quot;: &quot;s7T2jkUw4lZNJd8d3931KuCDYcSS0TtbFDTZR-DQoL9-3jn_11UqE1LekwGXzPJLx87xF7nU-fi5yZzpDkOpIw&quot;,
&quot;api_region&quot;: &quot;cloudstack&quot;,
&quot;api_timeout&quot;: 60,
&quot;api_url&quot;: &quot;http://cloudstack-sim:8888/client/api&quot;,
&quot;api_verify_ssl_cert&quot;: null,
&quot;changed&quot;: true,
&quot;cidr&quot;: &quot;10.10.111.0/16&quot;,
&quot;display_text&quot;: &quot;ansible-test-asusraf-14833001_vpc_ip_address&quot;,
&quot;distributed_vpc_router&quot;: false,
&quot;domain&quot;: &quot;ROOT&quot;,
&quot;id&quot;: &quot;008bb343-2b4a-4113-8ca3-adea382c37ee&quot;,
&quot;name&quot;: &quot;ansible-test-asusraf-14833001_vpc_ip_address&quot;,
&quot;network_domain&quot;: &quot;cs2sandbox.simulator&quot;,
&quot;redundant_vpc_router&quot;: false,
&quot;region_level_vpc&quot;: false,
&quot;restart_required&quot;: false,
&quot;state&quot;: &quot;Enabled&quot;,
&quot;tags&quot;: [],
&quot;zone&quot;: &quot;Sandbox-simulator-advanced&quot;
}</system-out>
		</testcase>
		<testcase classname="/root/ansible_collections/ngine_io/cloudstack/tests/output/.tmp/integration/cs_ip_address-x99q3tju-ÅÑŚÌβŁÈ/tests/integration/targets/cs_ip_address/tasks/vpc.yml:118" name="[testhost] testhost: cs_ip_address : verify cleanup vpc that=['vpc is successful']" time="0.032419">
			<system-out>{
    &quot;changed&quot;: false,
    &quot;msg&quot;: &quot;All assertions passed&quot;
}</system-out>
		</testcase>
	</testsuite>
</testsuites>
