<?xml version="1.0" ?>
<testsuites disabled="0" errors="0" failures="0" tests="13" time="10.203403949737549">
	<testsuite disabled="0" errors="0" failures="0" name="cs_instance_info-al287r1u" skipped="0" tests="13" time="10.203403949737549">
		<testcase name="[testhost] testhost: Gathering Facts gather_subset=['all'], gather_timeout=10" time="0.845314">
			<system-out>{
&quot;ansible_facts&quot;: {
&quot;ansible_apparmor&quot;: {
&quot;status&quot;: &quot;disabled&quot;
},
&quot;ansible_architecture&quot;: &quot;x86_64&quot;,
&quot;ansible_bios_date&quot;: &quot;04/17/2019&quot;,
&quot;ansible_bios_vendor&quot;: &quot;American Megatrends Inc.&quot;,
&quot;ansible_bios_version&quot;: &quot;UX303UB.302&quot;,
&quot;ansible_board_asset_tag&quot;: &quot;ATN12345678901234567&quot;,
&quot;ansible_board_name&quot;: &quot;UX303UB&quot;,
&quot;ansible_board_serial&quot;: &quot;BSN12345678901234567&quot;,
&quot;ansible_board_vendor&quot;: &quot;ASUSTeK COMPUTER INC.&quot;,
&quot;ansible_board_version&quot;: &quot;1.0&quot;,
&quot;ansible_chassis_asset_tag&quot;: &quot;ATN12345678901234567&quot;,
&quot;ansible_chassis_serial&quot;: &quot;G1N0CJ020652033&quot;,
&quot;ansible_chassis_vendor&quot;: &quot;ASUSTeK COMPUTER INC.&quot;,
&quot;ansible_chassis_version&quot;: &quot;1.0&quot;,
&quot;ansible_cmdline&quot;: {
&quot;BOOT_IMAGE&quot;: &quot;/vmlinuz-5.8.0-38-generic&quot;,
&quot;quiet&quot;: true,
&quot;ro&quot;: true,
&quot;root&quot;: &quot;/dev/mapper/vgubuntu-root&quot;,
&quot;splash&quot;: true
},
&quot;ansible_date_time&quot;: {
&quot;date&quot;: &quot;2021-01-22&quot;,
&quot;day&quot;: &quot;22&quot;,
&quot;epoch&quot;: &quot;1611318532&quot;,
&quot;hour&quot;: &quot;12&quot;,
&quot;iso8601&quot;: &quot;2021-01-22T12:28:52Z&quot;,
&quot;iso8601_basic&quot;: &quot;20210122T122852051720&quot;,
&quot;iso8601_basic_short&quot;: &quot;20210122T122852&quot;,
&quot;iso8601_micro&quot;: &quot;2021-01-22T12:28:52.051720Z&quot;,
&quot;minute&quot;: &quot;28&quot;,
&quot;month&quot;: &quot;01&quot;,
&quot;second&quot;: &quot;52&quot;,
&quot;time&quot;: &quot;12:28:52&quot;,
&quot;tz&quot;: &quot;UTC&quot;,
&quot;tz_offset&quot;: &quot;+0000&quot;,
&quot;weekday&quot;: &quot;Friday&quot;,
&quot;weekday_number&quot;: &quot;5&quot;,
&quot;weeknumber&quot;: &quot;03&quot;,
&quot;year&quot;: &quot;2021&quot;
},
&quot;ansible_device_links&quot;: {
&quot;ids&quot;: {},
&quot;labels&quot;: {},
&quot;masters&quot;: {
&quot;dm-0&quot;: [
&quot;dm-1&quot;,
&quot;dm-2&quot;,
&quot;dm-3&quot;,
&quot;dm-4&quot;,
&quot;dm-5&quot;
],
&quot;sda3&quot;: [
&quot;dm-0&quot;
]
},
&quot;uuids&quot;: {}
},
&quot;ansible_devices&quot;: {
&quot;dm-0&quot;: {
&quot;holders&quot;: [
&quot;vgubuntu-root&quot;,
&quot;vgubuntu-docker&quot;,
&quot;vgubuntu-swap_1&quot;,
&quot;vgubuntu-snaps&quot;,
&quot;vgubuntu-home&quot;
],
&quot;host&quot;: &quot;&quot;,
&quot;links&quot;: {
&quot;ids&quot;: [],
&quot;labels&quot;: [],
&quot;masters&quot;: [
&quot;dm-1&quot;,
&quot;dm-2&quot;,
&quot;dm-3&quot;,
&quot;dm-4&quot;,
&quot;dm-5&quot;
],
&quot;uuids&quot;: []
},
&quot;model&quot;: null,
&quot;partitions&quot;: {},
&quot;removable&quot;: &quot;0&quot;,
&quot;rotational&quot;: &quot;0&quot;,
&quot;sas_address&quot;: null,
&quot;sas_device_handle&quot;: null,
&quot;scheduler_mode&quot;: &quot;&quot;,
&quot;sectors&quot;: &quot;497534976&quot;,
&quot;sectorsize&quot;: &quot;512&quot;,
&quot;size&quot;: &quot;237.24 GB&quot;,
&quot;support_discard&quot;: &quot;512&quot;,
&quot;vendor&quot;: null,
&quot;virtual&quot;: 1
},
&quot;dm-1&quot;: {
&quot;holders&quot;: [],
&quot;host&quot;: &quot;&quot;,
&quot;links&quot;: {
&quot;ids&quot;: [],
&quot;labels&quot;: [],
&quot;masters&quot;: [],
&quot;uuids&quot;: []
},
&quot;model&quot;: null,
&quot;partitions&quot;: {},
&quot;removable&quot;: &quot;0&quot;,
&quot;rotational&quot;: &quot;0&quot;,
&quot;sas_address&quot;: null,
&quot;sas_device_handle&quot;: null,
&quot;scheduler_mode&quot;: &quot;&quot;,
&quot;sectors&quot;: &quot;52428800&quot;,
&quot;sectorsize&quot;: &quot;512&quot;,
&quot;size&quot;: &quot;25.00 GB&quot;,
&quot;support_discard&quot;: &quot;512&quot;,
&quot;vendor&quot;: null,
&quot;virtual&quot;: 1
},
&quot;dm-2&quot;: {
&quot;holders&quot;: [],
&quot;host&quot;: &quot;&quot;,
&quot;links&quot;: {
&quot;ids&quot;: [],
&quot;labels&quot;: [],
&quot;masters&quot;: [],
&quot;uuids&quot;: []
},
&quot;model&quot;: null,
&quot;partitions&quot;: {},
&quot;removable&quot;: &quot;0&quot;,
&quot;rotational&quot;: &quot;0&quot;,
&quot;sas_address&quot;: null,
&quot;sas_device_handle&quot;: null,
&quot;scheduler_mode&quot;: &quot;&quot;,
&quot;sectors&quot;: &quot;8388608&quot;,
&quot;sectorsize&quot;: &quot;512&quot;,
&quot;size&quot;: &quot;4.00 GB&quot;,
&quot;support_discard&quot;: &quot;512&quot;,
&quot;vendor&quot;: null,
&quot;virtual&quot;: 1
},
&quot;dm-3&quot;: {
&quot;holders&quot;: [],
&quot;host&quot;: &quot;&quot;,
&quot;links&quot;: {
&quot;ids&quot;: [],
&quot;labels&quot;: [],
&quot;masters&quot;: [],
&quot;uuids&quot;: []
},
&quot;model&quot;: null,
&quot;partitions&quot;: {},
&quot;removable&quot;: &quot;0&quot;,
&quot;rotational&quot;: &quot;0&quot;,
&quot;sas_address&quot;: null,
&quot;sas_device_handle&quot;: null,
&quot;scheduler_mode&quot;: &quot;&quot;,
&quot;sectors&quot;: &quot;251658240&quot;,
&quot;sectorsize&quot;: &quot;512&quot;,
&quot;size&quot;: &quot;120.00 GB&quot;,
&quot;support_discard&quot;: &quot;512&quot;,
&quot;vendor&quot;: null,
&quot;virtual&quot;: 1
},
&quot;dm-4&quot;: {
&quot;holders&quot;: [],
&quot;host&quot;: &quot;&quot;,
&quot;links&quot;: {
&quot;ids&quot;: [],
&quot;labels&quot;: [],
&quot;masters&quot;: [],
&quot;uuids&quot;: []
},
&quot;model&quot;: null,
&quot;partitions&quot;: {},
&quot;removable&quot;: &quot;0&quot;,
&quot;rotational&quot;: &quot;0&quot;,
&quot;sas_address&quot;: null,
&quot;sas_device_handle&quot;: null,
&quot;scheduler_mode&quot;: &quot;&quot;,
&quot;sectors&quot;: &quot;83886080&quot;,
&quot;sectorsize&quot;: &quot;512&quot;,
&quot;size&quot;: &quot;40.00 GB&quot;,
&quot;support_discard&quot;: &quot;512&quot;,
&quot;vendor&quot;: null,
&quot;virtual&quot;: 1
},
&quot;dm-5&quot;: {
&quot;holders&quot;: [],
&quot;host&quot;: &quot;&quot;,
&quot;links&quot;: {
&quot;ids&quot;: [],
&quot;labels&quot;: [],
&quot;masters&quot;: [],
&quot;uuids&quot;: []
},
&quot;model&quot;: null,
&quot;partitions&quot;: {},
&quot;removable&quot;: &quot;0&quot;,
&quot;rotational&quot;: &quot;0&quot;,
&quot;sas_address&quot;: null,
&quot;sas_device_handle&quot;: null,
&quot;scheduler_mode&quot;: &quot;&quot;,
&quot;sectors&quot;: &quot;31457280&quot;,
&quot;sectorsize&quot;: &quot;512&quot;,
&quot;size&quot;: &quot;15.00 GB&quot;,
&quot;support_discard&quot;: &quot;512&quot;,
&quot;vendor&quot;: null,
&quot;virtual&quot;: 1
},
&quot;loop0&quot;: {
&quot;holders&quot;: [],
&quot;host&quot;: &quot;&quot;,
&quot;links&quot;: {
&quot;ids&quot;: [],
&quot;labels&quot;: [],
&quot;masters&quot;: [],
&quot;uuids&quot;: []
},
&quot;model&quot;: null,
&quot;partitions&quot;: {},
&quot;removable&quot;: &quot;0&quot;,
&quot;rotational&quot;: &quot;0&quot;,
&quot;sas_address&quot;: null,
&quot;sas_device_handle&quot;: null,
&quot;scheduler_mode&quot;: &quot;mq-deadline&quot;,
&quot;sectors&quot;: &quot;242432&quot;,
&quot;sectorsize&quot;: &quot;512&quot;,
&quot;size&quot;: &quot;118.38 MB&quot;,
&quot;support_discard&quot;: &quot;4096&quot;,
&quot;vendor&quot;: null,
&quot;virtual&quot;: 1
},
&quot;loop1&quot;: {
&quot;holders&quot;: [],
&quot;host&quot;: &quot;&quot;,
&quot;links&quot;: {
&quot;ids&quot;: [],
&quot;labels&quot;: [],
&quot;masters&quot;: [],
&quot;uuids&quot;: []
},
&quot;model&quot;: null,
&quot;partitions&quot;: {},
&quot;removable&quot;: &quot;0&quot;,
&quot;rotational&quot;: &quot;0&quot;,
&quot;sas_address&quot;: null,
&quot;sas_device_handle&quot;: null,
&quot;scheduler_mode&quot;: &quot;mq-deadline&quot;,
&quot;sectors&quot;: &quot;200416&quot;,
&quot;sectorsize&quot;: &quot;512&quot;,
&quot;size&quot;: &quot;97.86 MB&quot;,
&quot;support_discard&quot;: &quot;4096&quot;,
&quot;vendor&quot;: null,
&quot;virtual&quot;: 1
},
&quot;loop10&quot;: {
&quot;holders&quot;: [],
&quot;host&quot;: &quot;&quot;,
&quot;links&quot;: {
&quot;ids&quot;: [],
&quot;labels&quot;: [],
&quot;masters&quot;: [],
&quot;uuids&quot;: []
},
&quot;model&quot;: null,
&quot;partitions&quot;: {},
&quot;removable&quot;: &quot;0&quot;,
&quot;rotational&quot;: &quot;0&quot;,
&quot;sas_address&quot;: null,
&quot;sas_device_handle&quot;: null,
&quot;scheduler_mode&quot;: &quot;mq-deadline&quot;,
&quot;sectors&quot;: &quot;280&quot;,
&quot;sectorsize&quot;: &quot;512&quot;,
&quot;size&quot;: &quot;140.00 KB&quot;,
&quot;support_discard&quot;: &quot;4096&quot;,
&quot;vendor&quot;: null,
&quot;virtual&quot;: 1
},
&quot;loop11&quot;: {
&quot;holders&quot;: [],
&quot;host&quot;: &quot;&quot;,
&quot;links&quot;: {
&quot;ids&quot;: [],
&quot;labels&quot;: [],
&quot;masters&quot;: [],
&quot;uuids&quot;: []
},
&quot;model&quot;: null,
&quot;partitions&quot;: {},
&quot;removable&quot;: &quot;0&quot;,
&quot;rotational&quot;: &quot;0&quot;,
&quot;sas_address&quot;: null,
&quot;sas_device_handle&quot;: null,
&quot;scheduler_mode&quot;: &quot;mq-deadline&quot;,
&quot;sectors&quot;: &quot;225912&quot;,
&quot;sectorsize&quot;: &quot;512&quot;,
&quot;size&quot;: &quot;110.31 MB&quot;,
&quot;support_discard&quot;: &quot;4096&quot;,
&quot;vendor&quot;: null,
&quot;virtual&quot;: 1
},
&quot;loop12&quot;: {
&quot;holders&quot;: [],
&quot;host&quot;: &quot;&quot;,
&quot;links&quot;: {
&quot;ids&quot;: [],
&quot;labels&quot;: [],
&quot;masters&quot;: [],
&quot;uuids&quot;: []
},
&quot;model&quot;: null,
&quot;partitions&quot;: {},
&quot;removable&quot;: &quot;0&quot;,
&quot;rotational&quot;: &quot;0&quot;,
&quot;sas_address&quot;: null,
&quot;sas_device_handle&quot;: null,
&quot;scheduler_mode&quot;: &quot;mq-deadline&quot;,
&quot;sectors&quot;: &quot;104496&quot;,
&quot;sectorsize&quot;: &quot;512&quot;,
&quot;size&quot;: &quot;51.02 MB&quot;,
&quot;support_discard&quot;: &quot;4096&quot;,
&quot;vendor&quot;: null,
&quot;virtual&quot;: 1
},
&quot;loop13&quot;: {
&quot;holders&quot;: [],
&quot;host&quot;: &quot;&quot;,
&quot;links&quot;: {
&quot;ids&quot;: [],
&quot;labels&quot;: [],
&quot;masters&quot;: [],
&quot;uuids&quot;: []
},
&quot;model&quot;: null,
&quot;partitions&quot;: {},
&quot;removable&quot;: &quot;0&quot;,
&quot;rotational&quot;: &quot;0&quot;,
&quot;sas_address&quot;: null,
&quot;sas_device_handle&quot;: null,
&quot;scheduler_mode&quot;: &quot;mq-deadline&quot;,
&quot;sectors&quot;: &quot;446248&quot;,
&quot;sectorsize&quot;: &quot;512&quot;,
&quot;size&quot;: &quot;217.89 MB&quot;,
&quot;support_discard&quot;: &quot;4096&quot;,
&quot;vendor&quot;: null,
&quot;virtual&quot;: 1
},
&quot;loop14&quot;: {
&quot;holders&quot;: [],
&quot;host&quot;: &quot;&quot;,
&quot;links&quot;: {
&quot;ids&quot;: [],
&quot;labels&quot;: [],
&quot;masters&quot;: [],
&quot;uuids&quot;: []
},
&quot;model&quot;: null,
&quot;partitions&quot;: {},
&quot;removable&quot;: &quot;0&quot;,
&quot;rotational&quot;: &quot;0&quot;,
&quot;sas_address&quot;: null,
&quot;sas_device_handle&quot;: null,
&quot;scheduler_mode&quot;: &quot;mq-deadline&quot;,
&quot;sectors&quot;: &quot;198528&quot;,
&quot;sectorsize&quot;: &quot;512&quot;,
&quot;size&quot;: &quot;96.94 MB&quot;,
&quot;support_discard&quot;: &quot;4096&quot;,
&quot;vendor&quot;: null,
&quot;virtual&quot;: 1
},
&quot;loop15&quot;: {
&quot;holders&quot;: [],
&quot;host&quot;: &quot;&quot;,
&quot;links&quot;: {
&quot;ids&quot;: [],
&quot;labels&quot;: [],
&quot;masters&quot;: [],
&quot;uuids&quot;: []
},
&quot;model&quot;: null,
&quot;partitions&quot;: {},
&quot;removable&quot;: &quot;0&quot;,
&quot;rotational&quot;: &quot;0&quot;,
&quot;sas_address&quot;: null,
&quot;sas_device_handle&quot;: null,
&quot;scheduler_mode&quot;: &quot;mq-deadline&quot;,
&quot;sectors&quot;: &quot;63616&quot;,
&quot;sectorsize&quot;: &quot;512&quot;,
&quot;size&quot;: &quot;31.06 MB&quot;,
&quot;support_discard&quot;: &quot;4096&quot;,
&quot;vendor&quot;: null,
&quot;virtual&quot;: 1
},
&quot;loop16&quot;: {
&quot;holders&quot;: [],
&quot;host&quot;: &quot;&quot;,
&quot;links&quot;: {
&quot;ids&quot;: [],
&quot;labels&quot;: [],
&quot;masters&quot;: [],
&quot;uuids&quot;: []
},
&quot;model&quot;: null,
&quot;partitions&quot;: {},
&quot;removable&quot;: &quot;0&quot;,
&quot;rotational&quot;: &quot;0&quot;,
&quot;sas_address&quot;: null,
&quot;sas_device_handle&quot;: null,
&quot;scheduler_mode&quot;: &quot;mq-deadline&quot;,
&quot;sectors&quot;: &quot;63672&quot;,
&quot;sectorsize&quot;: &quot;512&quot;,
&quot;size&quot;: &quot;31.09 MB&quot;,
&quot;support_discard&quot;: &quot;4096&quot;,
&quot;vendor&quot;: null,
&quot;virtual&quot;: 1
},
&quot;loop17&quot;: {
&quot;holders&quot;: [],
&quot;host&quot;: &quot;&quot;,
&quot;links&quot;: {
&quot;ids&quot;: [],
&quot;labels&quot;: [],
&quot;masters&quot;: [],
&quot;uuids&quot;: []
},
&quot;model&quot;: null,
&quot;partitions&quot;: {},
&quot;removable&quot;: &quot;0&quot;,
&quot;rotational&quot;: &quot;0&quot;,
&quot;sas_address&quot;: null,
&quot;sas_device_handle&quot;: null,
&quot;scheduler_mode&quot;: &quot;mq-deadline&quot;,
&quot;sectors&quot;: &quot;1307528&quot;,
&quot;sectorsize&quot;: &quot;512&quot;,
&quot;size&quot;: &quot;638.44 MB&quot;,
&quot;support_discard&quot;: &quot;4096&quot;,
&quot;vendor&quot;: null,
&quot;virtual&quot;: 1
},
&quot;loop18&quot;: {
&quot;holders&quot;: [],
&quot;host&quot;: &quot;&quot;,
&quot;links&quot;: {
&quot;ids&quot;: [],
&quot;labels&quot;: [],
&quot;masters&quot;: [],
&quot;uuids&quot;: []
},
&quot;model&quot;: null,
&quot;partitions&quot;: {},
&quot;removable&quot;: &quot;0&quot;,
&quot;rotational&quot;: &quot;0&quot;,
&quot;sas_address&quot;: null,
&quot;sas_device_handle&quot;: null,
&quot;scheduler_mode&quot;: &quot;mq-deadline&quot;,
&quot;sectors&quot;: &quot;167048&quot;,
&quot;sectorsize&quot;: &quot;512&quot;,
&quot;size&quot;: &quot;81.57 MB&quot;,
&quot;support_discard&quot;: &quot;4096&quot;,
&quot;vendor&quot;: null,
&quot;virtual&quot;: 1
},
&quot;loop19&quot;: {
&quot;holders&quot;: [],
&quot;host&quot;: &quot;&quot;,
&quot;links&quot;: {
&quot;ids&quot;: [],
&quot;labels&quot;: [],
&quot;masters&quot;: [],
&quot;uuids&quot;: []
},
&quot;model&quot;: null,
&quot;partitions&quot;: {},
&quot;removable&quot;: &quot;0&quot;,
&quot;rotational&quot;: &quot;0&quot;,
&quot;sas_address&quot;: null,
&quot;sas_device_handle&quot;: null,
&quot;scheduler_mode&quot;: &quot;mq-deadline&quot;,
&quot;sectors&quot;: &quot;1273304&quot;,
&quot;sectorsize&quot;: &quot;512&quot;,
&quot;size&quot;: &quot;621.73 MB&quot;,
&quot;support_discard&quot;: &quot;4096&quot;,
&quot;vendor&quot;: null,
&quot;virtual&quot;: 1
},
&quot;loop2&quot;: {
&quot;holders&quot;: [],
&quot;host&quot;: &quot;&quot;,
&quot;links&quot;: {
&quot;ids&quot;: [],
&quot;labels&quot;: [],
&quot;masters&quot;: [],
&quot;uuids&quot;: []
},
&quot;model&quot;: null,
&quot;partitions&quot;: {},
&quot;removable&quot;: &quot;0&quot;,
&quot;rotational&quot;: &quot;0&quot;,
&quot;sas_address&quot;: null,
&quot;sas_device_handle&quot;: null,
&quot;scheduler_mode&quot;: &quot;mq-deadline&quot;,
&quot;sectors&quot;: &quot;200464&quot;,
&quot;sectorsize&quot;: &quot;512&quot;,
&quot;size&quot;: &quot;97.88 MB&quot;,
&quot;support_discard&quot;: &quot;4096&quot;,
&quot;vendor&quot;: null,
&quot;virtual&quot;: 1
},
&quot;loop20&quot;: {
&quot;holders&quot;: [],
&quot;host&quot;: &quot;&quot;,
&quot;links&quot;: {
&quot;ids&quot;: [],
&quot;labels&quot;: [],
&quot;masters&quot;: [],
&quot;uuids&quot;: []
},
&quot;model&quot;: null,
&quot;partitions&quot;: {},
&quot;removable&quot;: &quot;0&quot;,
&quot;rotational&quot;: &quot;0&quot;,
&quot;sas_address&quot;: null,
&quot;sas_device_handle&quot;: null,
&quot;scheduler_mode&quot;: &quot;mq-deadline&quot;,
&quot;sectors&quot;: &quot;174000&quot;,
&quot;sectorsize&quot;: &quot;512&quot;,
&quot;size&quot;: &quot;84.96 MB&quot;,
&quot;support_discard&quot;: &quot;4096&quot;,
&quot;vendor&quot;: null,
&quot;virtual&quot;: 1
},
&quot;loop21&quot;: {
&quot;holders&quot;: [],
&quot;host&quot;: &quot;&quot;,
&quot;links&quot;: {
&quot;ids&quot;: [],
&quot;labels&quot;: [],
&quot;masters&quot;: [],
&quot;uuids&quot;: []
},
&quot;model&quot;: null,
&quot;partitions&quot;: {},
&quot;removable&quot;: &quot;0&quot;,
&quot;rotational&quot;: &quot;0&quot;,
&quot;sas_address&quot;: null,
&quot;sas_device_handle&quot;: null,
&quot;scheduler_mode&quot;: &quot;mq-deadline&quot;,
&quot;sectors&quot;: &quot;132648&quot;,
&quot;sectorsize&quot;: &quot;512&quot;,
&quot;size&quot;: &quot;64.77 MB&quot;,
&quot;support_discard&quot;: &quot;4096&quot;,
&quot;vendor&quot;: null,
&quot;virtual&quot;: 1
},
&quot;loop22&quot;: {
&quot;holders&quot;: [],
&quot;host&quot;: &quot;&quot;,
&quot;links&quot;: {
&quot;ids&quot;: [],
&quot;labels&quot;: [],
&quot;masters&quot;: [],
&quot;uuids&quot;: []
},
&quot;model&quot;: null,
&quot;partitions&quot;: {},
&quot;removable&quot;: &quot;0&quot;,
&quot;rotational&quot;: &quot;0&quot;,
&quot;sas_address&quot;: null,
&quot;sas_device_handle&quot;: null,
&quot;scheduler_mode&quot;: &quot;mq-deadline&quot;,
&quot;sectors&quot;: &quot;131792&quot;,
&quot;sectorsize&quot;: &quot;512&quot;,
&quot;size&quot;: &quot;64.35 MB&quot;,
&quot;support_discard&quot;: &quot;4096&quot;,
&quot;vendor&quot;: null,
&quot;virtual&quot;: 1
},
&quot;loop23&quot;: {
&quot;holders&quot;: [],
&quot;host&quot;: &quot;&quot;,
&quot;links&quot;: {
&quot;ids&quot;: [],
&quot;labels&quot;: [],
&quot;masters&quot;: [],
&quot;uuids&quot;: []
},
&quot;model&quot;: null,
&quot;partitions&quot;: {},
&quot;removable&quot;: &quot;0&quot;,
&quot;rotational&quot;: &quot;0&quot;,
&quot;sas_address&quot;: null,
&quot;sas_device_handle&quot;: null,
&quot;scheduler_mode&quot;: &quot;mq-deadline&quot;,
&quot;sectors&quot;: &quot;448920&quot;,
&quot;sectorsize&quot;: &quot;512&quot;,
&quot;size&quot;: &quot;219.20 MB&quot;,
&quot;support_discard&quot;: &quot;4096&quot;,
&quot;vendor&quot;: null,
&quot;virtual&quot;: 1
},
&quot;loop24&quot;: {
&quot;holders&quot;: [],
&quot;host&quot;: &quot;&quot;,
&quot;links&quot;: {
&quot;ids&quot;: [],
&quot;labels&quot;: [],
&quot;masters&quot;: [],
&quot;uuids&quot;: []
},
&quot;model&quot;: null,
&quot;partitions&quot;: {},
&quot;removable&quot;: &quot;0&quot;,
&quot;rotational&quot;: &quot;0&quot;,
&quot;sas_address&quot;: null,
&quot;sas_device_handle&quot;: null,
&quot;scheduler_mode&quot;: &quot;mq-deadline&quot;,
&quot;sectors&quot;: &quot;448888&quot;,
&quot;sectorsize&quot;: &quot;512&quot;,
&quot;size&quot;: &quot;219.18 MB&quot;,
&quot;support_discard&quot;: &quot;4096&quot;,
&quot;vendor&quot;: null,
&quot;virtual&quot;: 1
},
&quot;loop25&quot;: {
&quot;holders&quot;: [],
&quot;host&quot;: &quot;&quot;,
&quot;links&quot;: {
&quot;ids&quot;: [],
&quot;labels&quot;: [],
&quot;masters&quot;: [],
&quot;uuids&quot;: []
},
&quot;model&quot;: null,
&quot;partitions&quot;: {},
&quot;removable&quot;: &quot;0&quot;,
&quot;rotational&quot;: &quot;0&quot;,
&quot;sas_address&quot;: null,
&quot;sas_device_handle&quot;: null,
&quot;scheduler_mode&quot;: &quot;mq-deadline&quot;,
&quot;sectors&quot;: &quot;242568&quot;,
&quot;sectorsize&quot;: &quot;512&quot;,
&quot;size&quot;: &quot;118.44 MB&quot;,
&quot;support_discard&quot;: &quot;4096&quot;,
&quot;vendor&quot;: null,
&quot;virtual&quot;: 1
},
&quot;loop26&quot;: {
&quot;holders&quot;: [],
&quot;host&quot;: &quot;&quot;,
&quot;links&quot;: {
&quot;ids&quot;: [],
&quot;labels&quot;: [],
&quot;masters&quot;: [],
&quot;uuids&quot;: []
},
&quot;model&quot;: null,
&quot;partitions&quot;: {},
&quot;removable&quot;: &quot;0&quot;,
&quot;rotational&quot;: &quot;0&quot;,
&quot;sas_address&quot;: null,
&quot;sas_device_handle&quot;: null,
&quot;scheduler_mode&quot;: &quot;mq-deadline&quot;,
&quot;sectors&quot;: &quot;104536&quot;,
&quot;sectorsize&quot;: &quot;512&quot;,
&quot;size&quot;: &quot;51.04 MB&quot;,
&quot;support_discard&quot;: &quot;4096&quot;,
&quot;vendor&quot;: null,
&quot;virtual&quot;: 1
},
&quot;loop27&quot;: {
&quot;holders&quot;: [],
&quot;host&quot;: &quot;&quot;,
&quot;links&quot;: {
&quot;ids&quot;: [],
&quot;labels&quot;: [],
&quot;masters&quot;: [],
&quot;uuids&quot;: []
},
&quot;model&quot;: null,
&quot;partitions&quot;: {},
&quot;removable&quot;: &quot;0&quot;,
&quot;rotational&quot;: &quot;0&quot;,
&quot;sas_address&quot;: null,
&quot;sas_device_handle&quot;: null,
&quot;scheduler_mode&quot;: &quot;mq-deadline&quot;,
&quot;sectors&quot;: &quot;168984&quot;,
&quot;sectorsize&quot;: &quot;512&quot;,
&quot;size&quot;: &quot;82.51 MB&quot;,
&quot;support_discard&quot;: &quot;4096&quot;,
&quot;vendor&quot;: null,
&quot;virtual&quot;: 1
},
&quot;loop28&quot;: {
&quot;holders&quot;: [],
&quot;host&quot;: &quot;&quot;,
&quot;links&quot;: {
&quot;ids&quot;: [],
&quot;labels&quot;: [],
&quot;masters&quot;: [],
&quot;uuids&quot;: []
},
&quot;model&quot;: null,
&quot;partitions&quot;: {},
&quot;removable&quot;: &quot;0&quot;,
&quot;rotational&quot;: &quot;0&quot;,
&quot;sas_address&quot;: null,
&quot;sas_device_handle&quot;: null,
&quot;scheduler_mode&quot;: &quot;mq-deadline&quot;,
&quot;sectors&quot;: &quot;0&quot;,
&quot;sectorsize&quot;: &quot;512&quot;,
&quot;size&quot;: &quot;0.00 Bytes&quot;,
&quot;support_discard&quot;: &quot;4096&quot;,
&quot;vendor&quot;: null,
&quot;virtual&quot;: 1
},
&quot;loop3&quot;: {
&quot;holders&quot;: [],
&quot;host&quot;: &quot;&quot;,
&quot;links&quot;: {
&quot;ids&quot;: [],
&quot;labels&quot;: [],
&quot;masters&quot;: [],
&quot;uuids&quot;: []
},
&quot;model&quot;: null,
&quot;partitions&quot;: {},
&quot;removable&quot;: &quot;0&quot;,
&quot;rotational&quot;: &quot;0&quot;,
&quot;sas_address&quot;: null,
&quot;sas_device_handle&quot;: null,
&quot;scheduler_mode&quot;: &quot;mq-deadline&quot;,
&quot;sectors&quot;: &quot;113424&quot;,
&quot;sectorsize&quot;: &quot;512&quot;,
&quot;size&quot;: &quot;55.38 MB&quot;,
&quot;support_discard&quot;: &quot;4096&quot;,
&quot;vendor&quot;: null,
&quot;virtual&quot;: 1
},
&quot;loop4&quot;: {
&quot;holders&quot;: [],
&quot;host&quot;: &quot;&quot;,
&quot;links&quot;: {
&quot;ids&quot;: [],
&quot;labels&quot;: [],
&quot;masters&quot;: [],
&quot;uuids&quot;: []
},
&quot;model&quot;: null,
&quot;partitions&quot;: {},
&quot;removable&quot;: &quot;0&quot;,
&quot;rotational&quot;: &quot;0&quot;,
&quot;sas_address&quot;: null,
&quot;sas_device_handle&quot;: null,
&quot;scheduler_mode&quot;: &quot;mq-deadline&quot;,
&quot;sectors&quot;: &quot;225912&quot;,
&quot;sectorsize&quot;: &quot;512&quot;,
&quot;size&quot;: &quot;110.31 MB&quot;,
&quot;support_discard&quot;: &quot;4096&quot;,
&quot;vendor&quot;: null,
&quot;virtual&quot;: 1
},
&quot;loop5&quot;: {
&quot;holders&quot;: [],
&quot;host&quot;: &quot;&quot;,
&quot;links&quot;: {
&quot;ids&quot;: [],
&quot;labels&quot;: [],
&quot;masters&quot;: [],
&quot;uuids&quot;: []
},
&quot;model&quot;: null,
&quot;partitions&quot;: {},
&quot;removable&quot;: &quot;0&quot;,
&quot;rotational&quot;: &quot;0&quot;,
&quot;sas_address&quot;: null,
&quot;sas_device_handle&quot;: null,
&quot;scheduler_mode&quot;: &quot;mq-deadline&quot;,
&quot;sectors&quot;: &quot;113384&quot;,
&quot;sectorsize&quot;: &quot;512&quot;,
&quot;size&quot;: &quot;55.36 MB&quot;,
&quot;support_discard&quot;: &quot;4096&quot;,
&quot;vendor&quot;: null,
&quot;virtual&quot;: 1
},
&quot;loop6&quot;: {
&quot;holders&quot;: [],
&quot;host&quot;: &quot;&quot;,
&quot;links&quot;: {
&quot;ids&quot;: [],
&quot;labels&quot;: [],
&quot;masters&quot;: [],
&quot;uuids&quot;: []
},
&quot;model&quot;: null,
&quot;partitions&quot;: {},
&quot;removable&quot;: &quot;0&quot;,
&quot;rotational&quot;: &quot;0&quot;,
&quot;sas_address&quot;: null,
&quot;sas_device_handle&quot;: null,
&quot;scheduler_mode&quot;: &quot;mq-deadline&quot;,
&quot;sectors&quot;: &quot;333552&quot;,
&quot;sectorsize&quot;: &quot;512&quot;,
&quot;size&quot;: &quot;162.87 MB&quot;,
&quot;support_discard&quot;: &quot;4096&quot;,
&quot;vendor&quot;: null,
&quot;virtual&quot;: 1
},
&quot;loop7&quot;: {
&quot;holders&quot;: [],
&quot;host&quot;: &quot;&quot;,
&quot;links&quot;: {
&quot;ids&quot;: [],
&quot;labels&quot;: [],
&quot;masters&quot;: [],
&quot;uuids&quot;: []
},
&quot;model&quot;: null,
&quot;partitions&quot;: {},
&quot;removable&quot;: &quot;0&quot;,
&quot;rotational&quot;: &quot;0&quot;,
&quot;sas_address&quot;: null,
&quot;sas_device_handle&quot;: null,
&quot;scheduler_mode&quot;: &quot;mq-deadline&quot;,
&quot;sectors&quot;: &quot;330576&quot;,
&quot;sectorsize&quot;: &quot;512&quot;,
&quot;size&quot;: &quot;161.41 MB&quot;,
&quot;support_discard&quot;: &quot;4096&quot;,
&quot;vendor&quot;: null,
&quot;virtual&quot;: 1
},
&quot;loop8&quot;: {
&quot;holders&quot;: [],
&quot;host&quot;: &quot;&quot;,
&quot;links&quot;: {
&quot;ids&quot;: [],
&quot;labels&quot;: [],
&quot;masters&quot;: [],
&quot;uuids&quot;: []
},
&quot;model&quot;: null,
&quot;partitions&quot;: {},
&quot;removable&quot;: &quot;0&quot;,
&quot;rotational&quot;: &quot;0&quot;,
&quot;sas_address&quot;: null,
&quot;sas_device_handle&quot;: null,
&quot;scheduler_mode&quot;: &quot;mq-deadline&quot;,
&quot;sectors&quot;: &quot;448496&quot;,
&quot;sectorsize&quot;: &quot;512&quot;,
&quot;size&quot;: &quot;218.99 MB&quot;,
&quot;support_discard&quot;: &quot;4096&quot;,
&quot;vendor&quot;: null,
&quot;virtual&quot;: 1
},
&quot;loop9&quot;: {
&quot;holders&quot;: [],
&quot;host&quot;: &quot;&quot;,
&quot;links&quot;: {
&quot;ids&quot;: [],
&quot;labels&quot;: [],
&quot;masters&quot;: [],
&quot;uuids&quot;: []
},
&quot;model&quot;: null,
&quot;partitions&quot;: {},
&quot;removable&quot;: &quot;0&quot;,
&quot;rotational&quot;: &quot;0&quot;,
&quot;sas_address&quot;: null,
&quot;sas_device_handle&quot;: null,
&quot;scheduler_mode&quot;: &quot;mq-deadline&quot;,
&quot;sectors&quot;: &quot;198448&quot;,
&quot;sectorsize&quot;: &quot;512&quot;,
&quot;size&quot;: &quot;96.90 MB&quot;,
&quot;support_discard&quot;: &quot;4096&quot;,
&quot;vendor&quot;: null,
&quot;virtual&quot;: 1
},
&quot;sda&quot;: {
&quot;holders&quot;: [],
&quot;host&quot;: &quot;&quot;,
&quot;links&quot;: {
&quot;ids&quot;: [],
&quot;labels&quot;: [],
&quot;masters&quot;: [],
&quot;uuids&quot;: []
},
&quot;model&quot;: &quot;HFS256G32MND-220&quot;,
&quot;partitions&quot;: {
&quot;sda1&quot;: {
&quot;holders&quot;: [],
&quot;links&quot;: {
&quot;ids&quot;: [],
&quot;labels&quot;: [],
&quot;masters&quot;: [],
&quot;uuids&quot;: []
},
&quot;sectors&quot;: &quot;1048576&quot;,
&quot;sectorsize&quot;: 512,
&quot;size&quot;: &quot;512.00 MB&quot;,
&quot;start&quot;: &quot;2048&quot;,
&quot;uuid&quot;: null
},
&quot;sda2&quot;: {
&quot;holders&quot;: [],
&quot;links&quot;: {
&quot;ids&quot;: [],
&quot;labels&quot;: [],
&quot;masters&quot;: [],
&quot;uuids&quot;: []
},
&quot;sectors&quot;: &quot;1499136&quot;,
&quot;sectorsize&quot;: 512,
&quot;size&quot;: &quot;732.00 MB&quot;,
&quot;start&quot;: &quot;1050624&quot;,
&quot;uuid&quot;: null
},
&quot;sda3&quot;: {
&quot;holders&quot;: [
&quot;sda3_crypt&quot;
],
&quot;links&quot;: {
&quot;ids&quot;: [],
&quot;labels&quot;: [],
&quot;masters&quot;: [
&quot;dm-0&quot;
],
&quot;uuids&quot;: []
},
&quot;sectors&quot;: &quot;497567744&quot;,
&quot;sectorsize&quot;: 512,
&quot;size&quot;: &quot;237.26 GB&quot;,
&quot;start&quot;: &quot;2549760&quot;,
&quot;uuid&quot;: null
}
},
&quot;removable&quot;: &quot;0&quot;,
&quot;rotational&quot;: &quot;0&quot;,
&quot;sas_address&quot;: null,
&quot;sas_device_handle&quot;: null,
&quot;scheduler_mode&quot;: &quot;mq-deadline&quot;,
&quot;sectors&quot;: &quot;500118192&quot;,
&quot;sectorsize&quot;: &quot;512&quot;,
&quot;size&quot;: &quot;238.47 GB&quot;,
&quot;support_discard&quot;: &quot;512&quot;,
&quot;vendor&quot;: &quot;ATA&quot;,
&quot;virtual&quot;: 1
}
},
&quot;ansible_distribution&quot;: &quot;Ubuntu&quot;,
&quot;ansible_distribution_file_parsed&quot;: true,
&quot;ansible_distribution_file_path&quot;: &quot;/etc/os-release&quot;,
&quot;ansible_distribution_file_variety&quot;: &quot;Debian&quot;,
&quot;ansible_distribution_major_version&quot;: &quot;18&quot;,
&quot;ansible_distribution_release&quot;: &quot;bionic&quot;,
&quot;ansible_distribution_version&quot;: &quot;18.04&quot;,
&quot;ansible_dns&quot;: {
&quot;nameservers&quot;: [
&quot;10.63.0.1&quot;
]
},
&quot;ansible_domain&quot;: &quot;&quot;,
&quot;ansible_effective_group_id&quot;: 0,
&quot;ansible_effective_user_id&quot;: 0,
&quot;ansible_env&quot;: {
&quot;ANSIBLE_CALLBACK_WHITELIST&quot;: &quot;junit&quot;,
&quot;ANSIBLE_COLLECTIONS_PATH&quot;: &quot;/root&quot;,
&quot;ANSIBLE_CONFIG&quot;: &quot;/root/ansible_collections/ngine_io/cloudstack/tests/output/.tmp/integration/cs_instance_info-154kx3f8-ÅÑŚÌβŁÈ/tests/integration/integration.cfg&quot;,
&quot;ANSIBLE_DEPRECATION_WARNINGS&quot;: &quot;false&quot;,
&quot;ANSIBLE_DEVEL_WARNING&quot;: &quot;false&quot;,
&quot;ANSIBLE_FORCE_COLOR&quot;: &quot;true&quot;,
&quot;ANSIBLE_FORCE_HANDLERS&quot;: &quot;true&quot;,
&quot;ANSIBLE_HOST_KEY_CHECKING&quot;: &quot;false&quot;,
&quot;ANSIBLE_HOST_PATTERN_MISMATCH&quot;: &quot;error&quot;,
&quot;ANSIBLE_INVENTORY&quot;: &quot;/dev/null&quot;,
&quot;ANSIBLE_LIBRARY&quot;: &quot;/dev/null&quot;,
&quot;ANSIBLE_PLAYBOOK_DIR&quot;: &quot;/root/ansible_collections/ngine_io/cloudstack/tests/output/.tmp/integration/cs_instance_info-154kx3f8-ÅÑŚÌβŁÈ/tests/integration&quot;,
&quot;ANSIBLE_PYTHON_INTERPRETER&quot;: &quot;/set/ansible_python_interpreter/in/inventory&quot;,
&quot;ANSIBLE_PYTHON_MODULE_RLIMIT_NOFILE&quot;: &quot;1024&quot;,
&quot;ANSIBLE_RETRY_FILES_ENABLED&quot;: &quot;false&quot;,
&quot;ANSIBLE_ROLES_PATH&quot;: &quot;/root/ansible_collections/ngine_io/cloudstack/tests/output/.tmp/integration/cs_instance_info-154kx3f8-ÅÑŚÌβŁÈ/tests/integration/targets&quot;,
&quot;ANSIBLE_TEST_CI&quot;: &quot;&quot;,
&quot;ANSIBLE_TEST_COVERAGE&quot;: &quot;&quot;,
&quot;ANSIBLE_TEST_PYTHON_INTERPRETER&quot;: &quot;/usr/bin/python3.6&quot;,
&quot;ANSIBLE_TEST_PYTHON_VERSION&quot;: &quot;3.6&quot;,
&quot;ANSIBLE_WORKER_SHUTDOWN_POLL_COUNT&quot;: &quot;100&quot;,
&quot;ANSIBLE_WORKER_SHUTDOWN_POLL_DELAY&quot;: &quot;0.1&quot;,
&quot;CLOUDSTACK_ENDPOINT&quot;: &quot;http://cloudstack-sim:8888/client/api&quot;,
&quot;CLOUDSTACK_KEY&quot;: &quot;s7T2jkUw4lZNJd8d3931KuCDYcSS0TtbFDTZR-DQoL9-3jn_11UqE1LekwGXzPJLx87xF7nU-fi5yZzpDkOpIw&quot;,
&quot;CLOUDSTACK_SECRET&quot;: &quot;-wkrHErJnQdGH2-R0-AkkYMi3RGdA3k4cXjjiUF5MW320xJjkd__yGkAD4SOLIgAYbPTLhWS4PamTdYvXcnJQA&quot;,
&quot;CLOUDSTACK_TIMEOUT&quot;: &quot;60&quot;,
&quot;HOME&quot;: &quot;/root&quot;,
&quot;INVENTORY_PATH&quot;: &quot;/root/ansible_collections/ngine_io/cloudstack/tests/output/.tmp/integration/cs_instance_info-154kx3f8-ÅÑŚÌβŁÈ/tests/integration/inventory&quot;,
&quot;JUNIT_OUTPUT_DIR&quot;: &quot;/root/ansible_collections/ngine_io/cloudstack/tests/output/junit&quot;,
&quot;LC_ALL&quot;: &quot;en_US.UTF-8&quot;,
&quot;OUTPUT_DIR&quot;: &quot;/root/ansible_collections/ngine_io/cloudstack/tests/output/.tmp/output_dir&quot;,
&quot;PAGER&quot;: &quot;/bin/cat&quot;,
&quot;PATH&quot;: &quot;/tmp/python-s31d9_te-ansible:/root/ansible/test/lib/ansible_test/_data/injector:/root/ansible/bin:/usr/local/sbin:/usr/local/bin:/usr/sbin:/usr/bin:/sbin:/bin&quot;,
&quot;PWD&quot;: &quot;/root/ansible_collections/ngine_io/cloudstack/tests/output/.tmp/integration/cs_instance_info-154kx3f8-ÅÑŚÌβŁÈ/tests/integration&quot;,
&quot;PYTHONPATH&quot;: &quot;/root/ansible/lib&quot;
},
&quot;ansible_fibre_channel_wwn&quot;: [],
&quot;ansible_fips&quot;: false,
&quot;ansible_form_factor&quot;: &quot;Notebook&quot;,
&quot;ansible_fqdn&quot;: &quot;59c586717e56&quot;,
&quot;ansible_hostname&quot;: &quot;59c586717e56&quot;,
&quot;ansible_hostnqn&quot;: &quot;&quot;,
&quot;ansible_is_chroot&quot;: false,
&quot;ansible_iscsi_iqn&quot;: &quot;&quot;,
&quot;ansible_kernel&quot;: &quot;5.8.0-38-generic&quot;,
&quot;ansible_kernel_version&quot;: &quot;#43~20.04.1-Ubuntu SMP Tue Jan 12 16:39:47 UTC 2021&quot;,
&quot;ansible_local&quot;: {},
&quot;ansible_lsb&quot;: {
&quot;codename&quot;: &quot;bionic&quot;,
&quot;description&quot;: &quot;Ubuntu 18.04.5 LTS&quot;,
&quot;id&quot;: &quot;Ubuntu&quot;,
&quot;major_release&quot;: &quot;18&quot;,
&quot;release&quot;: &quot;18.04&quot;
},
&quot;ansible_machine&quot;: &quot;x86_64&quot;,
&quot;ansible_machine_id&quot;: &quot;8bab3c65459e4582b95ca278b459dc10&quot;,
&quot;ansible_memfree_mb&quot;: 267,
&quot;ansible_memory_mb&quot;: {
&quot;nocache&quot;: {
&quot;free&quot;: 3794,
&quot;used&quot;: 8090
},
&quot;real&quot;: {
&quot;free&quot;: 267,
&quot;total&quot;: 11884,
&quot;used&quot;: 11617
},
&quot;swap&quot;: {
&quot;cached&quot;: 40,
&quot;free&quot;: 446,
&quot;total&quot;: 4095,
&quot;used&quot;: 3649
}
},
&quot;ansible_memtotal_mb&quot;: 11884,
&quot;ansible_mounts&quot;: [
{
&quot;block_available&quot;: 658690,
&quot;block_size&quot;: 4096,
&quot;block_total&quot;: 10255672,
&quot;block_used&quot;: 9596982,
&quot;device&quot;: &quot;/dev/mapper/vgubuntu-docker&quot;,
&quot;fstype&quot;: &quot;ext4&quot;,
&quot;inode_available&quot;: 1338855,
&quot;inode_total&quot;: 2621440,
&quot;inode_used&quot;: 1282585,
&quot;mount&quot;: &quot;/run&quot;,
&quot;options&quot;: &quot;rw,relatime,bind&quot;,
&quot;size_available&quot;: 2697994240,
&quot;size_total&quot;: 42007232512,
&quot;uuid&quot;: &quot;N/A&quot;
},
{
&quot;block_available&quot;: 658690,
&quot;block_size&quot;: 4096,
&quot;block_total&quot;: 10255672,
&quot;block_used&quot;: 9596982,
&quot;device&quot;: &quot;/dev/mapper/vgubuntu-docker&quot;,
&quot;fstype&quot;: &quot;ext4&quot;,
&quot;inode_available&quot;: 1338855,
&quot;inode_total&quot;: 2621440,
&quot;inode_used&quot;: 1282585,
&quot;mount&quot;: &quot;/tmp&quot;,
&quot;options&quot;: &quot;rw,relatime,bind&quot;,
&quot;size_available&quot;: 2697994240,
&quot;size_total&quot;: 42007232512,
&quot;uuid&quot;: &quot;N/A&quot;
},
{
&quot;block_available&quot;: 658690,
&quot;block_size&quot;: 4096,
&quot;block_total&quot;: 10255672,
&quot;block_used&quot;: 9596982,
&quot;device&quot;: &quot;/dev/mapper/vgubuntu-docker&quot;,
&quot;fstype&quot;: &quot;ext4&quot;,
&quot;inode_available&quot;: 1338855,
&quot;inode_total&quot;: 2621440,
&quot;inode_used&quot;: 1282585,
&quot;mount&quot;: &quot;/run/lock&quot;,
&quot;options&quot;: &quot;rw,relatime,bind&quot;,
&quot;size_available&quot;: 2697994240,
&quot;size_total&quot;: 42007232512,
&quot;uuid&quot;: &quot;N/A&quot;
},
{
&quot;block_available&quot;: 658690,
&quot;block_size&quot;: 4096,
&quot;block_total&quot;: 10255672,
&quot;block_used&quot;: 9596982,
&quot;device&quot;: &quot;/dev/mapper/vgubuntu-docker&quot;,
&quot;fstype&quot;: &quot;ext4&quot;,
&quot;inode_available&quot;: 1338855,
&quot;inode_total&quot;: 2621440,
&quot;inode_used&quot;: 1282585,
&quot;mount&quot;: &quot;/etc/resolv.conf&quot;,
&quot;options&quot;: &quot;rw,relatime,bind&quot;,
&quot;size_available&quot;: 2697994240,
&quot;size_total&quot;: 42007232512,
&quot;uuid&quot;: &quot;N/A&quot;
},
{
&quot;block_available&quot;: 658690,
&quot;block_size&quot;: 4096,
&quot;block_total&quot;: 10255672,
&quot;block_used&quot;: 9596982,
&quot;device&quot;: &quot;/dev/mapper/vgubuntu-docker&quot;,
&quot;fstype&quot;: &quot;ext4&quot;,
&quot;inode_available&quot;: 1338855,
&quot;inode_total&quot;: 2621440,
&quot;inode_used&quot;: 1282585,
&quot;mount&quot;: &quot;/etc/hostname&quot;,
&quot;options&quot;: &quot;rw,relatime,bind&quot;,
&quot;size_available&quot;: 2697994240,
&quot;size_total&quot;: 42007232512,
&quot;uuid&quot;: &quot;N/A&quot;
},
{
&quot;block_available&quot;: 658690,
&quot;block_size&quot;: 4096,
&quot;block_total&quot;: 10255672,
&quot;block_used&quot;: 9596982,
&quot;device&quot;: &quot;/dev/mapper/vgubuntu-docker&quot;,
&quot;fstype&quot;: &quot;ext4&quot;,
&quot;inode_available&quot;: 1338855,
&quot;inode_total&quot;: 2621440,
&quot;inode_used&quot;: 1282585,
&quot;mount&quot;: &quot;/etc/hosts&quot;,
&quot;options&quot;: &quot;rw,relatime,bind&quot;,
&quot;size_available&quot;: 2697994240,
&quot;size_total&quot;: 42007232512,
&quot;uuid&quot;: &quot;N/A&quot;
}
],
&quot;ansible_nodename&quot;: &quot;59c586717e56&quot;,
&quot;ansible_os_family&quot;: &quot;Debian&quot;,
&quot;ansible_pkg_mgr&quot;: &quot;apt&quot;,
&quot;ansible_proc_cmdline&quot;: {
&quot;BOOT_IMAGE&quot;: &quot;/vmlinuz-5.8.0-38-generic&quot;,
&quot;quiet&quot;: true,
&quot;ro&quot;: true,
&quot;root&quot;: &quot;/dev/mapper/vgubuntu-root&quot;,
&quot;splash&quot;: true
},
&quot;ansible_processor&quot;: [
&quot;0&quot;,
&quot;GenuineIntel&quot;,
&quot;Intel(R) Core(TM) i7-6500U CPU @ 2.50GHz&quot;,
&quot;1&quot;,
&quot;GenuineIntel&quot;,
&quot;Intel(R) Core(TM) i7-6500U CPU @ 2.50GHz&quot;,
&quot;2&quot;,
&quot;GenuineIntel&quot;,
&quot;Intel(R) Core(TM) i7-6500U CPU @ 2.50GHz&quot;,
&quot;3&quot;,
&quot;GenuineIntel&quot;,
&quot;Intel(R) Core(TM) i7-6500U CPU @ 2.50GHz&quot;
],
&quot;ansible_processor_cores&quot;: 2,
&quot;ansible_processor_count&quot;: 1,
&quot;ansible_processor_nproc&quot;: 4,
&quot;ansible_processor_threads_per_core&quot;: 2,
&quot;ansible_processor_vcpus&quot;: 4,
&quot;ansible_product_name&quot;: &quot;UX303UB&quot;,
&quot;ansible_product_serial&quot;: &quot;G1N0CJ020652033&quot;,
&quot;ansible_product_uuid&quot;: &quot;d4d7f964-52d3-f945-80dc-a9a095694c74&quot;,
&quot;ansible_product_version&quot;: &quot;1.0&quot;,
&quot;ansible_python&quot;: {
&quot;executable&quot;: &quot;/tmp/python-s31d9_te-ansible/python&quot;,
&quot;has_sslcontext&quot;: true,
&quot;type&quot;: &quot;cpython&quot;,
&quot;version&quot;: {
&quot;major&quot;: 3,
&quot;micro&quot;: 9,
&quot;minor&quot;: 6,
&quot;releaselevel&quot;: &quot;final&quot;,
&quot;serial&quot;: 0
},
&quot;version_info&quot;: [
3,
6,
9,
&quot;final&quot;,
0
]
},
&quot;ansible_python_version&quot;: &quot;3.6.9&quot;,
&quot;ansible_real_group_id&quot;: 0,
&quot;ansible_real_user_id&quot;: 0,
&quot;ansible_selinux&quot;: {
&quot;status&quot;: &quot;Missing selinux Python library&quot;
},
&quot;ansible_selinux_python_present&quot;: false,
&quot;ansible_service_mgr&quot;: &quot;systemd&quot;,
&quot;ansible_ssh_host_key_ecdsa_public&quot;: &quot;AAAAE2VjZHNhLXNoYTItbmlzdHAyNTYAAAAIbmlzdHAyNTYAAABBBKXFFhScxe+xztmWiEzCRrS33+gQnEBnUZEdGfZzV849lAQZRcK0YSCjce3dvMs7rV4FulR1UqA9fSJGtUfCO6A=&quot;,
&quot;ansible_ssh_host_key_ecdsa_public_keytype&quot;: &quot;ecdsa-sha2-nistp256&quot;,
&quot;ansible_ssh_host_key_ed25519_public&quot;: &quot;AAAAC3NzaC1lZDI1NTE5AAAAIDQw7DVlh6zXPucmio1fvrd5X1pTIovmDPBbr9oQ7DsF&quot;,
&quot;ansible_ssh_host_key_ed25519_public_keytype&quot;: &quot;ssh-ed25519&quot;,
&quot;ansible_ssh_host_key_rsa_public&quot;: &quot;AAAAB3NzaC1yc2EAAAADAQABAAABAQDXZrK4B3u/pq7Y+YfaFPr+5QEzcN+JLg/RlYXqQtLPjI3E19pNY27mGlaLm726NDbA4ouPIkqCo9y0Rkqyeaprn8EQO2gCqr06qZ7M3o4jaksHxNqo7uVxeFRQhvt3Q566bj/11uGOy01BlBRHi07G+IO9e02bNn55jR8rZURj4navuEgr0+l4CvuSrIbcEMB/qAYFAW4B1oNrsH4g09kIJxY9d3/JsOGUddOkwHwfP1+YmFAPZFruWXi/WPOnlWdaHtW4LCOdJMbHZxAGKiQtdEpWZBmNIdH2JfcVB9vjBv/WJtOgRpPhJEJIIJU6kZvipGxicPz3kj/nBUqyY4M5&quot;,
&quot;ansible_ssh_host_key_rsa_public_keytype&quot;: &quot;ssh-rsa&quot;,
&quot;ansible_swapfree_mb&quot;: 446,
&quot;ansible_swaptotal_mb&quot;: 4095,
&quot;ansible_system&quot;: &quot;Linux&quot;,
&quot;ansible_system_vendor&quot;: &quot;ASUSTeK COMPUTER INC.&quot;,
&quot;ansible_uptime_seconds&quot;: 268557,
&quot;ansible_user_dir&quot;: &quot;/root&quot;,
&quot;ansible_user_gecos&quot;: &quot;root&quot;,
&quot;ansible_user_gid&quot;: 0,
&quot;ansible_user_id&quot;: &quot;root&quot;,
&quot;ansible_user_shell&quot;: &quot;/bin/bash&quot;,
&quot;ansible_user_uid&quot;: 0,
&quot;ansible_userspace_architecture&quot;: &quot;x86_64&quot;,
&quot;ansible_userspace_bits&quot;: &quot;64&quot;,
&quot;ansible_virtualization_role&quot;: &quot;guest&quot;,
&quot;ansible_virtualization_type&quot;: &quot;docker&quot;,
&quot;gather_subset&quot;: [
&quot;all&quot;
],
&quot;module_setup&quot;: true
},
&quot;changed&quot;: false,
&quot;deprecations&quot;: [],
&quot;warnings&quot;: []
}</system-out>
		</testcase>
		<testcase classname="/root/ansible_collections/ngine_io/cloudstack/tests/output/.tmp/integration/cs_instance_info-154kx3f8-ÅÑŚÌβŁÈ/tests/integration/targets/cs_common/tasks/main.yml:2" name="[testhost] testhost: cs_common : wait for system template available name={{ cs_common_template }}, state=absent, cross_zones=True, template_filter=all" time="0.548764">
			<system-out>{
&quot;account&quot;: &quot;system&quot;,
&quot;api_http_method&quot;: &quot;get&quot;,
&quot;api_key&quot;: &quot;s7T2jkUw4lZNJd8d3931KuCDYcSS0TtbFDTZR-DQoL9-3jn_11UqE1LekwGXzPJLx87xF7nU-fi5yZzpDkOpIw&quot;,
&quot;api_region&quot;: &quot;cloudstack&quot;,
&quot;api_timeout&quot;: 60,
&quot;api_url&quot;: &quot;http://cloudstack-sim:8888/client/api&quot;,
&quot;api_verify_ssl_cert&quot;: null,
&quot;attempts&quot;: 1,
&quot;changed&quot;: true,
&quot;checksum&quot;: &quot;&quot;,
&quot;created&quot;: &quot;2021-01-22T10:10:04+0000&quot;,
&quot;cross_zones&quot;: true,
&quot;display_text&quot;: &quot;CentOS 5.6 (64-bit) no GUI (Simulator)&quot;,
&quot;domain&quot;: &quot;ROOT&quot;,
&quot;format&quot;: &quot;VHD&quot;,
&quot;hypervisor&quot;: &quot;Simulator&quot;,
&quot;id&quot;: &quot;882d501c-aa16-11e8-bbe5-0242ac110003&quot;,
&quot;is_extractable&quot;: false,
&quot;is_featured&quot;: true,
&quot;is_public&quot;: true,
&quot;is_ready&quot;: true,
&quot;name&quot;: &quot;CentOS 5.6 (64-bit) no GUI (Simulator)&quot;,
&quot;os_type&quot;: &quot;CentOS 5.6 (64-bit)&quot;,
&quot;password_enabled&quot;: true,
&quot;sshkey_enabled&quot;: false,
&quot;status&quot;: &quot;Download Complete&quot;,
&quot;tags&quot;: [],
&quot;template_type&quot;: &quot;BUILTIN&quot;,
&quot;zone&quot;: &quot;Sandbox-simulator-advanced&quot;
}</system-out>
		</testcase>
		<testcase classname="/root/ansible_collections/ngine_io/cloudstack/tests/output/.tmp/integration/cs_instance_info-154kx3f8-ÅÑŚÌβŁÈ/tests/integration/targets/cs_common/tasks/main.yml:14" name="[testhost] testhost: cs_common : smoke test instance name=smoke-test-vm, template={{ cs_common_template }}, service_offering={{ cs_common_service_offering }}, zone={{ cs_common_zone_adv }}" time="0.591477">
			<system-out>{
&quot;account&quot;: &quot;admin&quot;,
&quot;affinity_groups&quot;: [],
&quot;api_http_method&quot;: &quot;get&quot;,
&quot;api_key&quot;: &quot;s7T2jkUw4lZNJd8d3931KuCDYcSS0TtbFDTZR-DQoL9-3jn_11UqE1LekwGXzPJLx87xF7nU-fi5yZzpDkOpIw&quot;,
&quot;api_region&quot;: &quot;cloudstack&quot;,
&quot;api_timeout&quot;: 60,
&quot;api_url&quot;: &quot;http://cloudstack-sim:8888/client/api&quot;,
&quot;api_verify_ssl_cert&quot;: null,
&quot;attempts&quot;: 1,
&quot;changed&quot;: false,
&quot;created&quot;: &quot;2021-01-22T10:10:58+0000&quot;,
&quot;default_ip&quot;: &quot;10.1.1.183&quot;,
&quot;display_name&quot;: &quot;smoke-test-vm&quot;,
&quot;domain&quot;: &quot;ROOT&quot;,
&quot;host&quot;: &quot;SimulatedAgent.434893da-08ab-41b6-a0fc-907c690313fd&quot;,
&quot;hypervisor&quot;: &quot;Simulator&quot;,
&quot;id&quot;: &quot;a28c9abc-38d7-4aed-bbf2-b892273bb5e3&quot;,
&quot;instance_name&quot;: &quot;i-2-5-QA&quot;,
&quot;name&quot;: &quot;smoke-test-vm&quot;,
&quot;password_enabled&quot;: true,
&quot;security_groups&quot;: [],
&quot;service_offering&quot;: &quot;Small Instance&quot;,
&quot;state&quot;: &quot;Running&quot;,
&quot;tags&quot;: [],
&quot;template&quot;: &quot;CentOS 5.6 (64-bit) no GUI (Simulator)&quot;,
&quot;template_display_text&quot;: &quot;CentOS 5.6 (64-bit) no GUI (Simulator)&quot;,
&quot;user_data&quot;: &quot;&quot;,
&quot;zone&quot;: &quot;Sandbox-simulator-advanced&quot;
}</system-out>
		</testcase>
		<testcase classname="/root/ansible_collections/ngine_io/cloudstack/tests/output/.tmp/integration/cs_instance_info-154kx3f8-ÅÑŚÌβŁÈ/tests/integration/targets/cs_instance_info/tasks/main.yml:2" name="[testhost] testhost: cs_instance_info : setup ssh key name={{ cs_resource_prefix }}-sshkey" time="0.564339">
			<system-out>{
&quot;account&quot;: &quot;admin&quot;,
&quot;api_http_method&quot;: &quot;get&quot;,
&quot;api_key&quot;: &quot;s7T2jkUw4lZNJd8d3931KuCDYcSS0TtbFDTZR-DQoL9-3jn_11UqE1LekwGXzPJLx87xF7nU-fi5yZzpDkOpIw&quot;,
&quot;api_region&quot;: &quot;cloudstack&quot;,
&quot;api_timeout&quot;: 60,
&quot;api_url&quot;: &quot;http://cloudstack-sim:8888/client/api&quot;,
&quot;api_verify_ssl_cert&quot;: null,
&quot;changed&quot;: true,
&quot;domain&quot;: &quot;ROOT&quot;,
&quot;fingerprint&quot;: &quot;ee:1b:83:bf:b2:55:0b:fe:d7:19:58:36:44:d7:65:48&quot;,
&quot;name&quot;: &quot;ansible-test-asusraf-26952587-sshkey&quot;,
&quot;private_key&quot;: &quot;-----BEGIN RSA PRIVATE KEY-----\nMIIEowIBAAKCAQEAhML743aaaEp8KmJpjoCl2+oBR5qVyhYA7IH2bew8goVsQQA6\n1KXX9RlYkGgRZ7fd6w0Y/cgIvypEUWTWtG+nczmClfCELWNinZhwnkeTG8qiXpIZ\nQDqIy/FXickQopfu8Wm0ZJBR7iXZbvJnOa0yniHAgmU9D3bhPXHdZU5moU4s6PEa\nx0/yqse/s/wrW6/GnmXh/Mc7C3aOo7Ia4djsCKo3vVbCxxRY22UbBiDY0Caob2Tn\nmuZVP5RusLdb2xR9+q2JmPoiXb+28lBIKYtOLRq+710O2FRLil6RcMkmo1vyo0jC\nGICr0s8RazId+fqiZl/pkL0ZniaA5v2QYCt85QIDAQABAoIBAF6UCZ4iAB4L8ii/\nszMxsvbX3dGE7vDofAABFe15PiI9qsEjyMV04ERbqhw2BzA8bHvm+MbSmmiVU9Yo\nYExqvn/3mG/4yDENfFOJJbGci9Bgqwt0SUjYalvfst0VwCQU2MRi6YA60CM4E45W\nYfNUz5qXsO0z8ivyJMQBOhfRoouGevnZgJa/2ipcnF6AWMzSTszDfte2o8yuhc2r\n33I+PJowRi9zFmpEAw619ZIjWEpxSy1v/JJ0eRKoAXyJb4Sh0ukl/0WfoEN5PUsQ\nXFBcZE3tvMyvr87yfhHSqWOZPXnuJx9yiK8ex+RfydXZoIJ+SOIwxqGx/4QJNJyJ\nC3QsAIECgYEA28zkktSvfe1w4fWeiGFDC6Y/gkEohj1BT+ygf6xNZHv4zHfWkOmG\nRJwYOwIQgpbiIxspuEwmf2EoQD5AyNxTZzA+Z538OQ5MNCxR05KZMLdmV4WFk0nE\nn623M5+leD1dIqJ9iSg7IPoSbPNnEL73vApIVFa7v38GYSZwbuqw0AMCgYEAmqBp\nNLB5lgWBSo6obnFT1rKQ/dnbcOIcOllzRF2QL4JFKBIgiRW7zUH4dDzG762L/bQP\ncJD7FB515ZrvZuB6xl5jVKAbtS5TC8lAvWcVnuUGSUOyp5sBppMLDjXXLHNxNViP\nWFZZmCocBCbiysBemruUHO7ym0Xa20pNZNoQ7vcCgYANr9+X6RiYfd2mpHXfxja3\nlf2kbcxJN61GfdSsvpz/Id0nVlsNIQ2UXigAHKvMhfrE9t8NM+i9y94GyhmcqGOl\nLFLmfucC4ooKQaxCwYE6kGEWGCFuP4y36MhctZdHOoL/MiEhFllAP3JASJPlbg7d\nLcK9Rb1hOla6W/tqXMDv4wKBgBf+sJTGlfeb3xZs0OJin7n/d9SMzCrWS78aRnLj\neg6FTqoLNhVP1BbkF+Qh0lU7PzAdkw/Kz8utdmotAt2aFDNYTl3Bgss45xY7ItrB\ndm9z5ufTo5Oy0CzDQMHxxPRW7chzd7sjmz+ruTFDv4nrFEM6vJ9IzUkfK/k/rIbr\n+Bi9AoGBAL8Bu87POvUwmniwHqnAq1xGm8Ae4IAbCwUFbalDVo8sm3nTWnL1efVd\n1C3Ne0hKlrW/0/0K2AbxNfR8FZyvw+BjJFgLyMfelwIg3Vb9HIhrNvBMBg8btKSQ\nmjRlow5boOwDVboLIJ5nSYSJSohNleUavauVCcBIrOOSZjGsfT1I\n-----END RSA PRIVATE KEY-----\n&quot;
}</system-out>
		</testcase>
		<testcase classname="/root/ansible_collections/ngine_io/cloudstack/tests/output/.tmp/integration/cs_instance_info-154kx3f8-ÅÑŚÌβŁÈ/tests/integration/targets/cs_instance_info/tasks/main.yml:7" name="[testhost] testhost: cs_instance_info : setup affinity group name={{ cs_resource_prefix }}-ag" time="0.605421">
			<system-out>{
&quot;account&quot;: &quot;admin&quot;,
&quot;affinity_type&quot;: &quot;host anti-affinity&quot;,
&quot;api_http_method&quot;: &quot;get&quot;,
&quot;api_key&quot;: &quot;s7T2jkUw4lZNJd8d3931KuCDYcSS0TtbFDTZR-DQoL9-3jn_11UqE1LekwGXzPJLx87xF7nU-fi5yZzpDkOpIw&quot;,
&quot;api_region&quot;: &quot;cloudstack&quot;,
&quot;api_timeout&quot;: 60,
&quot;api_url&quot;: &quot;http://cloudstack-sim:8888/client/api&quot;,
&quot;api_verify_ssl_cert&quot;: null,
&quot;changed&quot;: true,
&quot;domain&quot;: &quot;ROOT&quot;,
&quot;id&quot;: &quot;1f5a4a53-0ed3-4a9a-b8a4-e44986a38c84&quot;,
&quot;name&quot;: &quot;ansible-test-asusraf-26952587-ag&quot;
}</system-out>
		</testcase>
		<testcase classname="/root/ansible_collections/ngine_io/cloudstack/tests/output/.tmp/integration/cs_instance_info-154kx3f8-ÅÑŚÌβŁÈ/tests/integration/targets/cs_instance_info/tasks/main.yml:11" name="[testhost] testhost: cs_instance_info : setup security group name={{ cs_resource_prefix }}-sg" time="0.578886">
			<system-out>{
&quot;account&quot;: &quot;admin&quot;,
&quot;api_http_method&quot;: &quot;get&quot;,
&quot;api_key&quot;: &quot;s7T2jkUw4lZNJd8d3931KuCDYcSS0TtbFDTZR-DQoL9-3jn_11UqE1LekwGXzPJLx87xF7nU-fi5yZzpDkOpIw&quot;,
&quot;api_region&quot;: &quot;cloudstack&quot;,
&quot;api_timeout&quot;: 60,
&quot;api_url&quot;: &quot;http://cloudstack-sim:8888/client/api&quot;,
&quot;api_verify_ssl_cert&quot;: null,
&quot;changed&quot;: true,
&quot;domain&quot;: &quot;ROOT&quot;,
&quot;id&quot;: &quot;ca119376-773a-423d-a5a3-b105ba077bc8&quot;,
&quot;name&quot;: &quot;ansible-test-asusraf-26952587-sg&quot;,
&quot;tags&quot;: []
}</system-out>
		</testcase>
		<testcase classname="/root/ansible_collections/ngine_io/cloudstack/tests/output/.tmp/integration/cs_instance_info-154kx3f8-ÅÑŚÌβŁÈ/tests/integration/targets/cs_instance_info/tasks/main.yml:15" name="[testhost] testhost: cs_instance_info : setup instance name={{ cs_resource_prefix }}-vm, template={{ test_cs_instance_template }}, service_offering={{ test_cs_instance_offering_1 }}, affinity_group={{ cs_resource_prefix }}-ag, security_group={{ cs_resource_prefix }}-sg, ssh_key={{ cs_resource_prefix }}-sshkey, tags=[], zone={{ cs_common_zone_basic }}" time="4.731143">
			<system-out>{
&quot;account&quot;: &quot;admin&quot;,
&quot;affinity_groups&quot;: [
&quot;ansible-test-asusraf-26952587-ag&quot;
],
&quot;api_http_method&quot;: &quot;get&quot;,
&quot;api_key&quot;: &quot;s7T2jkUw4lZNJd8d3931KuCDYcSS0TtbFDTZR-DQoL9-3jn_11UqE1LekwGXzPJLx87xF7nU-fi5yZzpDkOpIw&quot;,
&quot;api_region&quot;: &quot;cloudstack&quot;,
&quot;api_timeout&quot;: 60,
&quot;api_url&quot;: &quot;http://cloudstack-sim:8888/client/api&quot;,
&quot;api_verify_ssl_cert&quot;: null,
&quot;attempts&quot;: 1,
&quot;changed&quot;: true,
&quot;created&quot;: &quot;2021-01-22T12:28:55+0000&quot;,
&quot;default_ip&quot;: &quot;60.147.41.3&quot;,
&quot;display_name&quot;: &quot;ansible-test-asusraf-26952587-vm&quot;,
&quot;domain&quot;: &quot;ROOT&quot;,
&quot;host&quot;: &quot;SimulatedAgent.93810a87-4ae6-4cfb-bf72-8574c006bd6f&quot;,
&quot;hypervisor&quot;: &quot;Simulator&quot;,
&quot;id&quot;: &quot;b6ec75f3-bd60-4531-b2ca-154c746f3867&quot;,
&quot;instance_name&quot;: &quot;i-2-49-QA&quot;,
&quot;name&quot;: &quot;ansible-test-asusraf-26952587-vm&quot;,
&quot;password&quot;: &quot;EpQU66&quot;,
&quot;password_enabled&quot;: true,
&quot;security_groups&quot;: [
&quot;ansible-test-asusraf-26952587-sg&quot;
],
&quot;service_offering&quot;: &quot;Small Instance&quot;,
&quot;ssh_key&quot;: &quot;ansible-test-asusraf-26952587-sshkey&quot;,
&quot;state&quot;: &quot;Running&quot;,
&quot;tags&quot;: [],
&quot;template&quot;: &quot;CentOS 5.6 (64-bit) no GUI (Simulator)&quot;,
&quot;template_display_text&quot;: &quot;CentOS 5.6 (64-bit) no GUI (Simulator)&quot;,
&quot;user_data&quot;: &quot;&quot;,
&quot;zone&quot;: &quot;Sandbox-simulator-basic&quot;
}</system-out>
		</testcase>
		<testcase classname="/root/ansible_collections/ngine_io/cloudstack/tests/output/.tmp/integration/cs_instance_info-154kx3f8-ÅÑŚÌβŁÈ/tests/integration/targets/cs_instance_info/tasks/main.yml:30" name="[testhost] testhost: cs_instance_info : test instance info in check mode name={{ cs_resource_prefix }}-vm" time="0.611168">
			<system-out>{
&quot;changed&quot;: false,
&quot;instances&quot;: [
{
&quot;account&quot;: &quot;admin&quot;,
&quot;affinity_groups&quot;: [
&quot;ansible-test-asusraf-26952587-ag&quot;
],
&quot;created&quot;: &quot;2021-01-22T12:28:55+0000&quot;,
&quot;default_ip&quot;: &quot;60.147.41.3&quot;,
&quot;display_name&quot;: &quot;ansible-test-asusraf-26952587-vm&quot;,
&quot;domain&quot;: &quot;ROOT&quot;,
&quot;host&quot;: &quot;SimulatedAgent.93810a87-4ae6-4cfb-bf72-8574c006bd6f&quot;,
&quot;hypervisor&quot;: &quot;Simulator&quot;,
&quot;id&quot;: &quot;b6ec75f3-bd60-4531-b2ca-154c746f3867&quot;,
&quot;instance_name&quot;: &quot;i-2-49-QA&quot;,
&quot;name&quot;: &quot;ansible-test-asusraf-26952587-vm&quot;,
&quot;nic&quot;: [
{
&quot;broadcasturi&quot;: &quot;vlan://untagged&quot;,
&quot;extradhcpoption&quot;: [],
&quot;gateway&quot;: &quot;60.147.41.1&quot;,
&quot;id&quot;: &quot;5db8d34f-b716-40c4-8873-d50b911259f8&quot;,
&quot;ipaddress&quot;: &quot;60.147.41.3&quot;,
&quot;isdefault&quot;: true,
&quot;macaddress&quot;: &quot;1e:00:e6:00:00:ff&quot;,
&quot;netmask&quot;: &quot;255.255.255.0&quot;,
&quot;networkid&quot;: &quot;28e078e9-9795-40fb-80a9-70a5512e2979&quot;,
&quot;networkname&quot;: &quot;guestNetworkForBasicZone&quot;,
&quot;secondaryip&quot;: [],
&quot;traffictype&quot;: &quot;Guest&quot;,
&quot;type&quot;: &quot;Shared&quot;
}
],
&quot;password_enabled&quot;: true,
&quot;security_groups&quot;: [
&quot;ansible-test-asusraf-26952587-sg&quot;
],
&quot;service_offering&quot;: &quot;Small Instance&quot;,
&quot;ssh_key&quot;: &quot;ansible-test-asusraf-26952587-sshkey&quot;,
&quot;state&quot;: &quot;Running&quot;,
&quot;tags&quot;: [],
&quot;template&quot;: &quot;CentOS 5.6 (64-bit) no GUI (Simulator)&quot;,
&quot;volumes&quot;: [
{
&quot;name&quot;: &quot;ROOT-49&quot;,
&quot;size&quot;: 2147483648,
&quot;type&quot;: &quot;ROOT&quot;
}
],
&quot;zone&quot;: &quot;Sandbox-simulator-basic&quot;
}
]
}</system-out>
		</testcase>
		<testcase classname="/root/ansible_collections/ngine_io/cloudstack/tests/output/.tmp/integration/cs_instance_info-154kx3f8-ÅÑŚÌβŁÈ/tests/integration/targets/cs_instance_info/tasks/main.yml:35" name="[testhost] testhost: cs_instance_info : verify test instance info in check mode that=['instance_info is successful', 'instance_info is not changed', 'instance_info.instances[0].id == instance.id', 'instance_info.instances[0].domain == instance.domain', 'instance_info.instances[0].account == instance.account', 'instance_info.instances[0].zone == instance.zone', 'instance_info.instances[0].name == instance.name', 'instance_info.instances[0].service_offering == instance.service_offering', 'instance_info.instances[0].host != &quot;&quot;']" time="0.054430">
			<system-out>{
    &quot;changed&quot;: false,
    &quot;msg&quot;: &quot;All assertions passed&quot;
}</system-out>
		</testcase>
		<testcase classname="/root/ansible_collections/ngine_io/cloudstack/tests/output/.tmp/integration/cs_instance_info-154kx3f8-ÅÑŚÌβŁÈ/tests/integration/targets/cs_instance_info/tasks/main.yml:48" name="[testhost] testhost: cs_instance_info : test instance info name={{ cs_resource_prefix }}-vm" time="0.437665">
			<system-out>{
&quot;changed&quot;: false,
&quot;instances&quot;: [
{
&quot;account&quot;: &quot;admin&quot;,
&quot;affinity_groups&quot;: [
&quot;ansible-test-asusraf-26952587-ag&quot;
],
&quot;created&quot;: &quot;2021-01-22T12:28:55+0000&quot;,
&quot;default_ip&quot;: &quot;60.147.41.3&quot;,
&quot;display_name&quot;: &quot;ansible-test-asusraf-26952587-vm&quot;,
&quot;domain&quot;: &quot;ROOT&quot;,
&quot;host&quot;: &quot;SimulatedAgent.93810a87-4ae6-4cfb-bf72-8574c006bd6f&quot;,
&quot;hypervisor&quot;: &quot;Simulator&quot;,
&quot;id&quot;: &quot;b6ec75f3-bd60-4531-b2ca-154c746f3867&quot;,
&quot;instance_name&quot;: &quot;i-2-49-QA&quot;,
&quot;name&quot;: &quot;ansible-test-asusraf-26952587-vm&quot;,
&quot;nic&quot;: [
{
&quot;broadcasturi&quot;: &quot;vlan://untagged&quot;,
&quot;extradhcpoption&quot;: [],
&quot;gateway&quot;: &quot;60.147.41.1&quot;,
&quot;id&quot;: &quot;5db8d34f-b716-40c4-8873-d50b911259f8&quot;,
&quot;ipaddress&quot;: &quot;60.147.41.3&quot;,
&quot;isdefault&quot;: true,
&quot;macaddress&quot;: &quot;1e:00:e6:00:00:ff&quot;,
&quot;netmask&quot;: &quot;255.255.255.0&quot;,
&quot;networkid&quot;: &quot;28e078e9-9795-40fb-80a9-70a5512e2979&quot;,
&quot;networkname&quot;: &quot;guestNetworkForBasicZone&quot;,
&quot;secondaryip&quot;: [],
&quot;traffictype&quot;: &quot;Guest&quot;,
&quot;type&quot;: &quot;Shared&quot;
}
],
&quot;password_enabled&quot;: true,
&quot;security_groups&quot;: [
&quot;ansible-test-asusraf-26952587-sg&quot;
],
&quot;service_offering&quot;: &quot;Small Instance&quot;,
&quot;ssh_key&quot;: &quot;ansible-test-asusraf-26952587-sshkey&quot;,
&quot;state&quot;: &quot;Running&quot;,
&quot;tags&quot;: [],
&quot;template&quot;: &quot;CentOS 5.6 (64-bit) no GUI (Simulator)&quot;,
&quot;volumes&quot;: [
{
&quot;name&quot;: &quot;ROOT-49&quot;,
&quot;size&quot;: 2147483648,
&quot;type&quot;: &quot;ROOT&quot;
}
],
&quot;zone&quot;: &quot;Sandbox-simulator-basic&quot;
}
]
}</system-out>
		</testcase>
		<testcase classname="/root/ansible_collections/ngine_io/cloudstack/tests/output/.tmp/integration/cs_instance_info-154kx3f8-ÅÑŚÌβŁÈ/tests/integration/targets/cs_instance_info/tasks/main.yml:52" name="[testhost] testhost: cs_instance_info : verify test instance info that=['instance_info is successful', 'instance_info is not changed', 'instance_info.instances[0].id == instance.id', 'instance_info.instances[0].domain == instance.domain', 'instance_info.instances[0].account == instance.account', 'instance_info.instances[0].zone == instance.zone', 'instance_info.instances[0].name == instance.name', 'instance_info.instances[0].service_offering == instance.service_offering', 'instance_info.instances[0].host != &quot;&quot;']" time="0.048832">
			<system-out>{
    &quot;changed&quot;: false,
    &quot;msg&quot;: &quot;All assertions passed&quot;
}</system-out>
		</testcase>
		<testcase classname="/root/ansible_collections/ngine_io/cloudstack/tests/output/.tmp/integration/cs_instance_info-154kx3f8-ÅÑŚÌβŁÈ/tests/integration/targets/cs_instance_info/tasks/main.yml:65" name="[testhost] testhost: cs_instance_info : test instance info for all instances" time="0.532615">
			<system-out>{
&quot;changed&quot;: false,
&quot;instances&quot;: [
{
&quot;account&quot;: &quot;admin&quot;,
&quot;affinity_groups&quot;: [],
&quot;created&quot;: &quot;2021-01-22T10:26:59+0000&quot;,
&quot;default_ip&quot;: &quot;60.147.41.2&quot;,
&quot;display_name&quot;: &quot;ansible-test-asusraf-14833001-vm-snapshot-policy&quot;,
&quot;domain&quot;: &quot;ROOT&quot;,
&quot;host&quot;: &quot;SimulatedAgent.7d4e2398-5be6-44f0-bff7-5887601183d4&quot;,
&quot;hypervisor&quot;: &quot;Simulator&quot;,
&quot;id&quot;: &quot;d9812552-4220-4b3a-a1ee-15c88a9e1541&quot;,
&quot;instance_name&quot;: &quot;i-2-32-QA&quot;,
&quot;name&quot;: &quot;ansible-test-asusraf-14833001-vm-snapshot-policy&quot;,
&quot;nic&quot;: [
{
&quot;broadcasturi&quot;: &quot;vlan://untagged&quot;,
&quot;extradhcpoption&quot;: [],
&quot;gateway&quot;: &quot;60.147.41.1&quot;,
&quot;id&quot;: &quot;d70e5b13-9404-4389-938a-e36d4ebcafb5&quot;,
&quot;ipaddress&quot;: &quot;60.147.41.2&quot;,
&quot;isdefault&quot;: true,
&quot;macaddress&quot;: &quot;1e:00:5f:00:00:fe&quot;,
&quot;netmask&quot;: &quot;255.255.255.0&quot;,
&quot;networkid&quot;: &quot;28e078e9-9795-40fb-80a9-70a5512e2979&quot;,
&quot;networkname&quot;: &quot;guestNetworkForBasicZone&quot;,
&quot;secondaryip&quot;: [],
&quot;traffictype&quot;: &quot;Guest&quot;,
&quot;type&quot;: &quot;Shared&quot;
}
],
&quot;password_enabled&quot;: true,
&quot;security_groups&quot;: [
&quot;default&quot;
],
&quot;service_offering&quot;: &quot;Small Instance&quot;,
&quot;state&quot;: &quot;Running&quot;,
&quot;tags&quot;: [],
&quot;template&quot;: &quot;CentOS 5.6 (64-bit) no GUI (Simulator)&quot;,
&quot;volumes&quot;: [
{
&quot;name&quot;: &quot;ROOT-32&quot;,
&quot;size&quot;: 2147483648,
&quot;type&quot;: &quot;ROOT&quot;
}
],
&quot;zone&quot;: &quot;Sandbox-simulator-basic&quot;
},
{
&quot;account&quot;: &quot;admin&quot;,
&quot;affinity_groups&quot;: [],
&quot;created&quot;: &quot;2021-01-22T10:25:46+0000&quot;,
&quot;default_ip&quot;: &quot;10.100.12.175&quot;,
&quot;display_name&quot;: &quot;instance-vm&quot;,
&quot;domain&quot;: &quot;ROOT&quot;,
&quot;host&quot;: &quot;SimulatedAgent.434893da-08ab-41b6-a0fc-907c690313fd&quot;,
&quot;hypervisor&quot;: &quot;Simulator&quot;,
&quot;id&quot;: &quot;2981f799-2f12-47d3-afff-859fcbbef2ce&quot;,
&quot;instance_name&quot;: &quot;i-2-30-QA&quot;,
&quot;name&quot;: &quot;instance-vm&quot;,
&quot;nic&quot;: [
{
&quot;broadcasturi&quot;: &quot;vlan://1234&quot;,
&quot;extradhcpoption&quot;: [],
&quot;gateway&quot;: &quot;10.100.12.1&quot;,
&quot;id&quot;: &quot;73fb8f9b-2880-49f6-a780-fe5b412eab0a&quot;,
&quot;ipaddress&quot;: &quot;10.100.12.175&quot;,
&quot;isdefault&quot;: true,
&quot;isolationuri&quot;: &quot;vlan://1234&quot;,
&quot;macaddress&quot;: &quot;1e:00:5a:00:05:f3&quot;,
&quot;netmask&quot;: &quot;255.255.255.0&quot;,
&quot;networkid&quot;: &quot;054f73dd-0b8a-4802-a029-7795458f2105&quot;,
&quot;networkname&quot;: &quot;net_router&quot;,
&quot;secondaryip&quot;: [],
&quot;traffictype&quot;: &quot;Guest&quot;,
&quot;type&quot;: &quot;Shared&quot;
}
],
&quot;password_enabled&quot;: true,
&quot;security_groups&quot;: [],
&quot;service_offering&quot;: &quot;Small Instance&quot;,
&quot;state&quot;: &quot;Running&quot;,
&quot;tags&quot;: [],
&quot;template&quot;: &quot;CentOS 5.6 (64-bit) no GUI (Simulator)&quot;,
&quot;volumes&quot;: [
{
&quot;name&quot;: &quot;ROOT-30&quot;,
&quot;size&quot;: 2147483648,
&quot;type&quot;: &quot;ROOT&quot;
}
],
&quot;zone&quot;: &quot;Sandbox-simulator-advanced&quot;
},
{
&quot;account&quot;: &quot;admin&quot;,
&quot;affinity_groups&quot;: [],
&quot;created&quot;: &quot;2021-01-22T10:19:06+0000&quot;,
&quot;default_ip&quot;: &quot;10.1.1.103&quot;,
&quot;display_name&quot;: &quot;test-password&quot;,
&quot;domain&quot;: &quot;ROOT&quot;,
&quot;hypervisor&quot;: &quot;Simulator&quot;,
&quot;id&quot;: &quot;8fa063a5-ce42-4879-a689-fc19e44b71e6&quot;,
&quot;instance_name&quot;: &quot;i-2-18-QA&quot;,
&quot;name&quot;: &quot;test-password&quot;,
&quot;nic&quot;: [
{
&quot;extradhcpoption&quot;: [],
&quot;gateway&quot;: &quot;10.1.1.1&quot;,
&quot;id&quot;: &quot;7d107a80-dc7f-4d5e-a868-30e584fdd3e1&quot;,
&quot;ipaddress&quot;: &quot;10.1.1.103&quot;,
&quot;isdefault&quot;: true,
&quot;macaddress&quot;: &quot;02:00:38:1d:00:04&quot;,
&quot;netmask&quot;: &quot;255.255.255.0&quot;,
&quot;networkid&quot;: &quot;a80f842c-e366-407c-9974-ee4b4b956795&quot;,
&quot;networkname&quot;: &quot;admin-network&quot;,
&quot;secondaryip&quot;: [],
&quot;traffictype&quot;: &quot;Guest&quot;,
&quot;type&quot;: &quot;Isolated&quot;
}
],
&quot;password_enabled&quot;: true,
&quot;security_groups&quot;: [],
&quot;service_offering&quot;: &quot;Small Instance&quot;,
&quot;state&quot;: &quot;Stopped&quot;,
&quot;tags&quot;: [],
&quot;template&quot;: &quot;CentOS 5.6 (64-bit) no GUI (Simulator)&quot;,
&quot;volumes&quot;: [
{
&quot;name&quot;: &quot;ROOT-18&quot;,
&quot;size&quot;: 2147483648,
&quot;type&quot;: &quot;ROOT&quot;
}
],
&quot;zone&quot;: &quot;Sandbox-simulator-advanced&quot;
},
{
&quot;account&quot;: &quot;admin&quot;,
&quot;affinity_groups&quot;: [],
&quot;created&quot;: &quot;2021-01-22T10:18:57+0000&quot;,
&quot;default_ip&quot;: &quot;10.1.1.21&quot;,
&quot;display_name&quot;: &quot;test-nopassword&quot;,
&quot;domain&quot;: &quot;ROOT&quot;,
&quot;hypervisor&quot;: &quot;Simulator&quot;,
&quot;id&quot;: &quot;b1e04b29-8528-4e88-b30e-07405703dc9e&quot;,
&quot;instance_name&quot;: &quot;i-2-17-QA&quot;,
&quot;name&quot;: &quot;test-nopassword&quot;,
&quot;nic&quot;: [
{
&quot;extradhcpoption&quot;: [],
&quot;gateway&quot;: &quot;10.1.1.1&quot;,
&quot;id&quot;: &quot;34fff104-1c10-4d29-bca6-ba44256fdb3f&quot;,
&quot;ipaddress&quot;: &quot;10.1.1.21&quot;,
&quot;isdefault&quot;: true,
&quot;macaddress&quot;: &quot;02:00:3a:66:00:03&quot;,
&quot;netmask&quot;: &quot;255.255.255.0&quot;,
&quot;networkid&quot;: &quot;a80f842c-e366-407c-9974-ee4b4b956795&quot;,
&quot;networkname&quot;: &quot;admin-network&quot;,
&quot;secondaryip&quot;: [],
&quot;traffictype&quot;: &quot;Guest&quot;,
&quot;type&quot;: &quot;Isolated&quot;
}
],
&quot;password_enabled&quot;: true,
&quot;security_groups&quot;: [],
&quot;service_offering&quot;: &quot;Small Instance&quot;,
&quot;state&quot;: &quot;Stopped&quot;,
&quot;tags&quot;: [],
&quot;template&quot;: &quot;CentOS 5.6 (64-bit) no GUI (Simulator)&quot;,
&quot;volumes&quot;: [
{
&quot;name&quot;: &quot;ROOT-17&quot;,
&quot;size&quot;: 2147483648,
&quot;type&quot;: &quot;ROOT&quot;
}
],
&quot;zone&quot;: &quot;Sandbox-simulator-advanced&quot;
},
{
&quot;account&quot;: &quot;admin&quot;,
&quot;affinity_groups&quot;: [],
&quot;created&quot;: &quot;2021-01-22T10:10:58+0000&quot;,
&quot;default_ip&quot;: &quot;10.1.1.183&quot;,
&quot;display_name&quot;: &quot;smoke-test-vm&quot;,
&quot;domain&quot;: &quot;ROOT&quot;,
&quot;host&quot;: &quot;SimulatedAgent.434893da-08ab-41b6-a0fc-907c690313fd&quot;,
&quot;hypervisor&quot;: &quot;Simulator&quot;,
&quot;id&quot;: &quot;a28c9abc-38d7-4aed-bbf2-b892273bb5e3&quot;,
&quot;instance_name&quot;: &quot;i-2-5-QA&quot;,
&quot;name&quot;: &quot;smoke-test-vm&quot;,
&quot;nic&quot;: [
{
&quot;broadcasturi&quot;: &quot;vlan://120&quot;,
&quot;extradhcpoption&quot;: [],
&quot;gateway&quot;: &quot;10.1.1.1&quot;,
&quot;id&quot;: &quot;fad1a7c2-215f-476e-8b6c-c83a847082ee&quot;,
&quot;ipaddress&quot;: &quot;10.1.1.183&quot;,
&quot;isdefault&quot;: true,
&quot;isolationuri&quot;: &quot;vlan://120&quot;,
&quot;macaddress&quot;: &quot;02:00:1f:30:00:01&quot;,
&quot;netmask&quot;: &quot;255.255.255.0&quot;,
&quot;networkid&quot;: &quot;a80f842c-e366-407c-9974-ee4b4b956795&quot;,
&quot;networkname&quot;: &quot;admin-network&quot;,
&quot;secondaryip&quot;: [],
&quot;traffictype&quot;: &quot;Guest&quot;,
&quot;type&quot;: &quot;Isolated&quot;
}
],
&quot;password_enabled&quot;: true,
&quot;security_groups&quot;: [],
&quot;service_offering&quot;: &quot;Small Instance&quot;,
&quot;state&quot;: &quot;Running&quot;,
&quot;tags&quot;: [],
&quot;template&quot;: &quot;CentOS 5.6 (64-bit) no GUI (Simulator)&quot;,
&quot;volumes&quot;: [
{
&quot;name&quot;: &quot;ROOT-5&quot;,
&quot;size&quot;: 2147483648,
&quot;type&quot;: &quot;ROOT&quot;
}
],
&quot;zone&quot;: &quot;Sandbox-simulator-advanced&quot;
},
{
&quot;account&quot;: &quot;admin&quot;,
&quot;affinity_groups&quot;: [
&quot;ansible-test-asusraf-26952587-ag&quot;
],
&quot;created&quot;: &quot;2021-01-22T12:28:55+0000&quot;,
&quot;default_ip&quot;: &quot;60.147.41.3&quot;,
&quot;display_name&quot;: &quot;ansible-test-asusraf-26952587-vm&quot;,
&quot;domain&quot;: &quot;ROOT&quot;,
&quot;host&quot;: &quot;SimulatedAgent.93810a87-4ae6-4cfb-bf72-8574c006bd6f&quot;,
&quot;hypervisor&quot;: &quot;Simulator&quot;,
&quot;id&quot;: &quot;b6ec75f3-bd60-4531-b2ca-154c746f3867&quot;,
&quot;instance_name&quot;: &quot;i-2-49-QA&quot;,
&quot;name&quot;: &quot;ansible-test-asusraf-26952587-vm&quot;,
&quot;nic&quot;: [
{
&quot;broadcasturi&quot;: &quot;vlan://untagged&quot;,
&quot;extradhcpoption&quot;: [],
&quot;gateway&quot;: &quot;60.147.41.1&quot;,
&quot;id&quot;: &quot;5db8d34f-b716-40c4-8873-d50b911259f8&quot;,
&quot;ipaddress&quot;: &quot;60.147.41.3&quot;,
&quot;isdefault&quot;: true,
&quot;macaddress&quot;: &quot;1e:00:e6:00:00:ff&quot;,
&quot;netmask&quot;: &quot;255.255.255.0&quot;,
&quot;networkid&quot;: &quot;28e078e9-9795-40fb-80a9-70a5512e2979&quot;,
&quot;networkname&quot;: &quot;guestNetworkForBasicZone&quot;,
&quot;secondaryip&quot;: [],
&quot;traffictype&quot;: &quot;Guest&quot;,
&quot;type&quot;: &quot;Shared&quot;
}
],
&quot;password_enabled&quot;: true,
&quot;security_groups&quot;: [
&quot;ansible-test-asusraf-26952587-sg&quot;
],
&quot;service_offering&quot;: &quot;Small Instance&quot;,
&quot;ssh_key&quot;: &quot;ansible-test-asusraf-26952587-sshkey&quot;,
&quot;state&quot;: &quot;Running&quot;,
&quot;tags&quot;: [],
&quot;template&quot;: &quot;CentOS 5.6 (64-bit) no GUI (Simulator)&quot;,
&quot;volumes&quot;: [
{
&quot;name&quot;: &quot;ROOT-49&quot;,
&quot;size&quot;: 2147483648,
&quot;type&quot;: &quot;ROOT&quot;
}
],
&quot;zone&quot;: &quot;Sandbox-simulator-basic&quot;
},
{
&quot;account&quot;: &quot;admin&quot;,
&quot;affinity_groups&quot;: [
&quot;ansible-test-asusraf-14833001-ag&quot;
],
&quot;created&quot;: &quot;2021-01-22T10:17:38+0000&quot;,
&quot;default_ip&quot;: &quot;60.147.41.100&quot;,
&quot;display_name&quot;: &quot;ansible-test-asusraf-14833001-vm&quot;,
&quot;domain&quot;: &quot;ROOT&quot;,
&quot;host&quot;: &quot;SimulatedAgent.93810a87-4ae6-4cfb-bf72-8574c006bd6f&quot;,
&quot;hypervisor&quot;: &quot;Simulator&quot;,
&quot;id&quot;: &quot;e9a12a18-546b-48df-a5e9-93a429f15092&quot;,
&quot;instance_name&quot;: &quot;i-2-14-QA&quot;,
&quot;name&quot;: &quot;ansible-test-asusraf-14833001-vm&quot;,
&quot;nic&quot;: [
{
&quot;broadcasturi&quot;: &quot;vlan://untagged&quot;,
&quot;extradhcpoption&quot;: [],
&quot;gateway&quot;: &quot;60.147.41.1&quot;,
&quot;id&quot;: &quot;d41da2fe-50bf-4e5b-8009-cffd4899abea&quot;,
&quot;ipaddress&quot;: &quot;60.147.41.100&quot;,
&quot;isdefault&quot;: true,
&quot;macaddress&quot;: &quot;1e:00:2e:00:01:60&quot;,
&quot;netmask&quot;: &quot;255.255.255.0&quot;,
&quot;networkid&quot;: &quot;28e078e9-9795-40fb-80a9-70a5512e2979&quot;,
&quot;networkname&quot;: &quot;guestNetworkForBasicZone&quot;,
&quot;secondaryip&quot;: [],
&quot;traffictype&quot;: &quot;Guest&quot;,
&quot;type&quot;: &quot;Shared&quot;
}
],
&quot;password_enabled&quot;: true,
&quot;security_groups&quot;: [
&quot;ansible-test-asusraf-14833001-sg&quot;
],
&quot;service_offering&quot;: &quot;Small Instance&quot;,
&quot;ssh_key&quot;: &quot;ansible-test-asusraf-14833001-sshkey&quot;,
&quot;state&quot;: &quot;Running&quot;,
&quot;tags&quot;: [],
&quot;template&quot;: &quot;CentOS 5.6 (64-bit) no GUI (Simulator)&quot;,
&quot;volumes&quot;: [
{
&quot;name&quot;: &quot;ROOT-14&quot;,
&quot;size&quot;: 2147483648,
&quot;type&quot;: &quot;ROOT&quot;
}
],
&quot;zone&quot;: &quot;Sandbox-simulator-basic&quot;
}
]
}</system-out>
		</testcase>
		<testcase classname="/root/ansible_collections/ngine_io/cloudstack/tests/output/.tmp/integration/cs_instance_info-154kx3f8-ÅÑŚÌβŁÈ/tests/integration/targets/cs_instance_info/tasks/main.yml:68" name="[testhost] testhost: cs_instance_info : verify test instance info that=['instance_info is successful', 'instance_info is not changed', 'instance_info.instances | length &gt; 0', '&quot;id&quot; in instance_info.instances[0]', '&quot;domain&quot; in instance_info.instances[0]', '&quot;account&quot; in instance_info.instances[0]', '&quot;zone&quot; in instance_info.instances[0]', '&quot;name&quot; in instance_info.instances[0]', '&quot;service_offering&quot; in instance_info.instances[0]', '&quot;host&quot; in instance_info.instances[0]']" time="0.053349">
			<system-out>{
    &quot;changed&quot;: false,
    &quot;msg&quot;: &quot;All assertions passed&quot;
}</system-out>
		</testcase>
	</testsuite>
</testsuites>
