<?xml version="1.0" ?>
<testsuites disabled="0" errors="0" failures="0" tests="34" time="12.88223147392273">
	<testsuite disabled="0" errors="0" failures="0" name="cs_sshkeypair-9mq19_yd" skipped="0" tests="34" time="12.88223147392273">
		<testcase name="[testhost] testhost: Gathering Facts gather_subset=['all'], gather_timeout=10" time="0.859788">
			<system-out>{
&quot;ansible_facts&quot;: {
&quot;ansible_apparmor&quot;: {
&quot;status&quot;: &quot;disabled&quot;
},
&quot;ansible_architecture&quot;: &quot;x86_64&quot;,
&quot;ansible_bios_date&quot;: &quot;04/17/2019&quot;,
&quot;ansible_bios_vendor&quot;: &quot;American Megatrends Inc.&quot;,
&quot;ansible_bios_version&quot;: &quot;UX303UB.302&quot;,
&quot;ansible_board_asset_tag&quot;: &quot;ATN12345678901234567&quot;,
&quot;ansible_board_name&quot;: &quot;UX303UB&quot;,
&quot;ansible_board_serial&quot;: &quot;BSN12345678901234567&quot;,
&quot;ansible_board_vendor&quot;: &quot;ASUSTeK COMPUTER INC.&quot;,
&quot;ansible_board_version&quot;: &quot;1.0&quot;,
&quot;ansible_chassis_asset_tag&quot;: &quot;ATN12345678901234567&quot;,
&quot;ansible_chassis_serial&quot;: &quot;G1N0CJ020652033&quot;,
&quot;ansible_chassis_vendor&quot;: &quot;ASUSTeK COMPUTER INC.&quot;,
&quot;ansible_chassis_version&quot;: &quot;1.0&quot;,
&quot;ansible_cmdline&quot;: {
&quot;BOOT_IMAGE&quot;: &quot;/vmlinuz-5.8.0-38-generic&quot;,
&quot;quiet&quot;: true,
&quot;ro&quot;: true,
&quot;root&quot;: &quot;/dev/mapper/vgubuntu-root&quot;,
&quot;splash&quot;: true
},
&quot;ansible_date_time&quot;: {
&quot;date&quot;: &quot;2021-01-22&quot;,
&quot;day&quot;: &quot;22&quot;,
&quot;epoch&quot;: &quot;1611311230&quot;,
&quot;hour&quot;: &quot;10&quot;,
&quot;iso8601&quot;: &quot;2021-01-22T10:27:10Z&quot;,
&quot;iso8601_basic&quot;: &quot;20210122T102710655311&quot;,
&quot;iso8601_basic_short&quot;: &quot;20210122T102710&quot;,
&quot;iso8601_micro&quot;: &quot;2021-01-22T10:27:10.655311Z&quot;,
&quot;minute&quot;: &quot;27&quot;,
&quot;month&quot;: &quot;01&quot;,
&quot;second&quot;: &quot;10&quot;,
&quot;time&quot;: &quot;10:27:10&quot;,
&quot;tz&quot;: &quot;UTC&quot;,
&quot;tz_offset&quot;: &quot;+0000&quot;,
&quot;weekday&quot;: &quot;Friday&quot;,
&quot;weekday_number&quot;: &quot;5&quot;,
&quot;weeknumber&quot;: &quot;03&quot;,
&quot;year&quot;: &quot;2021&quot;
},
&quot;ansible_device_links&quot;: {
&quot;ids&quot;: {},
&quot;labels&quot;: {},
&quot;masters&quot;: {
&quot;dm-0&quot;: [
&quot;dm-1&quot;,
&quot;dm-2&quot;,
&quot;dm-3&quot;,
&quot;dm-4&quot;,
&quot;dm-5&quot;
],
&quot;sda3&quot;: [
&quot;dm-0&quot;
]
},
&quot;uuids&quot;: {}
},
&quot;ansible_devices&quot;: {
&quot;dm-0&quot;: {
&quot;holders&quot;: [
&quot;vgubuntu-root&quot;,
&quot;vgubuntu-docker&quot;,
&quot;vgubuntu-swap_1&quot;,
&quot;vgubuntu-snaps&quot;,
&quot;vgubuntu-home&quot;
],
&quot;host&quot;: &quot;&quot;,
&quot;links&quot;: {
&quot;ids&quot;: [],
&quot;labels&quot;: [],
&quot;masters&quot;: [
&quot;dm-1&quot;,
&quot;dm-2&quot;,
&quot;dm-3&quot;,
&quot;dm-4&quot;,
&quot;dm-5&quot;
],
&quot;uuids&quot;: []
},
&quot;model&quot;: null,
&quot;partitions&quot;: {},
&quot;removable&quot;: &quot;0&quot;,
&quot;rotational&quot;: &quot;0&quot;,
&quot;sas_address&quot;: null,
&quot;sas_device_handle&quot;: null,
&quot;scheduler_mode&quot;: &quot;&quot;,
&quot;sectors&quot;: &quot;497534976&quot;,
&quot;sectorsize&quot;: &quot;512&quot;,
&quot;size&quot;: &quot;237.24 GB&quot;,
&quot;support_discard&quot;: &quot;512&quot;,
&quot;vendor&quot;: null,
&quot;virtual&quot;: 1
},
&quot;dm-1&quot;: {
&quot;holders&quot;: [],
&quot;host&quot;: &quot;&quot;,
&quot;links&quot;: {
&quot;ids&quot;: [],
&quot;labels&quot;: [],
&quot;masters&quot;: [],
&quot;uuids&quot;: []
},
&quot;model&quot;: null,
&quot;partitions&quot;: {},
&quot;removable&quot;: &quot;0&quot;,
&quot;rotational&quot;: &quot;0&quot;,
&quot;sas_address&quot;: null,
&quot;sas_device_handle&quot;: null,
&quot;scheduler_mode&quot;: &quot;&quot;,
&quot;sectors&quot;: &quot;52428800&quot;,
&quot;sectorsize&quot;: &quot;512&quot;,
&quot;size&quot;: &quot;25.00 GB&quot;,
&quot;support_discard&quot;: &quot;512&quot;,
&quot;vendor&quot;: null,
&quot;virtual&quot;: 1
},
&quot;dm-2&quot;: {
&quot;holders&quot;: [],
&quot;host&quot;: &quot;&quot;,
&quot;links&quot;: {
&quot;ids&quot;: [],
&quot;labels&quot;: [],
&quot;masters&quot;: [],
&quot;uuids&quot;: []
},
&quot;model&quot;: null,
&quot;partitions&quot;: {},
&quot;removable&quot;: &quot;0&quot;,
&quot;rotational&quot;: &quot;0&quot;,
&quot;sas_address&quot;: null,
&quot;sas_device_handle&quot;: null,
&quot;scheduler_mode&quot;: &quot;&quot;,
&quot;sectors&quot;: &quot;8388608&quot;,
&quot;sectorsize&quot;: &quot;512&quot;,
&quot;size&quot;: &quot;4.00 GB&quot;,
&quot;support_discard&quot;: &quot;512&quot;,
&quot;vendor&quot;: null,
&quot;virtual&quot;: 1
},
&quot;dm-3&quot;: {
&quot;holders&quot;: [],
&quot;host&quot;: &quot;&quot;,
&quot;links&quot;: {
&quot;ids&quot;: [],
&quot;labels&quot;: [],
&quot;masters&quot;: [],
&quot;uuids&quot;: []
},
&quot;model&quot;: null,
&quot;partitions&quot;: {},
&quot;removable&quot;: &quot;0&quot;,
&quot;rotational&quot;: &quot;0&quot;,
&quot;sas_address&quot;: null,
&quot;sas_device_handle&quot;: null,
&quot;scheduler_mode&quot;: &quot;&quot;,
&quot;sectors&quot;: &quot;251658240&quot;,
&quot;sectorsize&quot;: &quot;512&quot;,
&quot;size&quot;: &quot;120.00 GB&quot;,
&quot;support_discard&quot;: &quot;512&quot;,
&quot;vendor&quot;: null,
&quot;virtual&quot;: 1
},
&quot;dm-4&quot;: {
&quot;holders&quot;: [],
&quot;host&quot;: &quot;&quot;,
&quot;links&quot;: {
&quot;ids&quot;: [],
&quot;labels&quot;: [],
&quot;masters&quot;: [],
&quot;uuids&quot;: []
},
&quot;model&quot;: null,
&quot;partitions&quot;: {},
&quot;removable&quot;: &quot;0&quot;,
&quot;rotational&quot;: &quot;0&quot;,
&quot;sas_address&quot;: null,
&quot;sas_device_handle&quot;: null,
&quot;scheduler_mode&quot;: &quot;&quot;,
&quot;sectors&quot;: &quot;83886080&quot;,
&quot;sectorsize&quot;: &quot;512&quot;,
&quot;size&quot;: &quot;40.00 GB&quot;,
&quot;support_discard&quot;: &quot;512&quot;,
&quot;vendor&quot;: null,
&quot;virtual&quot;: 1
},
&quot;dm-5&quot;: {
&quot;holders&quot;: [],
&quot;host&quot;: &quot;&quot;,
&quot;links&quot;: {
&quot;ids&quot;: [],
&quot;labels&quot;: [],
&quot;masters&quot;: [],
&quot;uuids&quot;: []
},
&quot;model&quot;: null,
&quot;partitions&quot;: {},
&quot;removable&quot;: &quot;0&quot;,
&quot;rotational&quot;: &quot;0&quot;,
&quot;sas_address&quot;: null,
&quot;sas_device_handle&quot;: null,
&quot;scheduler_mode&quot;: &quot;&quot;,
&quot;sectors&quot;: &quot;31457280&quot;,
&quot;sectorsize&quot;: &quot;512&quot;,
&quot;size&quot;: &quot;15.00 GB&quot;,
&quot;support_discard&quot;: &quot;512&quot;,
&quot;vendor&quot;: null,
&quot;virtual&quot;: 1
},
&quot;loop0&quot;: {
&quot;holders&quot;: [],
&quot;host&quot;: &quot;&quot;,
&quot;links&quot;: {
&quot;ids&quot;: [],
&quot;labels&quot;: [],
&quot;masters&quot;: [],
&quot;uuids&quot;: []
},
&quot;model&quot;: null,
&quot;partitions&quot;: {},
&quot;removable&quot;: &quot;0&quot;,
&quot;rotational&quot;: &quot;0&quot;,
&quot;sas_address&quot;: null,
&quot;sas_device_handle&quot;: null,
&quot;scheduler_mode&quot;: &quot;mq-deadline&quot;,
&quot;sectors&quot;: &quot;242432&quot;,
&quot;sectorsize&quot;: &quot;512&quot;,
&quot;size&quot;: &quot;118.38 MB&quot;,
&quot;support_discard&quot;: &quot;4096&quot;,
&quot;vendor&quot;: null,
&quot;virtual&quot;: 1
},
&quot;loop1&quot;: {
&quot;holders&quot;: [],
&quot;host&quot;: &quot;&quot;,
&quot;links&quot;: {
&quot;ids&quot;: [],
&quot;labels&quot;: [],
&quot;masters&quot;: [],
&quot;uuids&quot;: []
},
&quot;model&quot;: null,
&quot;partitions&quot;: {},
&quot;removable&quot;: &quot;0&quot;,
&quot;rotational&quot;: &quot;0&quot;,
&quot;sas_address&quot;: null,
&quot;sas_device_handle&quot;: null,
&quot;scheduler_mode&quot;: &quot;mq-deadline&quot;,
&quot;sectors&quot;: &quot;200416&quot;,
&quot;sectorsize&quot;: &quot;512&quot;,
&quot;size&quot;: &quot;97.86 MB&quot;,
&quot;support_discard&quot;: &quot;4096&quot;,
&quot;vendor&quot;: null,
&quot;virtual&quot;: 1
},
&quot;loop10&quot;: {
&quot;holders&quot;: [],
&quot;host&quot;: &quot;&quot;,
&quot;links&quot;: {
&quot;ids&quot;: [],
&quot;labels&quot;: [],
&quot;masters&quot;: [],
&quot;uuids&quot;: []
},
&quot;model&quot;: null,
&quot;partitions&quot;: {},
&quot;removable&quot;: &quot;0&quot;,
&quot;rotational&quot;: &quot;0&quot;,
&quot;sas_address&quot;: null,
&quot;sas_device_handle&quot;: null,
&quot;scheduler_mode&quot;: &quot;mq-deadline&quot;,
&quot;sectors&quot;: &quot;280&quot;,
&quot;sectorsize&quot;: &quot;512&quot;,
&quot;size&quot;: &quot;140.00 KB&quot;,
&quot;support_discard&quot;: &quot;4096&quot;,
&quot;vendor&quot;: null,
&quot;virtual&quot;: 1
},
&quot;loop11&quot;: {
&quot;holders&quot;: [],
&quot;host&quot;: &quot;&quot;,
&quot;links&quot;: {
&quot;ids&quot;: [],
&quot;labels&quot;: [],
&quot;masters&quot;: [],
&quot;uuids&quot;: []
},
&quot;model&quot;: null,
&quot;partitions&quot;: {},
&quot;removable&quot;: &quot;0&quot;,
&quot;rotational&quot;: &quot;0&quot;,
&quot;sas_address&quot;: null,
&quot;sas_device_handle&quot;: null,
&quot;scheduler_mode&quot;: &quot;mq-deadline&quot;,
&quot;sectors&quot;: &quot;225912&quot;,
&quot;sectorsize&quot;: &quot;512&quot;,
&quot;size&quot;: &quot;110.31 MB&quot;,
&quot;support_discard&quot;: &quot;4096&quot;,
&quot;vendor&quot;: null,
&quot;virtual&quot;: 1
},
&quot;loop12&quot;: {
&quot;holders&quot;: [],
&quot;host&quot;: &quot;&quot;,
&quot;links&quot;: {
&quot;ids&quot;: [],
&quot;labels&quot;: [],
&quot;masters&quot;: [],
&quot;uuids&quot;: []
},
&quot;model&quot;: null,
&quot;partitions&quot;: {},
&quot;removable&quot;: &quot;0&quot;,
&quot;rotational&quot;: &quot;0&quot;,
&quot;sas_address&quot;: null,
&quot;sas_device_handle&quot;: null,
&quot;scheduler_mode&quot;: &quot;mq-deadline&quot;,
&quot;sectors&quot;: &quot;104496&quot;,
&quot;sectorsize&quot;: &quot;512&quot;,
&quot;size&quot;: &quot;51.02 MB&quot;,
&quot;support_discard&quot;: &quot;4096&quot;,
&quot;vendor&quot;: null,
&quot;virtual&quot;: 1
},
&quot;loop13&quot;: {
&quot;holders&quot;: [],
&quot;host&quot;: &quot;&quot;,
&quot;links&quot;: {
&quot;ids&quot;: [],
&quot;labels&quot;: [],
&quot;masters&quot;: [],
&quot;uuids&quot;: []
},
&quot;model&quot;: null,
&quot;partitions&quot;: {},
&quot;removable&quot;: &quot;0&quot;,
&quot;rotational&quot;: &quot;0&quot;,
&quot;sas_address&quot;: null,
&quot;sas_device_handle&quot;: null,
&quot;scheduler_mode&quot;: &quot;mq-deadline&quot;,
&quot;sectors&quot;: &quot;446248&quot;,
&quot;sectorsize&quot;: &quot;512&quot;,
&quot;size&quot;: &quot;217.89 MB&quot;,
&quot;support_discard&quot;: &quot;4096&quot;,
&quot;vendor&quot;: null,
&quot;virtual&quot;: 1
},
&quot;loop14&quot;: {
&quot;holders&quot;: [],
&quot;host&quot;: &quot;&quot;,
&quot;links&quot;: {
&quot;ids&quot;: [],
&quot;labels&quot;: [],
&quot;masters&quot;: [],
&quot;uuids&quot;: []
},
&quot;model&quot;: null,
&quot;partitions&quot;: {},
&quot;removable&quot;: &quot;0&quot;,
&quot;rotational&quot;: &quot;0&quot;,
&quot;sas_address&quot;: null,
&quot;sas_device_handle&quot;: null,
&quot;scheduler_mode&quot;: &quot;mq-deadline&quot;,
&quot;sectors&quot;: &quot;198528&quot;,
&quot;sectorsize&quot;: &quot;512&quot;,
&quot;size&quot;: &quot;96.94 MB&quot;,
&quot;support_discard&quot;: &quot;4096&quot;,
&quot;vendor&quot;: null,
&quot;virtual&quot;: 1
},
&quot;loop15&quot;: {
&quot;holders&quot;: [],
&quot;host&quot;: &quot;&quot;,
&quot;links&quot;: {
&quot;ids&quot;: [],
&quot;labels&quot;: [],
&quot;masters&quot;: [],
&quot;uuids&quot;: []
},
&quot;model&quot;: null,
&quot;partitions&quot;: {},
&quot;removable&quot;: &quot;0&quot;,
&quot;rotational&quot;: &quot;0&quot;,
&quot;sas_address&quot;: null,
&quot;sas_device_handle&quot;: null,
&quot;scheduler_mode&quot;: &quot;mq-deadline&quot;,
&quot;sectors&quot;: &quot;63616&quot;,
&quot;sectorsize&quot;: &quot;512&quot;,
&quot;size&quot;: &quot;31.06 MB&quot;,
&quot;support_discard&quot;: &quot;4096&quot;,
&quot;vendor&quot;: null,
&quot;virtual&quot;: 1
},
&quot;loop16&quot;: {
&quot;holders&quot;: [],
&quot;host&quot;: &quot;&quot;,
&quot;links&quot;: {
&quot;ids&quot;: [],
&quot;labels&quot;: [],
&quot;masters&quot;: [],
&quot;uuids&quot;: []
},
&quot;model&quot;: null,
&quot;partitions&quot;: {},
&quot;removable&quot;: &quot;0&quot;,
&quot;rotational&quot;: &quot;0&quot;,
&quot;sas_address&quot;: null,
&quot;sas_device_handle&quot;: null,
&quot;scheduler_mode&quot;: &quot;mq-deadline&quot;,
&quot;sectors&quot;: &quot;63672&quot;,
&quot;sectorsize&quot;: &quot;512&quot;,
&quot;size&quot;: &quot;31.09 MB&quot;,
&quot;support_discard&quot;: &quot;4096&quot;,
&quot;vendor&quot;: null,
&quot;virtual&quot;: 1
},
&quot;loop17&quot;: {
&quot;holders&quot;: [],
&quot;host&quot;: &quot;&quot;,
&quot;links&quot;: {
&quot;ids&quot;: [],
&quot;labels&quot;: [],
&quot;masters&quot;: [],
&quot;uuids&quot;: []
},
&quot;model&quot;: null,
&quot;partitions&quot;: {},
&quot;removable&quot;: &quot;0&quot;,
&quot;rotational&quot;: &quot;0&quot;,
&quot;sas_address&quot;: null,
&quot;sas_device_handle&quot;: null,
&quot;scheduler_mode&quot;: &quot;mq-deadline&quot;,
&quot;sectors&quot;: &quot;1307528&quot;,
&quot;sectorsize&quot;: &quot;512&quot;,
&quot;size&quot;: &quot;638.44 MB&quot;,
&quot;support_discard&quot;: &quot;4096&quot;,
&quot;vendor&quot;: null,
&quot;virtual&quot;: 1
},
&quot;loop18&quot;: {
&quot;holders&quot;: [],
&quot;host&quot;: &quot;&quot;,
&quot;links&quot;: {
&quot;ids&quot;: [],
&quot;labels&quot;: [],
&quot;masters&quot;: [],
&quot;uuids&quot;: []
},
&quot;model&quot;: null,
&quot;partitions&quot;: {},
&quot;removable&quot;: &quot;0&quot;,
&quot;rotational&quot;: &quot;0&quot;,
&quot;sas_address&quot;: null,
&quot;sas_device_handle&quot;: null,
&quot;scheduler_mode&quot;: &quot;mq-deadline&quot;,
&quot;sectors&quot;: &quot;167048&quot;,
&quot;sectorsize&quot;: &quot;512&quot;,
&quot;size&quot;: &quot;81.57 MB&quot;,
&quot;support_discard&quot;: &quot;4096&quot;,
&quot;vendor&quot;: null,
&quot;virtual&quot;: 1
},
&quot;loop19&quot;: {
&quot;holders&quot;: [],
&quot;host&quot;: &quot;&quot;,
&quot;links&quot;: {
&quot;ids&quot;: [],
&quot;labels&quot;: [],
&quot;masters&quot;: [],
&quot;uuids&quot;: []
},
&quot;model&quot;: null,
&quot;partitions&quot;: {},
&quot;removable&quot;: &quot;0&quot;,
&quot;rotational&quot;: &quot;0&quot;,
&quot;sas_address&quot;: null,
&quot;sas_device_handle&quot;: null,
&quot;scheduler_mode&quot;: &quot;mq-deadline&quot;,
&quot;sectors&quot;: &quot;1273304&quot;,
&quot;sectorsize&quot;: &quot;512&quot;,
&quot;size&quot;: &quot;621.73 MB&quot;,
&quot;support_discard&quot;: &quot;4096&quot;,
&quot;vendor&quot;: null,
&quot;virtual&quot;: 1
},
&quot;loop2&quot;: {
&quot;holders&quot;: [],
&quot;host&quot;: &quot;&quot;,
&quot;links&quot;: {
&quot;ids&quot;: [],
&quot;labels&quot;: [],
&quot;masters&quot;: [],
&quot;uuids&quot;: []
},
&quot;model&quot;: null,
&quot;partitions&quot;: {},
&quot;removable&quot;: &quot;0&quot;,
&quot;rotational&quot;: &quot;0&quot;,
&quot;sas_address&quot;: null,
&quot;sas_device_handle&quot;: null,
&quot;scheduler_mode&quot;: &quot;mq-deadline&quot;,
&quot;sectors&quot;: &quot;200464&quot;,
&quot;sectorsize&quot;: &quot;512&quot;,
&quot;size&quot;: &quot;97.88 MB&quot;,
&quot;support_discard&quot;: &quot;4096&quot;,
&quot;vendor&quot;: null,
&quot;virtual&quot;: 1
},
&quot;loop20&quot;: {
&quot;holders&quot;: [],
&quot;host&quot;: &quot;&quot;,
&quot;links&quot;: {
&quot;ids&quot;: [],
&quot;labels&quot;: [],
&quot;masters&quot;: [],
&quot;uuids&quot;: []
},
&quot;model&quot;: null,
&quot;partitions&quot;: {},
&quot;removable&quot;: &quot;0&quot;,
&quot;rotational&quot;: &quot;0&quot;,
&quot;sas_address&quot;: null,
&quot;sas_device_handle&quot;: null,
&quot;scheduler_mode&quot;: &quot;mq-deadline&quot;,
&quot;sectors&quot;: &quot;174000&quot;,
&quot;sectorsize&quot;: &quot;512&quot;,
&quot;size&quot;: &quot;84.96 MB&quot;,
&quot;support_discard&quot;: &quot;4096&quot;,
&quot;vendor&quot;: null,
&quot;virtual&quot;: 1
},
&quot;loop21&quot;: {
&quot;holders&quot;: [],
&quot;host&quot;: &quot;&quot;,
&quot;links&quot;: {
&quot;ids&quot;: [],
&quot;labels&quot;: [],
&quot;masters&quot;: [],
&quot;uuids&quot;: []
},
&quot;model&quot;: null,
&quot;partitions&quot;: {},
&quot;removable&quot;: &quot;0&quot;,
&quot;rotational&quot;: &quot;0&quot;,
&quot;sas_address&quot;: null,
&quot;sas_device_handle&quot;: null,
&quot;scheduler_mode&quot;: &quot;mq-deadline&quot;,
&quot;sectors&quot;: &quot;132648&quot;,
&quot;sectorsize&quot;: &quot;512&quot;,
&quot;size&quot;: &quot;64.77 MB&quot;,
&quot;support_discard&quot;: &quot;4096&quot;,
&quot;vendor&quot;: null,
&quot;virtual&quot;: 1
},
&quot;loop22&quot;: {
&quot;holders&quot;: [],
&quot;host&quot;: &quot;&quot;,
&quot;links&quot;: {
&quot;ids&quot;: [],
&quot;labels&quot;: [],
&quot;masters&quot;: [],
&quot;uuids&quot;: []
},
&quot;model&quot;: null,
&quot;partitions&quot;: {},
&quot;removable&quot;: &quot;0&quot;,
&quot;rotational&quot;: &quot;0&quot;,
&quot;sas_address&quot;: null,
&quot;sas_device_handle&quot;: null,
&quot;scheduler_mode&quot;: &quot;mq-deadline&quot;,
&quot;sectors&quot;: &quot;131792&quot;,
&quot;sectorsize&quot;: &quot;512&quot;,
&quot;size&quot;: &quot;64.35 MB&quot;,
&quot;support_discard&quot;: &quot;4096&quot;,
&quot;vendor&quot;: null,
&quot;virtual&quot;: 1
},
&quot;loop23&quot;: {
&quot;holders&quot;: [],
&quot;host&quot;: &quot;&quot;,
&quot;links&quot;: {
&quot;ids&quot;: [],
&quot;labels&quot;: [],
&quot;masters&quot;: [],
&quot;uuids&quot;: []
},
&quot;model&quot;: null,
&quot;partitions&quot;: {},
&quot;removable&quot;: &quot;0&quot;,
&quot;rotational&quot;: &quot;0&quot;,
&quot;sas_address&quot;: null,
&quot;sas_device_handle&quot;: null,
&quot;scheduler_mode&quot;: &quot;mq-deadline&quot;,
&quot;sectors&quot;: &quot;448920&quot;,
&quot;sectorsize&quot;: &quot;512&quot;,
&quot;size&quot;: &quot;219.20 MB&quot;,
&quot;support_discard&quot;: &quot;4096&quot;,
&quot;vendor&quot;: null,
&quot;virtual&quot;: 1
},
&quot;loop24&quot;: {
&quot;holders&quot;: [],
&quot;host&quot;: &quot;&quot;,
&quot;links&quot;: {
&quot;ids&quot;: [],
&quot;labels&quot;: [],
&quot;masters&quot;: [],
&quot;uuids&quot;: []
},
&quot;model&quot;: null,
&quot;partitions&quot;: {},
&quot;removable&quot;: &quot;0&quot;,
&quot;rotational&quot;: &quot;0&quot;,
&quot;sas_address&quot;: null,
&quot;sas_device_handle&quot;: null,
&quot;scheduler_mode&quot;: &quot;mq-deadline&quot;,
&quot;sectors&quot;: &quot;448888&quot;,
&quot;sectorsize&quot;: &quot;512&quot;,
&quot;size&quot;: &quot;219.18 MB&quot;,
&quot;support_discard&quot;: &quot;4096&quot;,
&quot;vendor&quot;: null,
&quot;virtual&quot;: 1
},
&quot;loop25&quot;: {
&quot;holders&quot;: [],
&quot;host&quot;: &quot;&quot;,
&quot;links&quot;: {
&quot;ids&quot;: [],
&quot;labels&quot;: [],
&quot;masters&quot;: [],
&quot;uuids&quot;: []
},
&quot;model&quot;: null,
&quot;partitions&quot;: {},
&quot;removable&quot;: &quot;0&quot;,
&quot;rotational&quot;: &quot;0&quot;,
&quot;sas_address&quot;: null,
&quot;sas_device_handle&quot;: null,
&quot;scheduler_mode&quot;: &quot;mq-deadline&quot;,
&quot;sectors&quot;: &quot;242568&quot;,
&quot;sectorsize&quot;: &quot;512&quot;,
&quot;size&quot;: &quot;118.44 MB&quot;,
&quot;support_discard&quot;: &quot;4096&quot;,
&quot;vendor&quot;: null,
&quot;virtual&quot;: 1
},
&quot;loop26&quot;: {
&quot;holders&quot;: [],
&quot;host&quot;: &quot;&quot;,
&quot;links&quot;: {
&quot;ids&quot;: [],
&quot;labels&quot;: [],
&quot;masters&quot;: [],
&quot;uuids&quot;: []
},
&quot;model&quot;: null,
&quot;partitions&quot;: {},
&quot;removable&quot;: &quot;0&quot;,
&quot;rotational&quot;: &quot;0&quot;,
&quot;sas_address&quot;: null,
&quot;sas_device_handle&quot;: null,
&quot;scheduler_mode&quot;: &quot;mq-deadline&quot;,
&quot;sectors&quot;: &quot;104536&quot;,
&quot;sectorsize&quot;: &quot;512&quot;,
&quot;size&quot;: &quot;51.04 MB&quot;,
&quot;support_discard&quot;: &quot;4096&quot;,
&quot;vendor&quot;: null,
&quot;virtual&quot;: 1
},
&quot;loop27&quot;: {
&quot;holders&quot;: [],
&quot;host&quot;: &quot;&quot;,
&quot;links&quot;: {
&quot;ids&quot;: [],
&quot;labels&quot;: [],
&quot;masters&quot;: [],
&quot;uuids&quot;: []
},
&quot;model&quot;: null,
&quot;partitions&quot;: {},
&quot;removable&quot;: &quot;0&quot;,
&quot;rotational&quot;: &quot;0&quot;,
&quot;sas_address&quot;: null,
&quot;sas_device_handle&quot;: null,
&quot;scheduler_mode&quot;: &quot;mq-deadline&quot;,
&quot;sectors&quot;: &quot;168984&quot;,
&quot;sectorsize&quot;: &quot;512&quot;,
&quot;size&quot;: &quot;82.51 MB&quot;,
&quot;support_discard&quot;: &quot;4096&quot;,
&quot;vendor&quot;: null,
&quot;virtual&quot;: 1
},
&quot;loop28&quot;: {
&quot;holders&quot;: [],
&quot;host&quot;: &quot;&quot;,
&quot;links&quot;: {
&quot;ids&quot;: [],
&quot;labels&quot;: [],
&quot;masters&quot;: [],
&quot;uuids&quot;: []
},
&quot;model&quot;: null,
&quot;partitions&quot;: {},
&quot;removable&quot;: &quot;0&quot;,
&quot;rotational&quot;: &quot;0&quot;,
&quot;sas_address&quot;: null,
&quot;sas_device_handle&quot;: null,
&quot;scheduler_mode&quot;: &quot;mq-deadline&quot;,
&quot;sectors&quot;: &quot;0&quot;,
&quot;sectorsize&quot;: &quot;512&quot;,
&quot;size&quot;: &quot;0.00 Bytes&quot;,
&quot;support_discard&quot;: &quot;4096&quot;,
&quot;vendor&quot;: null,
&quot;virtual&quot;: 1
},
&quot;loop3&quot;: {
&quot;holders&quot;: [],
&quot;host&quot;: &quot;&quot;,
&quot;links&quot;: {
&quot;ids&quot;: [],
&quot;labels&quot;: [],
&quot;masters&quot;: [],
&quot;uuids&quot;: []
},
&quot;model&quot;: null,
&quot;partitions&quot;: {},
&quot;removable&quot;: &quot;0&quot;,
&quot;rotational&quot;: &quot;0&quot;,
&quot;sas_address&quot;: null,
&quot;sas_device_handle&quot;: null,
&quot;scheduler_mode&quot;: &quot;mq-deadline&quot;,
&quot;sectors&quot;: &quot;113424&quot;,
&quot;sectorsize&quot;: &quot;512&quot;,
&quot;size&quot;: &quot;55.38 MB&quot;,
&quot;support_discard&quot;: &quot;4096&quot;,
&quot;vendor&quot;: null,
&quot;virtual&quot;: 1
},
&quot;loop4&quot;: {
&quot;holders&quot;: [],
&quot;host&quot;: &quot;&quot;,
&quot;links&quot;: {
&quot;ids&quot;: [],
&quot;labels&quot;: [],
&quot;masters&quot;: [],
&quot;uuids&quot;: []
},
&quot;model&quot;: null,
&quot;partitions&quot;: {},
&quot;removable&quot;: &quot;0&quot;,
&quot;rotational&quot;: &quot;0&quot;,
&quot;sas_address&quot;: null,
&quot;sas_device_handle&quot;: null,
&quot;scheduler_mode&quot;: &quot;mq-deadline&quot;,
&quot;sectors&quot;: &quot;225912&quot;,
&quot;sectorsize&quot;: &quot;512&quot;,
&quot;size&quot;: &quot;110.31 MB&quot;,
&quot;support_discard&quot;: &quot;4096&quot;,
&quot;vendor&quot;: null,
&quot;virtual&quot;: 1
},
&quot;loop5&quot;: {
&quot;holders&quot;: [],
&quot;host&quot;: &quot;&quot;,
&quot;links&quot;: {
&quot;ids&quot;: [],
&quot;labels&quot;: [],
&quot;masters&quot;: [],
&quot;uuids&quot;: []
},
&quot;model&quot;: null,
&quot;partitions&quot;: {},
&quot;removable&quot;: &quot;0&quot;,
&quot;rotational&quot;: &quot;0&quot;,
&quot;sas_address&quot;: null,
&quot;sas_device_handle&quot;: null,
&quot;scheduler_mode&quot;: &quot;mq-deadline&quot;,
&quot;sectors&quot;: &quot;113384&quot;,
&quot;sectorsize&quot;: &quot;512&quot;,
&quot;size&quot;: &quot;55.36 MB&quot;,
&quot;support_discard&quot;: &quot;4096&quot;,
&quot;vendor&quot;: null,
&quot;virtual&quot;: 1
},
&quot;loop6&quot;: {
&quot;holders&quot;: [],
&quot;host&quot;: &quot;&quot;,
&quot;links&quot;: {
&quot;ids&quot;: [],
&quot;labels&quot;: [],
&quot;masters&quot;: [],
&quot;uuids&quot;: []
},
&quot;model&quot;: null,
&quot;partitions&quot;: {},
&quot;removable&quot;: &quot;0&quot;,
&quot;rotational&quot;: &quot;0&quot;,
&quot;sas_address&quot;: null,
&quot;sas_device_handle&quot;: null,
&quot;scheduler_mode&quot;: &quot;mq-deadline&quot;,
&quot;sectors&quot;: &quot;333552&quot;,
&quot;sectorsize&quot;: &quot;512&quot;,
&quot;size&quot;: &quot;162.87 MB&quot;,
&quot;support_discard&quot;: &quot;4096&quot;,
&quot;vendor&quot;: null,
&quot;virtual&quot;: 1
},
&quot;loop7&quot;: {
&quot;holders&quot;: [],
&quot;host&quot;: &quot;&quot;,
&quot;links&quot;: {
&quot;ids&quot;: [],
&quot;labels&quot;: [],
&quot;masters&quot;: [],
&quot;uuids&quot;: []
},
&quot;model&quot;: null,
&quot;partitions&quot;: {},
&quot;removable&quot;: &quot;0&quot;,
&quot;rotational&quot;: &quot;0&quot;,
&quot;sas_address&quot;: null,
&quot;sas_device_handle&quot;: null,
&quot;scheduler_mode&quot;: &quot;mq-deadline&quot;,
&quot;sectors&quot;: &quot;330576&quot;,
&quot;sectorsize&quot;: &quot;512&quot;,
&quot;size&quot;: &quot;161.41 MB&quot;,
&quot;support_discard&quot;: &quot;4096&quot;,
&quot;vendor&quot;: null,
&quot;virtual&quot;: 1
},
&quot;loop8&quot;: {
&quot;holders&quot;: [],
&quot;host&quot;: &quot;&quot;,
&quot;links&quot;: {
&quot;ids&quot;: [],
&quot;labels&quot;: [],
&quot;masters&quot;: [],
&quot;uuids&quot;: []
},
&quot;model&quot;: null,
&quot;partitions&quot;: {},
&quot;removable&quot;: &quot;0&quot;,
&quot;rotational&quot;: &quot;0&quot;,
&quot;sas_address&quot;: null,
&quot;sas_device_handle&quot;: null,
&quot;scheduler_mode&quot;: &quot;mq-deadline&quot;,
&quot;sectors&quot;: &quot;448496&quot;,
&quot;sectorsize&quot;: &quot;512&quot;,
&quot;size&quot;: &quot;218.99 MB&quot;,
&quot;support_discard&quot;: &quot;4096&quot;,
&quot;vendor&quot;: null,
&quot;virtual&quot;: 1
},
&quot;loop9&quot;: {
&quot;holders&quot;: [],
&quot;host&quot;: &quot;&quot;,
&quot;links&quot;: {
&quot;ids&quot;: [],
&quot;labels&quot;: [],
&quot;masters&quot;: [],
&quot;uuids&quot;: []
},
&quot;model&quot;: null,
&quot;partitions&quot;: {},
&quot;removable&quot;: &quot;0&quot;,
&quot;rotational&quot;: &quot;0&quot;,
&quot;sas_address&quot;: null,
&quot;sas_device_handle&quot;: null,
&quot;scheduler_mode&quot;: &quot;mq-deadline&quot;,
&quot;sectors&quot;: &quot;198448&quot;,
&quot;sectorsize&quot;: &quot;512&quot;,
&quot;size&quot;: &quot;96.90 MB&quot;,
&quot;support_discard&quot;: &quot;4096&quot;,
&quot;vendor&quot;: null,
&quot;virtual&quot;: 1
},
&quot;sda&quot;: {
&quot;holders&quot;: [],
&quot;host&quot;: &quot;&quot;,
&quot;links&quot;: {
&quot;ids&quot;: [],
&quot;labels&quot;: [],
&quot;masters&quot;: [],
&quot;uuids&quot;: []
},
&quot;model&quot;: &quot;HFS256G32MND-220&quot;,
&quot;partitions&quot;: {
&quot;sda1&quot;: {
&quot;holders&quot;: [],
&quot;links&quot;: {
&quot;ids&quot;: [],
&quot;labels&quot;: [],
&quot;masters&quot;: [],
&quot;uuids&quot;: []
},
&quot;sectors&quot;: &quot;1048576&quot;,
&quot;sectorsize&quot;: 512,
&quot;size&quot;: &quot;512.00 MB&quot;,
&quot;start&quot;: &quot;2048&quot;,
&quot;uuid&quot;: null
},
&quot;sda2&quot;: {
&quot;holders&quot;: [],
&quot;links&quot;: {
&quot;ids&quot;: [],
&quot;labels&quot;: [],
&quot;masters&quot;: [],
&quot;uuids&quot;: []
},
&quot;sectors&quot;: &quot;1499136&quot;,
&quot;sectorsize&quot;: 512,
&quot;size&quot;: &quot;732.00 MB&quot;,
&quot;start&quot;: &quot;1050624&quot;,
&quot;uuid&quot;: null
},
&quot;sda3&quot;: {
&quot;holders&quot;: [
&quot;sda3_crypt&quot;
],
&quot;links&quot;: {
&quot;ids&quot;: [],
&quot;labels&quot;: [],
&quot;masters&quot;: [
&quot;dm-0&quot;
],
&quot;uuids&quot;: []
},
&quot;sectors&quot;: &quot;497567744&quot;,
&quot;sectorsize&quot;: 512,
&quot;size&quot;: &quot;237.26 GB&quot;,
&quot;start&quot;: &quot;2549760&quot;,
&quot;uuid&quot;: null
}
},
&quot;removable&quot;: &quot;0&quot;,
&quot;rotational&quot;: &quot;0&quot;,
&quot;sas_address&quot;: null,
&quot;sas_device_handle&quot;: null,
&quot;scheduler_mode&quot;: &quot;mq-deadline&quot;,
&quot;sectors&quot;: &quot;500118192&quot;,
&quot;sectorsize&quot;: &quot;512&quot;,
&quot;size&quot;: &quot;238.47 GB&quot;,
&quot;support_discard&quot;: &quot;512&quot;,
&quot;vendor&quot;: &quot;ATA&quot;,
&quot;virtual&quot;: 1
}
},
&quot;ansible_distribution&quot;: &quot;Ubuntu&quot;,
&quot;ansible_distribution_file_parsed&quot;: true,
&quot;ansible_distribution_file_path&quot;: &quot;/etc/os-release&quot;,
&quot;ansible_distribution_file_variety&quot;: &quot;Debian&quot;,
&quot;ansible_distribution_major_version&quot;: &quot;18&quot;,
&quot;ansible_distribution_release&quot;: &quot;bionic&quot;,
&quot;ansible_distribution_version&quot;: &quot;18.04&quot;,
&quot;ansible_dns&quot;: {
&quot;nameservers&quot;: [
&quot;10.63.0.1&quot;
]
},
&quot;ansible_domain&quot;: &quot;&quot;,
&quot;ansible_effective_group_id&quot;: 0,
&quot;ansible_effective_user_id&quot;: 0,
&quot;ansible_env&quot;: {
&quot;ANSIBLE_CALLBACK_WHITELIST&quot;: &quot;junit&quot;,
&quot;ANSIBLE_COLLECTIONS_PATH&quot;: &quot;/root&quot;,
&quot;ANSIBLE_CONFIG&quot;: &quot;/root/ansible_collections/ngine_io/cloudstack/tests/output/.tmp/integration/cs_sshkeypair-rabz41fk-ÅÑŚÌβŁÈ/tests/integration/integration.cfg&quot;,
&quot;ANSIBLE_DEPRECATION_WARNINGS&quot;: &quot;false&quot;,
&quot;ANSIBLE_DEVEL_WARNING&quot;: &quot;false&quot;,
&quot;ANSIBLE_FORCE_COLOR&quot;: &quot;true&quot;,
&quot;ANSIBLE_FORCE_HANDLERS&quot;: &quot;true&quot;,
&quot;ANSIBLE_HOST_KEY_CHECKING&quot;: &quot;false&quot;,
&quot;ANSIBLE_HOST_PATTERN_MISMATCH&quot;: &quot;error&quot;,
&quot;ANSIBLE_INVENTORY&quot;: &quot;/dev/null&quot;,
&quot;ANSIBLE_LIBRARY&quot;: &quot;/dev/null&quot;,
&quot;ANSIBLE_PLAYBOOK_DIR&quot;: &quot;/root/ansible_collections/ngine_io/cloudstack/tests/output/.tmp/integration/cs_sshkeypair-rabz41fk-ÅÑŚÌβŁÈ/tests/integration&quot;,
&quot;ANSIBLE_PYTHON_INTERPRETER&quot;: &quot;/set/ansible_python_interpreter/in/inventory&quot;,
&quot;ANSIBLE_PYTHON_MODULE_RLIMIT_NOFILE&quot;: &quot;1024&quot;,
&quot;ANSIBLE_RETRY_FILES_ENABLED&quot;: &quot;false&quot;,
&quot;ANSIBLE_ROLES_PATH&quot;: &quot;/root/ansible_collections/ngine_io/cloudstack/tests/output/.tmp/integration/cs_sshkeypair-rabz41fk-ÅÑŚÌβŁÈ/tests/integration/targets&quot;,
&quot;ANSIBLE_TEST_CI&quot;: &quot;&quot;,
&quot;ANSIBLE_TEST_COVERAGE&quot;: &quot;&quot;,
&quot;ANSIBLE_TEST_PYTHON_INTERPRETER&quot;: &quot;/usr/bin/python3.6&quot;,
&quot;ANSIBLE_TEST_PYTHON_VERSION&quot;: &quot;3.6&quot;,
&quot;ANSIBLE_WORKER_SHUTDOWN_POLL_COUNT&quot;: &quot;100&quot;,
&quot;ANSIBLE_WORKER_SHUTDOWN_POLL_DELAY&quot;: &quot;0.1&quot;,
&quot;CLOUDSTACK_ENDPOINT&quot;: &quot;http://cloudstack-sim:8888/client/api&quot;,
&quot;CLOUDSTACK_KEY&quot;: &quot;s7T2jkUw4lZNJd8d3931KuCDYcSS0TtbFDTZR-DQoL9-3jn_11UqE1LekwGXzPJLx87xF7nU-fi5yZzpDkOpIw&quot;,
&quot;CLOUDSTACK_SECRET&quot;: &quot;-wkrHErJnQdGH2-R0-AkkYMi3RGdA3k4cXjjiUF5MW320xJjkd__yGkAD4SOLIgAYbPTLhWS4PamTdYvXcnJQA&quot;,
&quot;CLOUDSTACK_TIMEOUT&quot;: &quot;60&quot;,
&quot;HOME&quot;: &quot;/root&quot;,
&quot;INVENTORY_PATH&quot;: &quot;/root/ansible_collections/ngine_io/cloudstack/tests/output/.tmp/integration/cs_sshkeypair-rabz41fk-ÅÑŚÌβŁÈ/tests/integration/inventory&quot;,
&quot;JUNIT_OUTPUT_DIR&quot;: &quot;/root/ansible_collections/ngine_io/cloudstack/tests/output/junit&quot;,
&quot;LC_ALL&quot;: &quot;en_US.UTF-8&quot;,
&quot;OUTPUT_DIR&quot;: &quot;/root/ansible_collections/ngine_io/cloudstack/tests/output/.tmp/output_dir&quot;,
&quot;PAGER&quot;: &quot;/bin/cat&quot;,
&quot;PATH&quot;: &quot;/tmp/python-agp8g5gx-ansible:/root/ansible/test/lib/ansible_test/_data/injector:/root/ansible/bin:/usr/local/sbin:/usr/local/bin:/usr/sbin:/usr/bin:/sbin:/bin&quot;,
&quot;PWD&quot;: &quot;/root/ansible_collections/ngine_io/cloudstack/tests/output/.tmp/integration/cs_sshkeypair-rabz41fk-ÅÑŚÌβŁÈ/tests/integration&quot;,
&quot;PYTHONPATH&quot;: &quot;/root/ansible/lib&quot;
},
&quot;ansible_fibre_channel_wwn&quot;: [],
&quot;ansible_fips&quot;: false,
&quot;ansible_form_factor&quot;: &quot;Notebook&quot;,
&quot;ansible_fqdn&quot;: &quot;b3b951583e59&quot;,
&quot;ansible_hostname&quot;: &quot;b3b951583e59&quot;,
&quot;ansible_hostnqn&quot;: &quot;&quot;,
&quot;ansible_is_chroot&quot;: false,
&quot;ansible_iscsi_iqn&quot;: &quot;&quot;,
&quot;ansible_kernel&quot;: &quot;5.8.0-38-generic&quot;,
&quot;ansible_kernel_version&quot;: &quot;#43~20.04.1-Ubuntu SMP Tue Jan 12 16:39:47 UTC 2021&quot;,
&quot;ansible_local&quot;: {},
&quot;ansible_lsb&quot;: {
&quot;codename&quot;: &quot;bionic&quot;,
&quot;description&quot;: &quot;Ubuntu 18.04.5 LTS&quot;,
&quot;id&quot;: &quot;Ubuntu&quot;,
&quot;major_release&quot;: &quot;18&quot;,
&quot;release&quot;: &quot;18.04&quot;
},
&quot;ansible_machine&quot;: &quot;x86_64&quot;,
&quot;ansible_machine_id&quot;: &quot;8bab3c65459e4582b95ca278b459dc10&quot;,
&quot;ansible_memfree_mb&quot;: 480,
&quot;ansible_memory_mb&quot;: {
&quot;nocache&quot;: {
&quot;free&quot;: 3196,
&quot;used&quot;: 8688
},
&quot;real&quot;: {
&quot;free&quot;: 480,
&quot;total&quot;: 11884,
&quot;used&quot;: 11404
},
&quot;swap&quot;: {
&quot;cached&quot;: 61,
&quot;free&quot;: 850,
&quot;total&quot;: 4095,
&quot;used&quot;: 3245
}
},
&quot;ansible_memtotal_mb&quot;: 11884,
&quot;ansible_mounts&quot;: [
{
&quot;block_available&quot;: 669358,
&quot;block_size&quot;: 4096,
&quot;block_total&quot;: 10255672,
&quot;block_used&quot;: 9586314,
&quot;device&quot;: &quot;/dev/mapper/vgubuntu-docker&quot;,
&quot;fstype&quot;: &quot;ext4&quot;,
&quot;inode_available&quot;: 1338964,
&quot;inode_total&quot;: 2621440,
&quot;inode_used&quot;: 1282476,
&quot;mount&quot;: &quot;/run&quot;,
&quot;options&quot;: &quot;rw,relatime,bind&quot;,
&quot;size_available&quot;: 2741690368,
&quot;size_total&quot;: 42007232512,
&quot;uuid&quot;: &quot;N/A&quot;
},
{
&quot;block_available&quot;: 669358,
&quot;block_size&quot;: 4096,
&quot;block_total&quot;: 10255672,
&quot;block_used&quot;: 9586314,
&quot;device&quot;: &quot;/dev/mapper/vgubuntu-docker&quot;,
&quot;fstype&quot;: &quot;ext4&quot;,
&quot;inode_available&quot;: 1338964,
&quot;inode_total&quot;: 2621440,
&quot;inode_used&quot;: 1282476,
&quot;mount&quot;: &quot;/tmp&quot;,
&quot;options&quot;: &quot;rw,relatime,bind&quot;,
&quot;size_available&quot;: 2741690368,
&quot;size_total&quot;: 42007232512,
&quot;uuid&quot;: &quot;N/A&quot;
},
{
&quot;block_available&quot;: 669358,
&quot;block_size&quot;: 4096,
&quot;block_total&quot;: 10255672,
&quot;block_used&quot;: 9586314,
&quot;device&quot;: &quot;/dev/mapper/vgubuntu-docker&quot;,
&quot;fstype&quot;: &quot;ext4&quot;,
&quot;inode_available&quot;: 1338964,
&quot;inode_total&quot;: 2621440,
&quot;inode_used&quot;: 1282476,
&quot;mount&quot;: &quot;/run/lock&quot;,
&quot;options&quot;: &quot;rw,relatime,bind&quot;,
&quot;size_available&quot;: 2741690368,
&quot;size_total&quot;: 42007232512,
&quot;uuid&quot;: &quot;N/A&quot;
},
{
&quot;block_available&quot;: 669358,
&quot;block_size&quot;: 4096,
&quot;block_total&quot;: 10255672,
&quot;block_used&quot;: 9586314,
&quot;device&quot;: &quot;/dev/mapper/vgubuntu-docker&quot;,
&quot;fstype&quot;: &quot;ext4&quot;,
&quot;inode_available&quot;: 1338964,
&quot;inode_total&quot;: 2621440,
&quot;inode_used&quot;: 1282476,
&quot;mount&quot;: &quot;/etc/resolv.conf&quot;,
&quot;options&quot;: &quot;rw,relatime,bind&quot;,
&quot;size_available&quot;: 2741690368,
&quot;size_total&quot;: 42007232512,
&quot;uuid&quot;: &quot;N/A&quot;
},
{
&quot;block_available&quot;: 669358,
&quot;block_size&quot;: 4096,
&quot;block_total&quot;: 10255672,
&quot;block_used&quot;: 9586314,
&quot;device&quot;: &quot;/dev/mapper/vgubuntu-docker&quot;,
&quot;fstype&quot;: &quot;ext4&quot;,
&quot;inode_available&quot;: 1338964,
&quot;inode_total&quot;: 2621440,
&quot;inode_used&quot;: 1282476,
&quot;mount&quot;: &quot;/etc/hostname&quot;,
&quot;options&quot;: &quot;rw,relatime,bind&quot;,
&quot;size_available&quot;: 2741690368,
&quot;size_total&quot;: 42007232512,
&quot;uuid&quot;: &quot;N/A&quot;
},
{
&quot;block_available&quot;: 669358,
&quot;block_size&quot;: 4096,
&quot;block_total&quot;: 10255672,
&quot;block_used&quot;: 9586314,
&quot;device&quot;: &quot;/dev/mapper/vgubuntu-docker&quot;,
&quot;fstype&quot;: &quot;ext4&quot;,
&quot;inode_available&quot;: 1338964,
&quot;inode_total&quot;: 2621440,
&quot;inode_used&quot;: 1282476,
&quot;mount&quot;: &quot;/etc/hosts&quot;,
&quot;options&quot;: &quot;rw,relatime,bind&quot;,
&quot;size_available&quot;: 2741690368,
&quot;size_total&quot;: 42007232512,
&quot;uuid&quot;: &quot;N/A&quot;
}
],
&quot;ansible_nodename&quot;: &quot;b3b951583e59&quot;,
&quot;ansible_os_family&quot;: &quot;Debian&quot;,
&quot;ansible_pkg_mgr&quot;: &quot;apt&quot;,
&quot;ansible_proc_cmdline&quot;: {
&quot;BOOT_IMAGE&quot;: &quot;/vmlinuz-5.8.0-38-generic&quot;,
&quot;quiet&quot;: true,
&quot;ro&quot;: true,
&quot;root&quot;: &quot;/dev/mapper/vgubuntu-root&quot;,
&quot;splash&quot;: true
},
&quot;ansible_processor&quot;: [
&quot;0&quot;,
&quot;GenuineIntel&quot;,
&quot;Intel(R) Core(TM) i7-6500U CPU @ 2.50GHz&quot;,
&quot;1&quot;,
&quot;GenuineIntel&quot;,
&quot;Intel(R) Core(TM) i7-6500U CPU @ 2.50GHz&quot;,
&quot;2&quot;,
&quot;GenuineIntel&quot;,
&quot;Intel(R) Core(TM) i7-6500U CPU @ 2.50GHz&quot;,
&quot;3&quot;,
&quot;GenuineIntel&quot;,
&quot;Intel(R) Core(TM) i7-6500U CPU @ 2.50GHz&quot;
],
&quot;ansible_processor_cores&quot;: 2,
&quot;ansible_processor_count&quot;: 1,
&quot;ansible_processor_nproc&quot;: 4,
&quot;ansible_processor_threads_per_core&quot;: 2,
&quot;ansible_processor_vcpus&quot;: 4,
&quot;ansible_product_name&quot;: &quot;UX303UB&quot;,
&quot;ansible_product_serial&quot;: &quot;G1N0CJ020652033&quot;,
&quot;ansible_product_uuid&quot;: &quot;d4d7f964-52d3-f945-80dc-a9a095694c74&quot;,
&quot;ansible_product_version&quot;: &quot;1.0&quot;,
&quot;ansible_python&quot;: {
&quot;executable&quot;: &quot;/tmp/python-agp8g5gx-ansible/python&quot;,
&quot;has_sslcontext&quot;: true,
&quot;type&quot;: &quot;cpython&quot;,
&quot;version&quot;: {
&quot;major&quot;: 3,
&quot;micro&quot;: 9,
&quot;minor&quot;: 6,
&quot;releaselevel&quot;: &quot;final&quot;,
&quot;serial&quot;: 0
},
&quot;version_info&quot;: [
3,
6,
9,
&quot;final&quot;,
0
]
},
&quot;ansible_python_version&quot;: &quot;3.6.9&quot;,
&quot;ansible_real_group_id&quot;: 0,
&quot;ansible_real_user_id&quot;: 0,
&quot;ansible_selinux&quot;: {
&quot;status&quot;: &quot;Missing selinux Python library&quot;
},
&quot;ansible_selinux_python_present&quot;: false,
&quot;ansible_service_mgr&quot;: &quot;systemd&quot;,
&quot;ansible_ssh_host_key_ecdsa_public&quot;: &quot;AAAAE2VjZHNhLXNoYTItbmlzdHAyNTYAAAAIbmlzdHAyNTYAAABBBKXFFhScxe+xztmWiEzCRrS33+gQnEBnUZEdGfZzV849lAQZRcK0YSCjce3dvMs7rV4FulR1UqA9fSJGtUfCO6A=&quot;,
&quot;ansible_ssh_host_key_ecdsa_public_keytype&quot;: &quot;ecdsa-sha2-nistp256&quot;,
&quot;ansible_ssh_host_key_ed25519_public&quot;: &quot;AAAAC3NzaC1lZDI1NTE5AAAAIDQw7DVlh6zXPucmio1fvrd5X1pTIovmDPBbr9oQ7DsF&quot;,
&quot;ansible_ssh_host_key_ed25519_public_keytype&quot;: &quot;ssh-ed25519&quot;,
&quot;ansible_ssh_host_key_rsa_public&quot;: &quot;AAAAB3NzaC1yc2EAAAADAQABAAABAQDXZrK4B3u/pq7Y+YfaFPr+5QEzcN+JLg/RlYXqQtLPjI3E19pNY27mGlaLm726NDbA4ouPIkqCo9y0Rkqyeaprn8EQO2gCqr06qZ7M3o4jaksHxNqo7uVxeFRQhvt3Q566bj/11uGOy01BlBRHi07G+IO9e02bNn55jR8rZURj4navuEgr0+l4CvuSrIbcEMB/qAYFAW4B1oNrsH4g09kIJxY9d3/JsOGUddOkwHwfP1+YmFAPZFruWXi/WPOnlWdaHtW4LCOdJMbHZxAGKiQtdEpWZBmNIdH2JfcVB9vjBv/WJtOgRpPhJEJIIJU6kZvipGxicPz3kj/nBUqyY4M5&quot;,
&quot;ansible_ssh_host_key_rsa_public_keytype&quot;: &quot;ssh-rsa&quot;,
&quot;ansible_swapfree_mb&quot;: 850,
&quot;ansible_swaptotal_mb&quot;: 4095,
&quot;ansible_system&quot;: &quot;Linux&quot;,
&quot;ansible_system_vendor&quot;: &quot;ASUSTeK COMPUTER INC.&quot;,
&quot;ansible_uptime_seconds&quot;: 261255,
&quot;ansible_user_dir&quot;: &quot;/root&quot;,
&quot;ansible_user_gecos&quot;: &quot;root&quot;,
&quot;ansible_user_gid&quot;: 0,
&quot;ansible_user_id&quot;: &quot;root&quot;,
&quot;ansible_user_shell&quot;: &quot;/bin/bash&quot;,
&quot;ansible_user_uid&quot;: 0,
&quot;ansible_userspace_architecture&quot;: &quot;x86_64&quot;,
&quot;ansible_userspace_bits&quot;: &quot;64&quot;,
&quot;ansible_virtualization_role&quot;: &quot;guest&quot;,
&quot;ansible_virtualization_type&quot;: &quot;docker&quot;,
&quot;gather_subset&quot;: [
&quot;all&quot;
],
&quot;module_setup&quot;: true
},
&quot;changed&quot;: false,
&quot;deprecations&quot;: [],
&quot;warnings&quot;: []
}</system-out>
		</testcase>
		<testcase classname="/root/ansible_collections/ngine_io/cloudstack/tests/output/.tmp/integration/cs_sshkeypair-rabz41fk-ÅÑŚÌβŁÈ/tests/integration/targets/cs_common/tasks/main.yml:2" name="[testhost] testhost: cs_common : wait for system template available name={{ cs_common_template }}, state=absent, cross_zones=True, template_filter=all" time="0.887752">
			<system-out>{
&quot;account&quot;: &quot;system&quot;,
&quot;api_http_method&quot;: &quot;get&quot;,
&quot;api_key&quot;: &quot;s7T2jkUw4lZNJd8d3931KuCDYcSS0TtbFDTZR-DQoL9-3jn_11UqE1LekwGXzPJLx87xF7nU-fi5yZzpDkOpIw&quot;,
&quot;api_region&quot;: &quot;cloudstack&quot;,
&quot;api_timeout&quot;: 60,
&quot;api_url&quot;: &quot;http://cloudstack-sim:8888/client/api&quot;,
&quot;api_verify_ssl_cert&quot;: null,
&quot;attempts&quot;: 1,
&quot;changed&quot;: true,
&quot;checksum&quot;: &quot;&quot;,
&quot;created&quot;: &quot;2021-01-22T10:10:04+0000&quot;,
&quot;cross_zones&quot;: true,
&quot;display_text&quot;: &quot;CentOS 5.6 (64-bit) no GUI (Simulator)&quot;,
&quot;domain&quot;: &quot;ROOT&quot;,
&quot;format&quot;: &quot;VHD&quot;,
&quot;hypervisor&quot;: &quot;Simulator&quot;,
&quot;id&quot;: &quot;882d501c-aa16-11e8-bbe5-0242ac110003&quot;,
&quot;is_extractable&quot;: false,
&quot;is_featured&quot;: true,
&quot;is_public&quot;: true,
&quot;is_ready&quot;: true,
&quot;name&quot;: &quot;CentOS 5.6 (64-bit) no GUI (Simulator)&quot;,
&quot;os_type&quot;: &quot;CentOS 5.6 (64-bit)&quot;,
&quot;password_enabled&quot;: true,
&quot;sshkey_enabled&quot;: false,
&quot;status&quot;: &quot;Download Complete&quot;,
&quot;tags&quot;: [],
&quot;template_type&quot;: &quot;BUILTIN&quot;,
&quot;zone&quot;: &quot;Sandbox-simulator-advanced&quot;
}</system-out>
		</testcase>
		<testcase classname="/root/ansible_collections/ngine_io/cloudstack/tests/output/.tmp/integration/cs_sshkeypair-rabz41fk-ÅÑŚÌβŁÈ/tests/integration/targets/cs_common/tasks/main.yml:14" name="[testhost] testhost: cs_common : smoke test instance name=smoke-test-vm, template={{ cs_common_template }}, service_offering={{ cs_common_service_offering }}, zone={{ cs_common_zone_adv }}" time="0.680199">
			<system-out>{
&quot;account&quot;: &quot;admin&quot;,
&quot;affinity_groups&quot;: [],
&quot;api_http_method&quot;: &quot;get&quot;,
&quot;api_key&quot;: &quot;s7T2jkUw4lZNJd8d3931KuCDYcSS0TtbFDTZR-DQoL9-3jn_11UqE1LekwGXzPJLx87xF7nU-fi5yZzpDkOpIw&quot;,
&quot;api_region&quot;: &quot;cloudstack&quot;,
&quot;api_timeout&quot;: 60,
&quot;api_url&quot;: &quot;http://cloudstack-sim:8888/client/api&quot;,
&quot;api_verify_ssl_cert&quot;: null,
&quot;attempts&quot;: 1,
&quot;changed&quot;: false,
&quot;created&quot;: &quot;2021-01-22T10:10:58+0000&quot;,
&quot;default_ip&quot;: &quot;10.1.1.183&quot;,
&quot;display_name&quot;: &quot;smoke-test-vm&quot;,
&quot;domain&quot;: &quot;ROOT&quot;,
&quot;host&quot;: &quot;SimulatedAgent.434893da-08ab-41b6-a0fc-907c690313fd&quot;,
&quot;hypervisor&quot;: &quot;Simulator&quot;,
&quot;id&quot;: &quot;a28c9abc-38d7-4aed-bbf2-b892273bb5e3&quot;,
&quot;instance_name&quot;: &quot;i-2-5-QA&quot;,
&quot;name&quot;: &quot;smoke-test-vm&quot;,
&quot;password_enabled&quot;: true,
&quot;security_groups&quot;: [],
&quot;service_offering&quot;: &quot;Small Instance&quot;,
&quot;state&quot;: &quot;Running&quot;,
&quot;tags&quot;: [],
&quot;template&quot;: &quot;CentOS 5.6 (64-bit) no GUI (Simulator)&quot;,
&quot;template_display_text&quot;: &quot;CentOS 5.6 (64-bit) no GUI (Simulator)&quot;,
&quot;user_data&quot;: &quot;&quot;,
&quot;zone&quot;: &quot;Sandbox-simulator-advanced&quot;
}</system-out>
		</testcase>
		<testcase classname="/root/ansible_collections/ngine_io/cloudstack/tests/output/.tmp/integration/cs_sshkeypair-rabz41fk-ÅÑŚÌβŁÈ/tests/integration/targets/cs_sshkeypair/tasks/main.yml:2" name="[testhost] testhost: cs_sshkeypair : setup cleanup name={{ item }}, state=absent" time="1.549218">
			<system-out>{
&quot;changed&quot;: false,
&quot;msg&quot;: &quot;All items completed&quot;,
&quot;results&quot;: [
{
&quot;ansible_loop_var&quot;: &quot;item&quot;,
&quot;api_http_method&quot;: &quot;get&quot;,
&quot;api_key&quot;: &quot;s7T2jkUw4lZNJd8d3931KuCDYcSS0TtbFDTZR-DQoL9-3jn_11UqE1LekwGXzPJLx87xF7nU-fi5yZzpDkOpIw&quot;,
&quot;api_region&quot;: &quot;cloudstack&quot;,
&quot;api_timeout&quot;: 60,
&quot;api_url&quot;: &quot;http://cloudstack-sim:8888/client/api&quot;,
&quot;api_verify_ssl_cert&quot;: null,
&quot;changed&quot;: false,
&quot;diff&quot;: {
&quot;after&quot;: {},
&quot;before&quot;: {}
},
&quot;failed&quot;: false,
&quot;invocation&quot;: {
&quot;module_args&quot;: {
&quot;account&quot;: null,
&quot;api_http_method&quot;: null,
&quot;api_key&quot;: &quot;s7T2jkUw4lZNJd8d3931KuCDYcSS0TtbFDTZR-DQoL9-3jn_11UqE1LekwGXzPJLx87xF7nU-fi5yZzpDkOpIw&quot;,
&quot;api_region&quot;: &quot;cloudstack&quot;,
&quot;api_secret&quot;: &quot;-wkrHErJnQdGH2-R0-AkkYMi3RGdA3k4cXjjiUF5MW320xJjkd__yGkAD4SOLIgAYbPTLhWS4PamTdYvXcnJQA&quot;,
&quot;api_timeout&quot;: 60,
&quot;api_url&quot;: &quot;http://cloudstack-sim:8888/client/api&quot;,
&quot;api_verify_ssl_cert&quot;: null,
&quot;domain&quot;: null,
&quot;name&quot;: &quot;first-sshkey&quot;,
&quot;project&quot;: null,
&quot;public_key&quot;: null,
&quot;state&quot;: &quot;absent&quot;
}
},
&quot;item&quot;: &quot;first-sshkey&quot;
},
{
&quot;ansible_loop_var&quot;: &quot;item&quot;,
&quot;api_http_method&quot;: &quot;get&quot;,
&quot;api_key&quot;: &quot;s7T2jkUw4lZNJd8d3931KuCDYcSS0TtbFDTZR-DQoL9-3jn_11UqE1LekwGXzPJLx87xF7nU-fi5yZzpDkOpIw&quot;,
&quot;api_region&quot;: &quot;cloudstack&quot;,
&quot;api_timeout&quot;: 60,
&quot;api_url&quot;: &quot;http://cloudstack-sim:8888/client/api&quot;,
&quot;api_verify_ssl_cert&quot;: null,
&quot;changed&quot;: false,
&quot;diff&quot;: {
&quot;after&quot;: {},
&quot;before&quot;: {}
},
&quot;failed&quot;: false,
&quot;invocation&quot;: {
&quot;module_args&quot;: {
&quot;account&quot;: null,
&quot;api_http_method&quot;: null,
&quot;api_key&quot;: &quot;s7T2jkUw4lZNJd8d3931KuCDYcSS0TtbFDTZR-DQoL9-3jn_11UqE1LekwGXzPJLx87xF7nU-fi5yZzpDkOpIw&quot;,
&quot;api_region&quot;: &quot;cloudstack&quot;,
&quot;api_secret&quot;: &quot;-wkrHErJnQdGH2-R0-AkkYMi3RGdA3k4cXjjiUF5MW320xJjkd__yGkAD4SOLIgAYbPTLhWS4PamTdYvXcnJQA&quot;,
&quot;api_timeout&quot;: 60,
&quot;api_url&quot;: &quot;http://cloudstack-sim:8888/client/api&quot;,
&quot;api_verify_ssl_cert&quot;: null,
&quot;domain&quot;: null,
&quot;name&quot;: &quot;first-sshkey-renamed&quot;,
&quot;project&quot;: null,
&quot;public_key&quot;: null,
&quot;state&quot;: &quot;absent&quot;
}
},
&quot;item&quot;: &quot;first-sshkey-renamed&quot;
},
{
&quot;ansible_loop_var&quot;: &quot;item&quot;,
&quot;api_http_method&quot;: &quot;get&quot;,
&quot;api_key&quot;: &quot;s7T2jkUw4lZNJd8d3931KuCDYcSS0TtbFDTZR-DQoL9-3jn_11UqE1LekwGXzPJLx87xF7nU-fi5yZzpDkOpIw&quot;,
&quot;api_region&quot;: &quot;cloudstack&quot;,
&quot;api_timeout&quot;: 60,
&quot;api_url&quot;: &quot;http://cloudstack-sim:8888/client/api&quot;,
&quot;api_verify_ssl_cert&quot;: null,
&quot;changed&quot;: false,
&quot;diff&quot;: {
&quot;after&quot;: {},
&quot;before&quot;: {}
},
&quot;failed&quot;: false,
&quot;invocation&quot;: {
&quot;module_args&quot;: {
&quot;account&quot;: null,
&quot;api_http_method&quot;: null,
&quot;api_key&quot;: &quot;s7T2jkUw4lZNJd8d3931KuCDYcSS0TtbFDTZR-DQoL9-3jn_11UqE1LekwGXzPJLx87xF7nU-fi5yZzpDkOpIw&quot;,
&quot;api_region&quot;: &quot;cloudstack&quot;,
&quot;api_secret&quot;: &quot;-wkrHErJnQdGH2-R0-AkkYMi3RGdA3k4cXjjiUF5MW320xJjkd__yGkAD4SOLIgAYbPTLhWS4PamTdYvXcnJQA&quot;,
&quot;api_timeout&quot;: 60,
&quot;api_url&quot;: &quot;http://cloudstack-sim:8888/client/api&quot;,
&quot;api_verify_ssl_cert&quot;: null,
&quot;domain&quot;: null,
&quot;name&quot;: &quot;second-sshkey&quot;,
&quot;project&quot;: null,
&quot;public_key&quot;: null,
&quot;state&quot;: &quot;absent&quot;
}
},
&quot;item&quot;: &quot;second-sshkey&quot;
}
]
}</system-out>
		</testcase>
		<testcase classname="/root/ansible_collections/ngine_io/cloudstack/tests/output/.tmp/integration/cs_sshkeypair-rabz41fk-ÅÑŚÌβŁÈ/tests/integration/targets/cs_sshkeypair/tasks/main.yml:11" name="[testhost] testhost: cs_sshkeypair : verify setup cleanup that=['sshkey is success']" time="0.068439">
			<system-out>{
    &quot;changed&quot;: false,
    &quot;msg&quot;: &quot;All assertions passed&quot;
}</system-out>
		</testcase>
		<testcase classname="/root/ansible_collections/ngine_io/cloudstack/tests/output/.tmp/integration/cs_sshkeypair-rabz41fk-ÅÑŚÌβŁÈ/tests/integration/targets/cs_sshkeypair/tasks/main.yml:16" name="[testhost] testhost: cs_sshkeypair : test fail on missing name" time="0.532319">
			<system-out>{
&quot;changed&quot;: false,
&quot;msg&quot;: &quot;missing required arguments: name&quot;
}</system-out>
		</testcase>
		<testcase classname="/root/ansible_collections/ngine_io/cloudstack/tests/output/.tmp/integration/cs_sshkeypair-rabz41fk-ÅÑŚÌβŁÈ/tests/integration/targets/cs_sshkeypair/tasks/main.yml:20" name="[testhost] testhost: cs_sshkeypair : verify results of fail on missing name that=['sshkey is failed', &quot;sshkey.msg == 'missing required arguments: name'&quot;]" time="0.053061">
			<system-out>{
    &quot;changed&quot;: false,
    &quot;msg&quot;: &quot;All assertions passed&quot;
}</system-out>
		</testcase>
		<testcase classname="/root/ansible_collections/ngine_io/cloudstack/tests/output/.tmp/integration/cs_sshkeypair-rabz41fk-ÅÑŚÌβŁÈ/tests/integration/targets/cs_sshkeypair/tasks/main.yml:26" name="[testhost] testhost: cs_sshkeypair : test ssh key creation in check mode name=first-sshkey" time="0.507120">
			<system-out>{
&quot;api_http_method&quot;: &quot;get&quot;,
&quot;api_key&quot;: &quot;s7T2jkUw4lZNJd8d3931KuCDYcSS0TtbFDTZR-DQoL9-3jn_11UqE1LekwGXzPJLx87xF7nU-fi5yZzpDkOpIw&quot;,
&quot;api_region&quot;: &quot;cloudstack&quot;,
&quot;api_timeout&quot;: 60,
&quot;api_url&quot;: &quot;http://cloudstack-sim:8888/client/api&quot;,
&quot;api_verify_ssl_cert&quot;: null,
&quot;changed&quot;: true
}</system-out>
		</testcase>
		<testcase classname="/root/ansible_collections/ngine_io/cloudstack/tests/output/.tmp/integration/cs_sshkeypair-rabz41fk-ÅÑŚÌβŁÈ/tests/integration/targets/cs_sshkeypair/tasks/main.yml:31" name="[testhost] testhost: cs_sshkeypair : verify results of ssh key creation in check mode that=['sshkey is successful', 'sshkey is changed']" time="0.069266">
			<system-out>{
    &quot;changed&quot;: false,
    &quot;msg&quot;: &quot;All assertions passed&quot;
}</system-out>
		</testcase>
		<testcase classname="/root/ansible_collections/ngine_io/cloudstack/tests/output/.tmp/integration/cs_sshkeypair-rabz41fk-ÅÑŚÌβŁÈ/tests/integration/targets/cs_sshkeypair/tasks/main.yml:37" name="[testhost] testhost: cs_sshkeypair : test ssh key creation name=first-sshkey" time="0.795159">
			<system-out>{
&quot;account&quot;: &quot;admin&quot;,
&quot;api_http_method&quot;: &quot;get&quot;,
&quot;api_key&quot;: &quot;s7T2jkUw4lZNJd8d3931KuCDYcSS0TtbFDTZR-DQoL9-3jn_11UqE1LekwGXzPJLx87xF7nU-fi5yZzpDkOpIw&quot;,
&quot;api_region&quot;: &quot;cloudstack&quot;,
&quot;api_timeout&quot;: 60,
&quot;api_url&quot;: &quot;http://cloudstack-sim:8888/client/api&quot;,
&quot;api_verify_ssl_cert&quot;: null,
&quot;changed&quot;: true,
&quot;domain&quot;: &quot;ROOT&quot;,
&quot;fingerprint&quot;: &quot;cc:29:75:e1:de:8f:a8:d1:51:56:62:65:f1:89:69:c8&quot;,
&quot;name&quot;: &quot;first-sshkey&quot;,
&quot;private_key&quot;: &quot;-----BEGIN RSA PRIVATE KEY-----\nMIIEowIBAAKCAQEAiucEyPKbBeZ3j5ai/b4qMqEmH50iI+efLMX99E6SPXZsTmdj\n1A8THbPFeVJl1GV45PXf2nl31VwZVNpqR02ZAnLG13n57BbNBsa8wu1XDgfFpoBU\nKl180nY5UnPaMQr4fs6jLOILibWAfKgMyaSVo6WJTI7kYsv+izk1r+77bjscgKSe\nNmD5vDdILkyz3S7f5FSu6yDyYiLEm90xjmmMOVCyJJl4FJQZTSpq9g5tebaHMD8/\nHuOIVECSkm96G1fVSzgqJgvT92XjhXZfMjtAOuIqKaImgHvzy0LsCvgNp8sQKb0y\nAqnM7qJcn45c4Mog5akeP/WwnFUbPFw9Xf0qewIDAQABAoIBADbFVXuvPjWbZPW3\nnlmTzKveI1w/56Bkyr0q7TKScNPPiHF6D0ElGJKTuoBWX1TbFkqiMTzCvN/iyxJM\nda/cB0OR4ppAvK29Z+cOIoxybetYYTWAUK/L4VZTy9KZYCYKf2XxMSKXl5kbeqis\n0y4HugGnWnZXufLDIYHgcy0GfRo/mNrLF5NR1k0+mxSjfg/k2eZ8uSuI9LeZPH5J\nBbTVoT3Sf8fciQjbEULKXSaoLs5yvIDsYiIYf2Jq8jZOLau+kGNHPm5ooqOamFei\nLs79yTYdgF+f8K98cvKhbVWAzV6/hl8YM4FGAH9xI5n/Zjwez/sK4e6FGxdeSFbA\n/8PoUXECgYEA5+zZxZYW3ySyTa2cVk7+c3dSEuDSGEc/4dXTXVJ2sUDqJXmcnKBC\ntAHIg3NS+PBn9QgNNB+6IJXRWr7mj2J2dgbKm9lAv8QpP6elPPwNPcxFX6jiXj4h\nLFuU8KVYr5jsz7grgsY77kozu4YLJEPkjs+C49vrgv4alJNuUbYHGUUCgYEAmVIx\nabXkIbGktxt63TwOcmBN137ifmgEgdCfiLCSpOMVrY2ufTYa48e7D+YPWPh7BW5D\npV9ixKgK9aOz/W0YLDs3/DRaiEfKTS8BE3WYJOg8UW+lzgK0d4VZ24x5UYBToYUP\nIfTzJuyxVA58nweO2XQNkkku6jDUPGQ+ynX5EL8CgYEApy+C8L84L5VZf0t2VnVN\nUdki7f7pFJ1P/LFSU4SdkTtVTrxy3ClezDo43CFnH5LVrbonInr4hoLZTwwsUhJN\niNludphO5641efCU2fhsZy74l3O78ungqgQ+wpa+7p5Tn42IuBXEoAsXbce8AmF6\nwkPue+lNxbj9WjtJHFgWl+0CgYAkXB+nyCD/9JbxbaznhnSOn1QWhNrFy3k2J/mN\newJr5AaiD/WPcCNUXWt5S7/cA6F5GjsknshXhtqCgn4O3a5b3vdZ8jh+FThesYT5\nzmt0ZTbYwTd68Z1GsvMqY9fpghtTNLDwBp0bYAp1urHHLQ2teB430O81TrsmT0es\nz+lvFQKBgBv4JbTANiqrVmWyfMVqRc+NKqplEZP93HogaOxgLTmGDXMn/5LR1rFH\nRX5cZPRTnkX+0VditqMIbnnImL4WyB+hSLS6E/3gh66WhyMrK+vH3xGWLM/kHdvL\nWVTEgUEHTk7wbOrjKzP+CNjJjRBsftZAVnNQUrVxQRxVXYJxxGhW\n-----END RSA PRIVATE KEY-----\n&quot;
}</system-out>
		</testcase>
		<testcase classname="/root/ansible_collections/ngine_io/cloudstack/tests/output/.tmp/integration/cs_sshkeypair-rabz41fk-ÅÑŚÌβŁÈ/tests/integration/targets/cs_sshkeypair/tasks/main.yml:41" name="[testhost] testhost: cs_sshkeypair : verify results of ssh key creation that=['sshkey is successful', 'sshkey is changed', 'sshkey.fingerprint is defined and sshkey.fingerprint != &quot;&quot;', 'sshkey.private_key is defined and sshkey.private_key != &quot;&quot;', 'sshkey.name == &quot;first-sshkey&quot;']" time="0.044663">
			<system-out>{
    &quot;changed&quot;: false,
    &quot;msg&quot;: &quot;All assertions passed&quot;
}</system-out>
		</testcase>
		<testcase classname="/root/ansible_collections/ngine_io/cloudstack/tests/output/.tmp/integration/cs_sshkeypair-rabz41fk-ÅÑŚÌβŁÈ/tests/integration/targets/cs_sshkeypair/tasks/main.yml:50" name="[testhost] testhost: cs_sshkeypair : test ssh key creation idempotence name=first-sshkey" time="0.385528">
			<system-out>{
&quot;account&quot;: &quot;admin&quot;,
&quot;api_http_method&quot;: &quot;get&quot;,
&quot;api_key&quot;: &quot;s7T2jkUw4lZNJd8d3931KuCDYcSS0TtbFDTZR-DQoL9-3jn_11UqE1LekwGXzPJLx87xF7nU-fi5yZzpDkOpIw&quot;,
&quot;api_region&quot;: &quot;cloudstack&quot;,
&quot;api_timeout&quot;: 60,
&quot;api_url&quot;: &quot;http://cloudstack-sim:8888/client/api&quot;,
&quot;api_verify_ssl_cert&quot;: null,
&quot;changed&quot;: false,
&quot;domain&quot;: &quot;ROOT&quot;,
&quot;fingerprint&quot;: &quot;cc:29:75:e1:de:8f:a8:d1:51:56:62:65:f1:89:69:c8&quot;,
&quot;name&quot;: &quot;first-sshkey&quot;
}</system-out>
		</testcase>
		<testcase classname="/root/ansible_collections/ngine_io/cloudstack/tests/output/.tmp/integration/cs_sshkeypair-rabz41fk-ÅÑŚÌβŁÈ/tests/integration/targets/cs_sshkeypair/tasks/main.yml:54" name="[testhost] testhost: cs_sshkeypair : verify results of ssh key creation idempotence that=['sshkey2 is successful', 'sshkey2 is not changed', 'sshkey2.fingerprint is defined and sshkey2.fingerprint == sshkey.fingerprint', 'sshkey2.private_key is not defined', 'sshkey2.name == &quot;first-sshkey&quot;']" time="0.039966">
			<system-out>{
    &quot;changed&quot;: false,
    &quot;msg&quot;: &quot;All assertions passed&quot;
}</system-out>
		</testcase>
		<testcase classname="/root/ansible_collections/ngine_io/cloudstack/tests/output/.tmp/integration/cs_sshkeypair-rabz41fk-ÅÑŚÌβŁÈ/tests/integration/targets/cs_sshkeypair/tasks/main.yml:63" name="[testhost] testhost: cs_sshkeypair : test replace ssh public key in check mode name=first-sshkey, public_key=ssh-rsa AAAAB3NzaC1yc2EAAAADAQABAAABAQDsTI7KJZ8tz/CwQIrSol41c6s3vzkGYCMI8o7P9Et48UG9eRoGaMaGYaTvBTj/VQrD7cfurI6Bn0HTT3FLK3OHOweyelm9rIiQ2hjkSl+2lIKWHu992GO58E5Gcy9yYW4sHGgGLNZkPBKrrj0w7lhmiHjPtVnf+2+7Ix1WOO2/HXPcAHhsX/AlyItDewIL4mr/BT83vq0202sPCiM2cFQJl+5WGwS1wYYK8d167cspsmdyX7OyAFCUB0vueuqjE8MFqJvyIJR9y8Lj9Ny71pSV5/QWrXUgELxMYOKSby3gHkxcIXgYBMFLl4DipRTO74OWQlRRaOlqXlOOQbikcY4T rene.moser@swisstxt.ch" time="0.399746">
			<system-out>{
&quot;account&quot;: &quot;admin&quot;,
&quot;api_http_method&quot;: &quot;get&quot;,
&quot;api_key&quot;: &quot;s7T2jkUw4lZNJd8d3931KuCDYcSS0TtbFDTZR-DQoL9-3jn_11UqE1LekwGXzPJLx87xF7nU-fi5yZzpDkOpIw&quot;,
&quot;api_region&quot;: &quot;cloudstack&quot;,
&quot;api_timeout&quot;: 60,
&quot;api_url&quot;: &quot;http://cloudstack-sim:8888/client/api&quot;,
&quot;api_verify_ssl_cert&quot;: null,
&quot;changed&quot;: true,
&quot;domain&quot;: &quot;ROOT&quot;,
&quot;fingerprint&quot;: &quot;cc:29:75:e1:de:8f:a8:d1:51:56:62:65:f1:89:69:c8&quot;,
&quot;name&quot;: &quot;first-sshkey&quot;
}</system-out>
		</testcase>
		<testcase classname="/root/ansible_collections/ngine_io/cloudstack/tests/output/.tmp/integration/cs_sshkeypair-rabz41fk-ÅÑŚÌβŁÈ/tests/integration/targets/cs_sshkeypair/tasks/main.yml:69" name="[testhost] testhost: cs_sshkeypair : verify results of replace ssh public key in check mode that=['sshkey2 is successful', 'sshkey2 is changed', 'sshkey2.fingerprint is defined and sshkey2.fingerprint == sshkey.fingerprint', 'sshkey2.private_key is not defined', 'sshkey2.name == &quot;first-sshkey&quot;']" time="0.042729">
			<system-out>{
    &quot;changed&quot;: false,
    &quot;msg&quot;: &quot;All assertions passed&quot;
}</system-out>
		</testcase>
		<testcase classname="/root/ansible_collections/ngine_io/cloudstack/tests/output/.tmp/integration/cs_sshkeypair-rabz41fk-ÅÑŚÌβŁÈ/tests/integration/targets/cs_sshkeypair/tasks/main.yml:78" name="[testhost] testhost: cs_sshkeypair : test replace ssh public key name=first-sshkey, public_key=ssh-rsa AAAAB3NzaC1yc2EAAAADAQABAAABAQDsTI7KJZ8tz/CwQIrSol41c6s3vzkGYCMI8o7P9Et48UG9eRoGaMaGYaTvBTj/VQrD7cfurI6Bn0HTT3FLK3OHOweyelm9rIiQ2hjkSl+2lIKWHu992GO58E5Gcy9yYW4sHGgGLNZkPBKrrj0w7lhmiHjPtVnf+2+7Ix1WOO2/HXPcAHhsX/AlyItDewIL4mr/BT83vq0202sPCiM2cFQJl+5WGwS1wYYK8d167cspsmdyX7OyAFCUB0vueuqjE8MFqJvyIJR9y8Lj9Ny71pSV5/QWrXUgELxMYOKSby3gHkxcIXgYBMFLl4DipRTO74OWQlRRaOlqXlOOQbikcY4T rene.moser@swisstxt.ch" time="0.477637">
			<system-out>{
&quot;account&quot;: &quot;admin&quot;,
&quot;api_http_method&quot;: &quot;get&quot;,
&quot;api_key&quot;: &quot;s7T2jkUw4lZNJd8d3931KuCDYcSS0TtbFDTZR-DQoL9-3jn_11UqE1LekwGXzPJLx87xF7nU-fi5yZzpDkOpIw&quot;,
&quot;api_region&quot;: &quot;cloudstack&quot;,
&quot;api_timeout&quot;: 60,
&quot;api_url&quot;: &quot;http://cloudstack-sim:8888/client/api&quot;,
&quot;api_verify_ssl_cert&quot;: null,
&quot;changed&quot;: true,
&quot;domain&quot;: &quot;ROOT&quot;,
&quot;fingerprint&quot;: &quot;d9:82:e9:77:f5:d1:06:6a:d7:e2:67:e8:ed:a2:b8:10&quot;,
&quot;name&quot;: &quot;first-sshkey&quot;
}</system-out>
		</testcase>
		<testcase classname="/root/ansible_collections/ngine_io/cloudstack/tests/output/.tmp/integration/cs_sshkeypair-rabz41fk-ÅÑŚÌβŁÈ/tests/integration/targets/cs_sshkeypair/tasks/main.yml:83" name="[testhost] testhost: cs_sshkeypair : verify results of replace ssh public key that=['sshkey3 is changed', 'sshkey3.fingerprint is defined and sshkey3.fingerprint != sshkey2.fingerprint', 'sshkey3.private_key is not defined', 'sshkey3.name == &quot;first-sshkey&quot;']" time="0.040704">
			<system-out>{
    &quot;changed&quot;: false,
    &quot;msg&quot;: &quot;All assertions passed&quot;
}</system-out>
		</testcase>
		<testcase classname="/root/ansible_collections/ngine_io/cloudstack/tests/output/.tmp/integration/cs_sshkeypair-rabz41fk-ÅÑŚÌβŁÈ/tests/integration/targets/cs_sshkeypair/tasks/main.yml:91" name="[testhost] testhost: cs_sshkeypair : test replace ssh public key idempotence name=first-sshkey, public_key=ssh-rsa AAAAB3NzaC1yc2EAAAADAQABAAABAQDsTI7KJZ8tz/CwQIrSol41c6s3vzkGYCMI8o7P9Et48UG9eRoGaMaGYaTvBTj/VQrD7cfurI6Bn0HTT3FLK3OHOweyelm9rIiQ2hjkSl+2lIKWHu992GO58E5Gcy9yYW4sHGgGLNZkPBKrrj0w7lhmiHjPtVnf+2+7Ix1WOO2/HXPcAHhsX/AlyItDewIL4mr/BT83vq0202sPCiM2cFQJl+5WGwS1wYYK8d167cspsmdyX7OyAFCUB0vueuqjE8MFqJvyIJR9y8Lj9Ny71pSV5/QWrXUgELxMYOKSby3gHkxcIXgYBMFLl4DipRTO74OWQlRRaOlqXlOOQbikcY4T rene.moser@swisstxt.ch" time="0.435343">
			<system-out>{
&quot;account&quot;: &quot;admin&quot;,
&quot;api_http_method&quot;: &quot;get&quot;,
&quot;api_key&quot;: &quot;s7T2jkUw4lZNJd8d3931KuCDYcSS0TtbFDTZR-DQoL9-3jn_11UqE1LekwGXzPJLx87xF7nU-fi5yZzpDkOpIw&quot;,
&quot;api_region&quot;: &quot;cloudstack&quot;,
&quot;api_timeout&quot;: 60,
&quot;api_url&quot;: &quot;http://cloudstack-sim:8888/client/api&quot;,
&quot;api_verify_ssl_cert&quot;: null,
&quot;changed&quot;: false,
&quot;domain&quot;: &quot;ROOT&quot;,
&quot;fingerprint&quot;: &quot;d9:82:e9:77:f5:d1:06:6a:d7:e2:67:e8:ed:a2:b8:10&quot;,
&quot;name&quot;: &quot;first-sshkey&quot;
}</system-out>
		</testcase>
		<testcase classname="/root/ansible_collections/ngine_io/cloudstack/tests/output/.tmp/integration/cs_sshkeypair-rabz41fk-ÅÑŚÌβŁÈ/tests/integration/targets/cs_sshkeypair/tasks/main.yml:96" name="[testhost] testhost: cs_sshkeypair : verify results of ssh public key idempotence that=['sshkey4 is not changed', 'sshkey4.fingerprint is defined and sshkey4.fingerprint == sshkey3.fingerprint', 'sshkey4.private_key is not defined', 'sshkey4.name == &quot;first-sshkey&quot;']" time="0.040220">
			<system-out>{
    &quot;changed&quot;: false,
    &quot;msg&quot;: &quot;All assertions passed&quot;
}</system-out>
		</testcase>
		<testcase classname="/root/ansible_collections/ngine_io/cloudstack/tests/output/.tmp/integration/cs_sshkeypair-rabz41fk-ÅÑŚÌβŁÈ/tests/integration/targets/cs_sshkeypair/tasks/main.yml:104" name="[testhost] testhost: cs_sshkeypair : test rename ssh key in check mode name=first-sshkey-renamed, public_key=ssh-rsa AAAAB3NzaC1yc2EAAAADAQABAAABAQDsTI7KJZ8tz/CwQIrSol41c6s3vzkGYCMI8o7P9Et48UG9eRoGaMaGYaTvBTj/VQrD7cfurI6Bn0HTT3FLK3OHOweyelm9rIiQ2hjkSl+2lIKWHu992GO58E5Gcy9yYW4sHGgGLNZkPBKrrj0w7lhmiHjPtVnf+2+7Ix1WOO2/HXPcAHhsX/AlyItDewIL4mr/BT83vq0202sPCiM2cFQJl+5WGwS1wYYK8d167cspsmdyX7OyAFCUB0vueuqjE8MFqJvyIJR9y8Lj9Ny71pSV5/QWrXUgELxMYOKSby3gHkxcIXgYBMFLl4DipRTO74OWQlRRaOlqXlOOQbikcY4T rene.moser@swisstxt.ch" time="0.432784">
			<system-out>{
&quot;account&quot;: &quot;admin&quot;,
&quot;api_http_method&quot;: &quot;get&quot;,
&quot;api_key&quot;: &quot;s7T2jkUw4lZNJd8d3931KuCDYcSS0TtbFDTZR-DQoL9-3jn_11UqE1LekwGXzPJLx87xF7nU-fi5yZzpDkOpIw&quot;,
&quot;api_region&quot;: &quot;cloudstack&quot;,
&quot;api_timeout&quot;: 60,
&quot;api_url&quot;: &quot;http://cloudstack-sim:8888/client/api&quot;,
&quot;api_verify_ssl_cert&quot;: null,
&quot;changed&quot;: true,
&quot;domain&quot;: &quot;ROOT&quot;,
&quot;fingerprint&quot;: &quot;d9:82:e9:77:f5:d1:06:6a:d7:e2:67:e8:ed:a2:b8:10&quot;,
&quot;name&quot;: &quot;first-sshkey&quot;
}</system-out>
		</testcase>
		<testcase classname="/root/ansible_collections/ngine_io/cloudstack/tests/output/.tmp/integration/cs_sshkeypair-rabz41fk-ÅÑŚÌβŁÈ/tests/integration/targets/cs_sshkeypair/tasks/main.yml:110" name="[testhost] testhost: cs_sshkeypair : verify test rename ssh key in check mode that=['sshkey4 is changed', 'sshkey4.fingerprint is defined and sshkey4.fingerprint == sshkey3.fingerprint', 'sshkey4.private_key is not defined', 'sshkey4.name == &quot;first-sshkey&quot;']" time="0.040395">
			<system-out>{
    &quot;changed&quot;: false,
    &quot;msg&quot;: &quot;All assertions passed&quot;
}</system-out>
		</testcase>
		<testcase classname="/root/ansible_collections/ngine_io/cloudstack/tests/output/.tmp/integration/cs_sshkeypair-rabz41fk-ÅÑŚÌβŁÈ/tests/integration/targets/cs_sshkeypair/tasks/main.yml:118" name="[testhost] testhost: cs_sshkeypair : test rename ssh key name=first-sshkey-renamed, public_key=ssh-rsa AAAAB3NzaC1yc2EAAAADAQABAAABAQDsTI7KJZ8tz/CwQIrSol41c6s3vzkGYCMI8o7P9Et48UG9eRoGaMaGYaTvBTj/VQrD7cfurI6Bn0HTT3FLK3OHOweyelm9rIiQ2hjkSl+2lIKWHu992GO58E5Gcy9yYW4sHGgGLNZkPBKrrj0w7lhmiHjPtVnf+2+7Ix1WOO2/HXPcAHhsX/AlyItDewIL4mr/BT83vq0202sPCiM2cFQJl+5WGwS1wYYK8d167cspsmdyX7OyAFCUB0vueuqjE8MFqJvyIJR9y8Lj9Ny71pSV5/QWrXUgELxMYOKSby3gHkxcIXgYBMFLl4DipRTO74OWQlRRaOlqXlOOQbikcY4T rene.moser@swisstxt.ch" time="0.569543">
			<system-out>{
&quot;account&quot;: &quot;admin&quot;,
&quot;api_http_method&quot;: &quot;get&quot;,
&quot;api_key&quot;: &quot;s7T2jkUw4lZNJd8d3931KuCDYcSS0TtbFDTZR-DQoL9-3jn_11UqE1LekwGXzPJLx87xF7nU-fi5yZzpDkOpIw&quot;,
&quot;api_region&quot;: &quot;cloudstack&quot;,
&quot;api_timeout&quot;: 60,
&quot;api_url&quot;: &quot;http://cloudstack-sim:8888/client/api&quot;,
&quot;api_verify_ssl_cert&quot;: null,
&quot;changed&quot;: true,
&quot;domain&quot;: &quot;ROOT&quot;,
&quot;fingerprint&quot;: &quot;d9:82:e9:77:f5:d1:06:6a:d7:e2:67:e8:ed:a2:b8:10&quot;,
&quot;name&quot;: &quot;first-sshkey-renamed&quot;
}</system-out>
		</testcase>
		<testcase classname="/root/ansible_collections/ngine_io/cloudstack/tests/output/.tmp/integration/cs_sshkeypair-rabz41fk-ÅÑŚÌβŁÈ/tests/integration/targets/cs_sshkeypair/tasks/main.yml:123" name="[testhost] testhost: cs_sshkeypair : verify test rename ssh key that=['sshkey4 is changed', 'sshkey4.fingerprint is defined and sshkey4.fingerprint == sshkey3.fingerprint', 'sshkey4.private_key is not defined', 'sshkey4.name == &quot;first-sshkey-renamed&quot;']" time="0.051244">
			<system-out>{
    &quot;changed&quot;: false,
    &quot;msg&quot;: &quot;All assertions passed&quot;
}</system-out>
		</testcase>
		<testcase classname="/root/ansible_collections/ngine_io/cloudstack/tests/output/.tmp/integration/cs_sshkeypair-rabz41fk-ÅÑŚÌβŁÈ/tests/integration/targets/cs_sshkeypair/tasks/main.yml:131" name="[testhost] testhost: cs_sshkeypair : test rename ssh key idempotence name=first-sshkey-renamed, public_key=ssh-rsa AAAAB3NzaC1yc2EAAAADAQABAAABAQDsTI7KJZ8tz/CwQIrSol41c6s3vzkGYCMI8o7P9Et48UG9eRoGaMaGYaTvBTj/VQrD7cfurI6Bn0HTT3FLK3OHOweyelm9rIiQ2hjkSl+2lIKWHu992GO58E5Gcy9yYW4sHGgGLNZkPBKrrj0w7lhmiHjPtVnf+2+7Ix1WOO2/HXPcAHhsX/AlyItDewIL4mr/BT83vq0202sPCiM2cFQJl+5WGwS1wYYK8d167cspsmdyX7OyAFCUB0vueuqjE8MFqJvyIJR9y8Lj9Ny71pSV5/QWrXUgELxMYOKSby3gHkxcIXgYBMFLl4DipRTO74OWQlRRaOlqXlOOQbikcY4T rene.moser@swisstxt.ch" time="0.719961">
			<system-out>{
&quot;account&quot;: &quot;admin&quot;,
&quot;api_http_method&quot;: &quot;get&quot;,
&quot;api_key&quot;: &quot;s7T2jkUw4lZNJd8d3931KuCDYcSS0TtbFDTZR-DQoL9-3jn_11UqE1LekwGXzPJLx87xF7nU-fi5yZzpDkOpIw&quot;,
&quot;api_region&quot;: &quot;cloudstack&quot;,
&quot;api_timeout&quot;: 60,
&quot;api_url&quot;: &quot;http://cloudstack-sim:8888/client/api&quot;,
&quot;api_verify_ssl_cert&quot;: null,
&quot;changed&quot;: false,
&quot;domain&quot;: &quot;ROOT&quot;,
&quot;fingerprint&quot;: &quot;d9:82:e9:77:f5:d1:06:6a:d7:e2:67:e8:ed:a2:b8:10&quot;,
&quot;name&quot;: &quot;first-sshkey-renamed&quot;
}</system-out>
		</testcase>
		<testcase classname="/root/ansible_collections/ngine_io/cloudstack/tests/output/.tmp/integration/cs_sshkeypair-rabz41fk-ÅÑŚÌβŁÈ/tests/integration/targets/cs_sshkeypair/tasks/main.yml:136" name="[testhost] testhost: cs_sshkeypair : verify test rename ssh key idempotence that=['sshkey4 is not changed', 'sshkey4.fingerprint is defined and sshkey4.fingerprint == sshkey3.fingerprint', 'sshkey4.private_key is not defined', 'sshkey4.name == &quot;first-sshkey-renamed&quot;']" time="0.078373">
			<system-out>{
    &quot;changed&quot;: false,
    &quot;msg&quot;: &quot;All assertions passed&quot;
}</system-out>
		</testcase>
		<testcase classname="/root/ansible_collections/ngine_io/cloudstack/tests/output/.tmp/integration/cs_sshkeypair-rabz41fk-ÅÑŚÌβŁÈ/tests/integration/targets/cs_sshkeypair/tasks/main.yml:144" name="[testhost] testhost: cs_sshkeypair : setup ssh key with name &quot;second-sshkey&quot; name=second-sshkey" time="0.618074">
			<system-out>{
&quot;account&quot;: &quot;admin&quot;,
&quot;api_http_method&quot;: &quot;get&quot;,
&quot;api_key&quot;: &quot;s7T2jkUw4lZNJd8d3931KuCDYcSS0TtbFDTZR-DQoL9-3jn_11UqE1LekwGXzPJLx87xF7nU-fi5yZzpDkOpIw&quot;,
&quot;api_region&quot;: &quot;cloudstack&quot;,
&quot;api_timeout&quot;: 60,
&quot;api_url&quot;: &quot;http://cloudstack-sim:8888/client/api&quot;,
&quot;api_verify_ssl_cert&quot;: null,
&quot;changed&quot;: true,
&quot;domain&quot;: &quot;ROOT&quot;,
&quot;fingerprint&quot;: &quot;df:87:1c:04:77:5f:6a:0d:cb:a0:74:a0:ac:d5:8c:fc&quot;,
&quot;name&quot;: &quot;second-sshkey&quot;,
&quot;private_key&quot;: &quot;-----BEGIN RSA PRIVATE KEY-----\nMIIEowIBAAKCAQEAt6CauAAIkd5rezTBlM2mnnKBtvVcYuvyEzdssytQ+6faz31W\niN1/xw0N1jMAbbhf/KSHGZxYsEULuVMVKNOTHTJUf5CR0Y8NTuRHmAPrY5XDkuHC\nnpuVK44BFqvqpXl7os+XivGEeKx+FWRNakKUI627zpw1hD783kA3VHWkvcYb6l3f\nue7rF71LV6ZZbOZqMoOoHaib+0NRuCQ7cnMnndhhZvf+wRZab5A6R5mvuY5d4pia\nh1YxeYU39xeJ0QXSpLZ2j9IkkFxtitx5hLsbUd5oZCxyo7ZHNh7M6ZCLai6wdPtu\n2vH2C29NNj1UE3gjS4PZWyTju1bKQfrXexjCMwIDAQABAoIBAAsqX94KWnsMLDrs\npUy4CIaf7dVDLB/zut+CQkDOxHjY5www0d82oLtoxsuchE0npeaF1pUvFZF6UVEu\nhR3bZ5mh4tNy5fr5GNUQOm465shCZgb7ZUshqLtiQhyvzW/MaEEpIEzZjLWNv4jr\ndW2dqMZWnRHeG77z2YpmGzcuhBrp42w+7jyPP1dkUcjB1U3hsNDrixtnv0rsSAAb\nE28Execy8S5ISGpjKt0R7pwVOOKfv3qPBcz9ZDr3JndyTFPV8EYHUCUwKA9W4XaA\ndjwqAme96CvMP2ufeSzKNCSb8wx75eIy632Gx5Hh/AnsTSi6bkUvDZBUw228I51P\nCREgWekCgYEA8IRDkyiEhIRO3vFhd85IRlickQCuF3LmijRvb/5W/sij9xMjA2Xi\nssntNmYleCJaEyfxwExcwvWgiamWURhnNVNaVF6y7zFLGl3wDyay5jJwsbPyj9Qm\nEc0fZpVFpV/00w+1kTkE4YpRFdsgqle4FqnWOzjX8wYFMjPo86BDZX8CgYEAw3LM\nurWuPtV+JrF0m75q1Ls8l9ryw5L9UoHGK1vxL/ciRmcCnMAmqX6n2pKkJJXQhOlj\nDiLfJJ2APp0dRvlbectxtRQhP43GTeIWciocFersd24YZwbhrdhNhV6hIcGSr7bO\np5PGl/aDyUDAV/PsT7lMTxfO6kCOeM4bwk+IRU0CgYABZQLvS4DZM9sxN70U8MFC\nhykBPjvELwpfKsaqo5Llj0xEFnxRfLm/x6P0eMsm0ywqiETClK7FAp+XrMAOYFHY\n4U7YxmPLN0H0OS83J0ZKR2iX3y883kIKQGI6OgtZViEZSDIJUYdRt3eY5NhfpHqQ\nxxNS7JVz90j4bYygPQGnCQKBgGloc5PKwjOvDn8tu3b3hkQ+ytoXQlBJ6QdjaA4g\nYv58aWbQzW7ejrtgzIQsDAyTI8da24pXMkNcEjsynwSVHUmdeDCxr5DIFIgShAqE\nPWtwrKFopg6Cfpo0ivJ/66T58fOEQwXLxBJW6BJVMqb8rZj9lXMeowBhWrU6a2wr\nWpINAoGBAOxJpgVEr7jVhhnuxcuSt0fmY9b4e4XQoWKPp6d8Y4qLm2MgYW96AMfR\nk4xRk+uYp3hhDgKJxzF+8Qh6vo40nTXfmGw/qZVzIPlF9lwCAvdHOefLkgzf32BN\nJM/dmvOo8/1zY/iHhXAbglD+5qRXYg1oPzt2he43IYtPO2CvdgBo\n-----END RSA PRIVATE KEY-----\n&quot;
}</system-out>
		</testcase>
		<testcase classname="/root/ansible_collections/ngine_io/cloudstack/tests/output/.tmp/integration/cs_sshkeypair-rabz41fk-ÅÑŚÌβŁÈ/tests/integration/targets/cs_sshkeypair/tasks/main.yml:148" name="[testhost] testhost: cs_sshkeypair : test different but exisitng name but same ssh public key as first-sshkey name=second-sshkey, public_key=ssh-rsa AAAAB3NzaC1yc2EAAAADAQABAAABAQDsTI7KJZ8tz/CwQIrSol41c6s3vzkGYCMI8o7P9Et48UG9eRoGaMaGYaTvBTj/VQrD7cfurI6Bn0HTT3FLK3OHOweyelm9rIiQ2hjkSl+2lIKWHu992GO58E5Gcy9yYW4sHGgGLNZkPBKrrj0w7lhmiHjPtVnf+2+7Ix1WOO2/HXPcAHhsX/AlyItDewIL4mr/BT83vq0202sPCiM2cFQJl+5WGwS1wYYK8d167cspsmdyX7OyAFCUB0vueuqjE8MFqJvyIJR9y8Lj9Ny71pSV5/QWrXUgELxMYOKSby3gHkxcIXgYBMFLl4DipRTO74OWQlRRaOlqXlOOQbikcY4T rene.moser@swisstxt.ch" time="0.515424">
			<system-out>{
&quot;account&quot;: &quot;admin&quot;,
&quot;api_http_method&quot;: &quot;get&quot;,
&quot;api_key&quot;: &quot;s7T2jkUw4lZNJd8d3931KuCDYcSS0TtbFDTZR-DQoL9-3jn_11UqE1LekwGXzPJLx87xF7nU-fi5yZzpDkOpIw&quot;,
&quot;api_region&quot;: &quot;cloudstack&quot;,
&quot;api_timeout&quot;: 60,
&quot;api_url&quot;: &quot;http://cloudstack-sim:8888/client/api&quot;,
&quot;api_verify_ssl_cert&quot;: null,
&quot;changed&quot;: true,
&quot;domain&quot;: &quot;ROOT&quot;,
&quot;fingerprint&quot;: &quot;d9:82:e9:77:f5:d1:06:6a:d7:e2:67:e8:ed:a2:b8:10&quot;,
&quot;name&quot;: &quot;second-sshkey&quot;
}</system-out>
		</testcase>
		<testcase classname="/root/ansible_collections/ngine_io/cloudstack/tests/output/.tmp/integration/cs_sshkeypair-rabz41fk-ÅÑŚÌβŁÈ/tests/integration/targets/cs_sshkeypair/tasks/main.yml:153" name="[testhost] testhost: cs_sshkeypair : verify test different but exisitng name but same ssh public key as first-sshkey that=['sshkey is changed', 'sshkey.fingerprint is defined and sshkey.fingerprint == sshkey4.fingerprint', 'sshkey.private_key is not defined', 'sshkey.name == &quot;second-sshkey&quot;']" time="0.048783">
			<system-out>{
    &quot;changed&quot;: false,
    &quot;msg&quot;: &quot;All assertions passed&quot;
}</system-out>
		</testcase>
		<testcase classname="/root/ansible_collections/ngine_io/cloudstack/tests/output/.tmp/integration/cs_sshkeypair-rabz41fk-ÅÑŚÌβŁÈ/tests/integration/targets/cs_sshkeypair/tasks/main.yml:161" name="[testhost] testhost: cs_sshkeypair : test ssh key absent in check mode name=second-sshkey, state=absent" time="0.458178">
			<system-out>{
&quot;account&quot;: &quot;admin&quot;,
&quot;api_http_method&quot;: &quot;get&quot;,
&quot;api_key&quot;: &quot;s7T2jkUw4lZNJd8d3931KuCDYcSS0TtbFDTZR-DQoL9-3jn_11UqE1LekwGXzPJLx87xF7nU-fi5yZzpDkOpIw&quot;,
&quot;api_region&quot;: &quot;cloudstack&quot;,
&quot;api_timeout&quot;: 60,
&quot;api_url&quot;: &quot;http://cloudstack-sim:8888/client/api&quot;,
&quot;api_verify_ssl_cert&quot;: null,
&quot;changed&quot;: true,
&quot;domain&quot;: &quot;ROOT&quot;,
&quot;fingerprint&quot;: &quot;d9:82:e9:77:f5:d1:06:6a:d7:e2:67:e8:ed:a2:b8:10&quot;,
&quot;name&quot;: &quot;second-sshkey&quot;
}</system-out>
		</testcase>
		<testcase classname="/root/ansible_collections/ngine_io/cloudstack/tests/output/.tmp/integration/cs_sshkeypair-rabz41fk-ÅÑŚÌβŁÈ/tests/integration/targets/cs_sshkeypair/tasks/main.yml:165" name="[testhost] testhost: cs_sshkeypair : verify result of key absent in check mode that=['sshkey5 is changed', 'sshkey5.fingerprint is defined and sshkey5.fingerprint == sshkey3.fingerprint', 'sshkey5.private_key is not defined', 'sshkey5.name == &quot;second-sshkey&quot;']" time="0.042910">
			<system-out>{
    &quot;changed&quot;: false,
    &quot;msg&quot;: &quot;All assertions passed&quot;
}</system-out>
		</testcase>
		<testcase classname="/root/ansible_collections/ngine_io/cloudstack/tests/output/.tmp/integration/cs_sshkeypair-rabz41fk-ÅÑŚÌβŁÈ/tests/integration/targets/cs_sshkeypair/tasks/main.yml:173" name="[testhost] testhost: cs_sshkeypair : test ssh key absent name=second-sshkey, state=absent" time="0.621072">
			<system-out>{
&quot;account&quot;: &quot;admin&quot;,
&quot;api_http_method&quot;: &quot;get&quot;,
&quot;api_key&quot;: &quot;s7T2jkUw4lZNJd8d3931KuCDYcSS0TtbFDTZR-DQoL9-3jn_11UqE1LekwGXzPJLx87xF7nU-fi5yZzpDkOpIw&quot;,
&quot;api_region&quot;: &quot;cloudstack&quot;,
&quot;api_timeout&quot;: 60,
&quot;api_url&quot;: &quot;http://cloudstack-sim:8888/client/api&quot;,
&quot;api_verify_ssl_cert&quot;: null,
&quot;changed&quot;: true,
&quot;domain&quot;: &quot;ROOT&quot;,
&quot;fingerprint&quot;: &quot;d9:82:e9:77:f5:d1:06:6a:d7:e2:67:e8:ed:a2:b8:10&quot;,
&quot;name&quot;: &quot;second-sshkey&quot;
}</system-out>
		</testcase>
		<testcase classname="/root/ansible_collections/ngine_io/cloudstack/tests/output/.tmp/integration/cs_sshkeypair-rabz41fk-ÅÑŚÌβŁÈ/tests/integration/targets/cs_sshkeypair/tasks/main.yml:178" name="[testhost] testhost: cs_sshkeypair : verify result of key absent that=['sshkey5 is changed', 'sshkey5.fingerprint is defined and sshkey5.fingerprint == sshkey3.fingerprint', 'sshkey5.private_key is not defined', 'sshkey5.name == &quot;second-sshkey&quot;']" time="0.087854">
			<system-out>{
    &quot;changed&quot;: false,
    &quot;msg&quot;: &quot;All assertions passed&quot;
}</system-out>
		</testcase>
		<testcase classname="/root/ansible_collections/ngine_io/cloudstack/tests/output/.tmp/integration/cs_sshkeypair-rabz41fk-ÅÑŚÌβŁÈ/tests/integration/targets/cs_sshkeypair/tasks/main.yml:186" name="[testhost] testhost: cs_sshkeypair : test ssh key absent idempotence name=second-sshkey, state=absent" time="0.611121">
			<system-out>{
&quot;api_http_method&quot;: &quot;get&quot;,
&quot;api_key&quot;: &quot;s7T2jkUw4lZNJd8d3931KuCDYcSS0TtbFDTZR-DQoL9-3jn_11UqE1LekwGXzPJLx87xF7nU-fi5yZzpDkOpIw&quot;,
&quot;api_region&quot;: &quot;cloudstack&quot;,
&quot;api_timeout&quot;: 60,
&quot;api_url&quot;: &quot;http://cloudstack-sim:8888/client/api&quot;,
&quot;api_verify_ssl_cert&quot;: null,
&quot;changed&quot;: false
}</system-out>
		</testcase>
		<testcase classname="/root/ansible_collections/ngine_io/cloudstack/tests/output/.tmp/integration/cs_sshkeypair-rabz41fk-ÅÑŚÌβŁÈ/tests/integration/targets/cs_sshkeypair/tasks/main.yml:191" name="[testhost] testhost: cs_sshkeypair : verify result of ssh key absent idempotence that=['sshkey6 is not changed', 'sshkey6.fingerprint is not defined', 'sshkey6.private_key is not defined', 'sshkey6.name is not defined']" time="0.077656">
			<system-out>{
    &quot;changed&quot;: false,
    &quot;msg&quot;: &quot;All assertions passed&quot;
}</system-out>
		</testcase>
	</testsuite>
</testsuites>
