<?xml version="1.0" ?>
<testsuites disabled="0" errors="0" failures="0" tests="1" time="0.016644716262817383">
	<testsuite disabled="0" errors="0" failures="0" name="teardown" skipped="0" tests="1" time="0.016644716262817383">
		<testcase classname="/root/ansible_collections/ngine_io/cloudstack/tests/output/.tmp/integration/inventory_cloudstack-c6g4_9f9-ÅÑŚÌβŁÈ/tests/integration/targets/inventory_cloudstack/playbooks/teardown.yml:6" name="[127.0.0.1] 127.0.0.1: debug msg=TEARDOWN" time="0.016645">
			<system-out>{
    &quot;changed&quot;: false,
    &quot;msg&quot;: &quot;TEARDOWN&quot;
}</system-out>
		</testcase>
	</testsuite>
</testsuites>
